<?xml version="1.0" encoding="UTF-8"?>
<coverage generated="1524606501241" clover="3.2.0">
  <project timestamp="1524606501242" name="All files">
    <metrics statements="339" coveredstatements="271" conditionals="171" coveredconditionals="96" methods="126" coveredmethods="86" elements="636" coveredelements="453" complexity="0" loc="339" ncloc="339" packages="25" files="85" classes="85">
      <package name="app">
        <metrics statements="22" coveredstatements="22" conditionals="14" coveredconditionals="13" methods="4" coveredmethods="4"/>
        <file name="configureStore.js" path="/Users/seunghunlee/Clients/Seunghun/simplesurance/app/configureStore.js">
          <metrics statements="12" coveredstatements="12" conditionals="8" coveredconditionals="7" methods="1" coveredmethods="1"/>
          <line num="11" count="7" type="stmt"/>
          <line num="17" count="40" type="stmt"/>
          <line num="22" count="40" type="cond" truecount="1" falsecount="1"/>
          <line num="23" count="40" type="stmt"/>
          <line num="24" count="40" type="stmt"/>
          <line num="27" count="40" type="stmt"/>
          <line num="34" count="40" type="cond" truecount="5" falsecount="0"/>
          <line num="45" count="40" type="stmt"/>
          <line num="52" count="40" type="stmt"/>
          <line num="53" count="40" type="stmt"/>
          <line num="54" count="40" type="stmt"/>
          <line num="64" count="40" type="stmt"/>
        </file>
        <file name="i18n.js" path="/Users/seunghunlee/Clients/Seunghun/simplesurance/app/i18n.js">
          <metrics statements="9" coveredstatements="9" conditionals="6" coveredconditionals="6" methods="2" coveredmethods="2"/>
          <line num="16" count="7" type="stmt"/>
          <line num="17" count="7" type="stmt"/>
          <line num="19" count="7" type="stmt"/>
          <line num="24" count="7" type="stmt"/>
          <line num="25" count="24" type="cond" truecount="2" falsecount="0"/>
          <line num="28" count="24" type="stmt"/>
          <line num="29" count="560" type="cond" truecount="4" falsecount="0"/>
          <line num="32" count="560" type="stmt"/>
          <line num="36" count="7" type="stmt"/>
        </file>
        <file name="reducers.js" path="/Users/seunghunlee/Clients/Seunghun/simplesurance/app/reducers.js">
          <metrics statements="1" coveredstatements="1" conditionals="0" coveredconditionals="0" methods="1" coveredmethods="1"/>
          <line num="16" count="45" type="stmt"/>
        </file>
      </package>
      <package name="app.components.A">
        <metrics statements="1" coveredstatements="1" conditionals="0" coveredconditionals="0" methods="0" coveredmethods="0"/>
        <file name="index.js" path="/Users/seunghunlee/Clients/Seunghun/simplesurance/app/components/A/index.js">
          <metrics statements="1" coveredstatements="1" conditionals="0" coveredconditionals="0" methods="0" coveredmethods="0"/>
          <line num="7" count="11" type="stmt"/>
        </file>
      </package>
      <package name="app.components.Button">
        <metrics statements="9" coveredstatements="9" conditionals="2" coveredconditionals="2" methods="1" coveredmethods="1"/>
        <file name="A.js" path="/Users/seunghunlee/Clients/Seunghun/simplesurance/app/components/Button/A.js">
          <metrics statements="1" coveredstatements="1" conditionals="0" coveredconditionals="0" methods="0" coveredmethods="0"/>
          <line num="5" count="2" type="stmt"/>
        </file>
        <file name="StyledButton.js" path="/Users/seunghunlee/Clients/Seunghun/simplesurance/app/components/Button/StyledButton.js">
          <metrics statements="1" coveredstatements="1" conditionals="0" coveredconditionals="0" methods="0" coveredmethods="0"/>
          <line num="5" count="2" type="stmt"/>
        </file>
        <file name="Wrapper.js" path="/Users/seunghunlee/Clients/Seunghun/simplesurance/app/components/Button/Wrapper.js">
          <metrics statements="1" coveredstatements="1" conditionals="0" coveredconditionals="0" methods="0" coveredmethods="0"/>
          <line num="3" count="2" type="stmt"/>
        </file>
        <file name="buttonStyles.js" path="/Users/seunghunlee/Clients/Seunghun/simplesurance/app/components/Button/buttonStyles.js">
          <metrics statements="1" coveredstatements="1" conditionals="0" coveredconditionals="0" methods="0" coveredmethods="0"/>
          <line num="3" count="3" type="stmt"/>
        </file>
        <file name="index.js" path="/Users/seunghunlee/Clients/Seunghun/simplesurance/app/components/Button/index.js">
          <metrics statements="5" coveredstatements="5" conditionals="2" coveredconditionals="2" methods="1" coveredmethods="1"/>
          <line num="19" count="7" type="stmt"/>
          <line num="25" count="7" type="cond" truecount="2" falsecount="0"/>
          <line num="26" count="2" type="stmt"/>
          <line num="33" count="7" type="stmt"/>
          <line num="40" count="1" type="stmt"/>
        </file>
      </package>
      <package name="app.components.Footer">
        <metrics statements="2" coveredstatements="2" conditionals="0" coveredconditionals="0" methods="1" coveredmethods="1"/>
        <file name="Wrapper.js" path="/Users/seunghunlee/Clients/Seunghun/simplesurance/app/components/Footer/Wrapper.js">
          <metrics statements="1" coveredstatements="1" conditionals="0" coveredconditionals="0" methods="0" coveredmethods="0"/>
          <line num="3" count="5" type="stmt"/>
        </file>
        <file name="index.js" path="/Users/seunghunlee/Clients/Seunghun/simplesurance/app/components/Footer/index.js">
          <metrics statements="1" coveredstatements="1" conditionals="0" coveredconditionals="0" methods="1" coveredmethods="1"/>
          <line num="10" count="2" type="stmt"/>
        </file>
        <file name="messages.js" path="/Users/seunghunlee/Clients/Seunghun/simplesurance/app/components/Footer/messages.js">
          <metrics statements="0" coveredstatements="0" conditionals="0" coveredconditionals="0" methods="0" coveredmethods="0"/>
        </file>
      </package>
      <package name="app.components.H1">
        <metrics statements="1" coveredstatements="1" conditionals="0" coveredconditionals="0" methods="0" coveredmethods="0"/>
        <file name="index.js" path="/Users/seunghunlee/Clients/Seunghun/simplesurance/app/components/H1/index.js">
          <metrics statements="1" coveredstatements="1" conditionals="0" coveredconditionals="0" methods="0" coveredmethods="0"/>
          <line num="3" count="3" type="stmt"/>
        </file>
      </package>
      <package name="app.components.H2">
        <metrics statements="1" coveredstatements="1" conditionals="0" coveredconditionals="0" methods="0" coveredmethods="0"/>
        <file name="index.js" path="/Users/seunghunlee/Clients/Seunghun/simplesurance/app/components/H2/index.js">
          <metrics statements="1" coveredstatements="1" conditionals="0" coveredconditionals="0" methods="0" coveredmethods="0"/>
          <line num="3" count="2" type="stmt"/>
        </file>
      </package>
      <package name="app.components.H3">
        <metrics statements="1" coveredstatements="1" conditionals="0" coveredconditionals="0" methods="1" coveredmethods="1"/>
        <file name="index.js" path="/Users/seunghunlee/Clients/Seunghun/simplesurance/app/components/H3/index.js">
          <metrics statements="1" coveredstatements="1" conditionals="0" coveredconditionals="0" methods="1" coveredmethods="1"/>
          <line num="4" count="2" type="stmt"/>
        </file>
      </package>
      <package name="app.components.Header">
        <metrics statements="3" coveredstatements="3" conditionals="0" coveredconditionals="0" methods="1" coveredmethods="1"/>
        <file name="A.js" path="/Users/seunghunlee/Clients/Seunghun/simplesurance/app/components/Header/A.js">
          <metrics statements="1" coveredstatements="1" conditionals="0" coveredconditionals="0" methods="0" coveredmethods="0"/>
          <line num="3" count="5" type="stmt"/>
        </file>
        <file name="HeaderLink.js" path="/Users/seunghunlee/Clients/Seunghun/simplesurance/app/components/Header/HeaderLink.js">
          <metrics statements="0" coveredstatements="0" conditionals="0" coveredconditionals="0" methods="0" coveredmethods="0"/>
        </file>
        <file name="Img.js" path="/Users/seunghunlee/Clients/Seunghun/simplesurance/app/components/Header/Img.js">
          <metrics statements="1" coveredstatements="1" conditionals="0" coveredconditionals="0" methods="0" coveredmethods="0"/>
          <line num="5" count="5" type="stmt"/>
        </file>
        <file name="NavBar.js" path="/Users/seunghunlee/Clients/Seunghun/simplesurance/app/components/Header/NavBar.js">
          <metrics statements="0" coveredstatements="0" conditionals="0" coveredconditionals="0" methods="0" coveredmethods="0"/>
        </file>
        <file name="index.js" path="/Users/seunghunlee/Clients/Seunghun/simplesurance/app/components/Header/index.js">
          <metrics statements="1" coveredstatements="1" conditionals="0" coveredconditionals="0" methods="1" coveredmethods="1"/>
          <line num="13" count="1" type="stmt"/>
        </file>
        <file name="messages.js" path="/Users/seunghunlee/Clients/Seunghun/simplesurance/app/components/Header/messages.js">
          <metrics statements="0" coveredstatements="0" conditionals="0" coveredconditionals="0" methods="0" coveredmethods="0"/>
        </file>
      </package>
      <package name="app.components.Img">
        <metrics statements="2" coveredstatements="2" conditionals="0" coveredconditionals="0" methods="1" coveredmethods="1"/>
        <file name="index.js" path="/Users/seunghunlee/Clients/Seunghun/simplesurance/app/components/Img/index.js">
          <metrics statements="2" coveredstatements="2" conditionals="0" coveredconditionals="0" methods="1" coveredmethods="1"/>
          <line num="12" count="10" type="stmt"/>
          <line num="18" count="6" type="stmt"/>
        </file>
      </package>
      <package name="app.components.IssueIcon">
        <metrics statements="2" coveredstatements="2" conditionals="0" coveredconditionals="0" methods="1" coveredmethods="1"/>
        <file name="index.js" path="/Users/seunghunlee/Clients/Seunghun/simplesurance/app/components/IssueIcon/index.js">
          <metrics statements="2" coveredstatements="2" conditionals="0" coveredconditionals="0" methods="1" coveredmethods="1"/>
          <line num="5" count="7" type="stmt"/>
          <line num="16" count="4" type="stmt"/>
        </file>
      </package>
      <package name="app.components.List">
        <metrics statements="10" coveredstatements="10" conditionals="2" coveredconditionals="2" methods="2" coveredmethods="2"/>
        <file name="Ul.js" path="/Users/seunghunlee/Clients/Seunghun/simplesurance/app/components/List/Ul.js">
          <metrics statements="1" coveredstatements="1" conditionals="0" coveredconditionals="0" methods="0" coveredmethods="0"/>
          <line num="3" count="3" type="stmt"/>
        </file>
        <file name="Wrapper.js" path="/Users/seunghunlee/Clients/Seunghun/simplesurance/app/components/List/Wrapper.js">
          <metrics statements="1" coveredstatements="1" conditionals="0" coveredconditionals="0" methods="0" coveredmethods="0"/>
          <line num="3" count="3" type="stmt"/>
        </file>
        <file name="index.js" path="/Users/seunghunlee/Clients/Seunghun/simplesurance/app/components/List/index.js">
          <metrics statements="8" coveredstatements="8" conditionals="2" coveredconditionals="2" methods="2" coveredmethods="2"/>
          <line num="8" count="3" type="stmt"/>
          <line num="9" count="3" type="stmt"/>
          <line num="12" count="3" type="cond" truecount="2" falsecount="0"/>
          <line num="13" count="1" type="stmt"/>
          <line num="14" count="2" type="stmt"/>
          <line num="18" count="2" type="stmt"/>
          <line num="21" count="3" type="stmt"/>
          <line num="30" count="2" type="stmt"/>
        </file>
      </package>
      <package name="app.components.ListItem">
        <metrics statements="4" coveredstatements="4" conditionals="0" coveredconditionals="0" methods="1" coveredmethods="1"/>
        <file name="Item.js" path="/Users/seunghunlee/Clients/Seunghun/simplesurance/app/components/ListItem/Item.js">
          <metrics statements="1" coveredstatements="1" conditionals="0" coveredconditionals="0" methods="0" coveredmethods="0"/>
          <line num="3" count="5" type="stmt"/>
        </file>
        <file name="Wrapper.js" path="/Users/seunghunlee/Clients/Seunghun/simplesurance/app/components/ListItem/Wrapper.js">
          <metrics statements="1" coveredstatements="1" conditionals="0" coveredconditionals="0" methods="0" coveredmethods="0"/>
          <line num="3" count="5" type="stmt"/>
        </file>
        <file name="index.js" path="/Users/seunghunlee/Clients/Seunghun/simplesurance/app/components/ListItem/index.js">
          <metrics statements="2" coveredstatements="2" conditionals="0" coveredconditionals="0" methods="1" coveredmethods="1"/>
          <line num="8" count="8" type="stmt"/>
          <line num="17" count="4" type="stmt"/>
        </file>
      </package>
      <package name="app.components.LoadingIndicator">
        <metrics statements="8" coveredstatements="8" conditionals="4" coveredconditionals="4" methods="2" coveredmethods="2"/>
        <file name="Circle.js" path="/Users/seunghunlee/Clients/Seunghun/simplesurance/app/components/LoadingIndicator/Circle.js">
          <metrics statements="5" coveredstatements="5" conditionals="4" coveredconditionals="4" methods="1" coveredmethods="1"/>
          <line num="5" count="7" type="stmt"/>
          <line num="17" count="7" type="stmt"/>
          <line num="18" count="15" type="stmt"/>
          <line num="45" count="15" type="stmt"/>
          <line num="48" count="7" type="stmt"/>
        </file>
        <file name="Wrapper.js" path="/Users/seunghunlee/Clients/Seunghun/simplesurance/app/components/LoadingIndicator/Wrapper.js">
          <metrics statements="1" coveredstatements="1" conditionals="0" coveredconditionals="0" methods="0" coveredmethods="0"/>
          <line num="3" count="7" type="stmt"/>
        </file>
        <file name="index.js" path="/Users/seunghunlee/Clients/Seunghun/simplesurance/app/components/LoadingIndicator/index.js">
          <metrics statements="2" coveredstatements="2" conditionals="0" coveredconditionals="0" methods="1" coveredmethods="1"/>
          <line num="6" count="6" type="stmt"/>
          <line num="7" count="1" type="stmt"/>
        </file>
      </package>
      <package name="app.components.ReposList">
        <metrics statements="10" coveredstatements="10" conditionals="6" coveredconditionals="6" methods="2" coveredmethods="2"/>
        <file name="index.js" path="/Users/seunghunlee/Clients/Seunghun/simplesurance/app/components/ReposList/index.js">
          <metrics statements="10" coveredstatements="10" conditionals="6" coveredconditionals="6" methods="2" coveredmethods="2"/>
          <line num="10" count="4" type="cond" truecount="2" falsecount="0"/>
          <line num="11" count="1" type="stmt"/>
          <line num="14" count="3" type="cond" truecount="2" falsecount="0"/>
          <line num="15" count="1" type="stmt"/>
          <line num="16" count="1" type="stmt"/>
          <line num="18" count="1" type="stmt"/>
          <line num="21" count="2" type="cond" truecount="2" falsecount="0"/>
          <line num="22" count="1" type="stmt"/>
          <line num="25" count="1" type="stmt"/>
          <line num="28" count="1" type="stmt"/>
        </file>
      </package>
      <package name="app.components.Toggle">
        <metrics statements="7" coveredstatements="7" conditionals="2" coveredconditionals="2" methods="2" coveredmethods="2"/>
        <file name="Select.js" path="/Users/seunghunlee/Clients/Seunghun/simplesurance/app/components/Toggle/Select.js">
          <metrics statements="1" coveredstatements="1" conditionals="0" coveredconditionals="0" methods="0" coveredmethods="0"/>
          <line num="3" count="7" type="stmt"/>
        </file>
        <file name="index.js" path="/Users/seunghunlee/Clients/Seunghun/simplesurance/app/components/Toggle/index.js">
          <metrics statements="6" coveredstatements="6" conditionals="2" coveredconditionals="2" methods="2" coveredmethods="2"/>
          <line num="14" count="2" type="stmt"/>
          <line num="17" count="2" type="cond" truecount="2" falsecount="0"/>
          <line num="18" count="1" type="stmt"/>
          <line num="19" count="2" type="stmt"/>
          <line num="23" count="2" type="stmt"/>
          <line num="30" count="6" type="stmt"/>
        </file>
      </package>
      <package name="app.components.ToggleOption">
        <metrics statements="3" coveredstatements="3" conditionals="2" coveredconditionals="2" methods="1" coveredmethods="1"/>
        <file name="index.js" path="/Users/seunghunlee/Clients/Seunghun/simplesurance/app/components/ToggleOption/index.js">
          <metrics statements="3" coveredstatements="3" conditionals="2" coveredconditionals="2" methods="1" coveredmethods="1"/>
          <line num="11" count="7" type="stmt"/>
          <line num="12" count="3" type="stmt"/>
          <line num="17" count="7" type="stmt"/>
        </file>
      </package>
      <package name="app.components.WizardForm">
        <metrics statements="72" coveredstatements="23" conditionals="64" coveredconditionals="0" methods="24" coveredmethods="2"/>
        <file name="WizardFormPage.js" path="/Users/seunghunlee/Clients/Seunghun/simplesurance/app/components/WizardForm/WizardFormPage.js">
          <metrics statements="28" coveredstatements="19" conditionals="36" coveredconditionals="0" methods="8" coveredmethods="2"/>
          <line num="9" count="2" type="stmt"/>
          <line num="10" count="2" type="stmt"/>
          <line num="11" count="2" type="stmt"/>
          <line num="12" count="2" type="stmt"/>
          <line num="14" count="2" type="stmt"/>
          <line num="25" count="2" type="stmt"/>
          <line num="37" count="2" type="stmt"/>
          <line num="38" count="0" type="cond" truecount="0" falsecount="2"/>
          <line num="40" count="2" type="stmt"/>
          <line num="41" count="0" type="cond" truecount="0" falsecount="2"/>
          <line num="43" count="10" type="stmt"/>
          <line num="44" count="0" type="cond" truecount="0" falsecount="2"/>
          <line num="45" count="0" type="stmt"/>
          <line num="57" count="2" type="stmt"/>
          <line num="58" count="0" type="cond" truecount="0" falsecount="2"/>
          <line num="59" count="0" type="stmt"/>
          <line num="67" count="0" type="cond" truecount="0" falsecount="2"/>
          <line num="71" count="2" type="stmt"/>
          <line num="72" count="2" type="stmt"/>
          <line num="73" count="2" type="stmt"/>
          <line num="74" count="2" type="stmt"/>
          <line num="75" count="2" type="stmt"/>
          <line num="76" count="2" type="stmt"/>
          <line num="78" count="2" type="stmt"/>
          <line num="79" count="0" type="stmt"/>
          <line num="81" count="0" type="stmt"/>
          <line num="139" count="2" type="stmt"/>
          <line num="145" count="2" type="stmt"/>
        </file>
        <file name="index.js" path="/Users/seunghunlee/Clients/Seunghun/simplesurance/app/components/WizardForm/index.js">
          <metrics statements="27" coveredstatements="2" conditionals="13" coveredconditionals="0" methods="14" coveredmethods="0"/>
          <line num="9" count="0" type="stmt"/>
          <line num="10" count="0" type="stmt"/>
          <line num="11" count="0" type="stmt"/>
          <line num="12" count="0" type="stmt"/>
          <line num="13" count="0" type="stmt"/>
          <line num="18" count="0" type="stmt"/>
          <line num="19" count="0" type="cond" truecount="0" falsecount="2"/>
          <line num="20" count="0" type="cond" truecount="0" falsecount="2"/>
          <line num="22" count="0" type="stmt"/>
          <line num="23" count="0" type="cond" truecount="0" falsecount="4"/>
          <line num="24" count="0" type="stmt"/>
          <line num="25" count="0" type="stmt"/>
          <line num="28" count="0" type="stmt"/>
          <line num="37" count="0" type="stmt"/>
          <line num="43" count="0" type="stmt"/>
          <line num="44" count="0" type="stmt"/>
          <line num="47" count="0" type="stmt"/>
          <line num="50" count="0" type="stmt"/>
          <line num="54" count="0" type="stmt"/>
          <line num="58" count="0" type="stmt"/>
          <line num="59" count="0" type="stmt"/>
          <line num="63" count="0" type="stmt"/>
          <line num="70" count="2" type="stmt"/>
          <line num="71" count="0" type="stmt"/>
          <line num="75" count="2" type="stmt"/>
          <line num="76" count="0" type="stmt"/>
          <line num="78" count="0" type="stmt"/>
        </file>
        <file name="renderField.js" path="/Users/seunghunlee/Clients/Seunghun/simplesurance/app/components/WizardForm/renderField.js">
          <metrics statements="2" coveredstatements="1" conditionals="3" coveredconditionals="0" methods="1" coveredmethods="0"/>
          <line num="3" count="2" type="stmt"/>
          <line num="4" count="0" type="stmt"/>
        </file>
        <file name="validate.js" path="/Users/seunghunlee/Clients/Seunghun/simplesurance/app/components/WizardForm/validate.js">
          <metrics statements="15" coveredstatements="1" conditionals="12" coveredconditionals="0" methods="1" coveredmethods="0"/>
          <line num="1" count="2" type="stmt"/>
          <line num="2" count="0" type="stmt"/>
          <line num="3" count="0" type="cond" truecount="0" falsecount="2"/>
          <line num="4" count="0" type="stmt"/>
          <line num="6" count="0" type="cond" truecount="0" falsecount="2"/>
          <line num="7" count="0" type="stmt"/>
          <line num="9" count="0" type="cond" truecount="0" falsecount="2"/>
          <line num="10" count="0" type="stmt"/>
          <line num="11" count="0" type="cond" truecount="0" falsecount="2"/>
          <line num="12" count="0" type="stmt"/>
          <line num="14" count="0" type="cond" truecount="0" falsecount="2"/>
          <line num="15" count="0" type="stmt"/>
          <line num="17" count="0" type="cond" truecount="0" falsecount="2"/>
          <line num="18" count="0" type="stmt"/>
          <line num="20" count="0" type="stmt"/>
        </file>
      </package>
      <package name="app.containers.App">
        <metrics statements="40" coveredstatements="32" conditionals="7" coveredconditionals="5" methods="26" coveredmethods="18"/>
        <file name="actions.js" path="/Users/seunghunlee/Clients/Seunghun/simplesurance/app/containers/App/actions.js">
          <metrics statements="5" coveredstatements="3" conditionals="0" coveredconditionals="0" methods="5" coveredmethods="3"/>
          <line num="32" count="2" type="stmt"/>
          <line num="46" count="4" type="stmt"/>
          <line num="53" count="0" type="stmt"/>
          <line num="66" count="4" type="stmt"/>
          <line num="72" count="0" type="stmt"/>
        </file>
        <file name="constants.js" path="/Users/seunghunlee/Clients/Seunghun/simplesurance/app/containers/App/constants.js">
          <metrics statements="6" coveredstatements="6" conditionals="0" coveredconditionals="0" methods="0" coveredmethods="0"/>
          <line num="12" count="21" type="stmt"/>
          <line num="13" count="21" type="stmt"/>
          <line num="14" count="21" type="stmt"/>
          <line num="15" count="21" type="stmt"/>
          <line num="16" count="21" type="stmt"/>
          <line num="18" count="21" type="stmt"/>
        </file>
        <file name="index.js" path="/Users/seunghunlee/Clients/Seunghun/simplesurance/app/containers/App/index.js">
          <metrics statements="2" coveredstatements="2" conditionals="0" coveredconditionals="0" methods="1" coveredmethods="1"/>
          <line num="20" count="3" type="stmt"/>
          <line num="30" count="3" type="stmt"/>
        </file>
        <file name="reducer.js" path="/Users/seunghunlee/Clients/Seunghun/simplesurance/app/containers/App/reducer.js">
          <metrics statements="8" coveredstatements="6" conditionals="7" coveredconditionals="5" methods="1" coveredmethods="1"/>
          <line num="24" count="9" type="stmt"/>
          <line num="36" count="144" type="cond" truecount="4" falsecount="2"/>
          <line num="38" count="1" type="stmt"/>
          <line num="44" count="1" type="stmt"/>
          <line num="50" count="1" type="stmt"/>
          <line num="52" count="0" type="stmt"/>
          <line num="56" count="0" type="stmt"/>
          <line num="60" count="141" type="stmt"/>
        </file>
        <file name="selectors.js" path="/Users/seunghunlee/Clients/Seunghun/simplesurance/app/containers/App/selectors.js">
          <metrics statements="19" coveredstatements="15" conditionals="0" coveredconditionals="0" methods="19" coveredmethods="13"/>
          <line num="10" count="4" type="stmt"/>
          <line num="11" count="5" type="stmt"/>
          <line num="12" count="4" type="stmt"/>
          <line num="14" count="4" type="stmt"/>
          <line num="16" count="0" type="stmt"/>
          <line num="19" count="4" type="stmt"/>
          <line num="21" count="0" type="stmt"/>
          <line num="24" count="4" type="stmt"/>
          <line num="26" count="0" type="stmt"/>
          <line num="29" count="4" type="stmt"/>
          <line num="31" count="0" type="stmt"/>
          <line num="34" count="4" type="stmt"/>
          <line num="36" count="1" type="stmt"/>
          <line num="39" count="4" type="stmt"/>
          <line num="41" count="1" type="stmt"/>
          <line num="44" count="4" type="stmt"/>
          <line num="46" count="1" type="stmt"/>
          <line num="49" count="4" type="stmt"/>
          <line num="51" count="1" type="stmt"/>
        </file>
      </package>
      <package name="app.containers.FeaturePage">
        <metrics statements="5" coveredstatements="4" conditionals="0" coveredconditionals="0" methods="2" coveredmethods="1"/>
        <file name="List.js" path="/Users/seunghunlee/Clients/Seunghun/simplesurance/app/containers/FeaturePage/List.js">
          <metrics statements="1" coveredstatements="1" conditionals="0" coveredconditionals="0" methods="0" coveredmethods="0"/>
          <line num="3" count="2" type="stmt"/>
        </file>
        <file name="ListItem.js" path="/Users/seunghunlee/Clients/Seunghun/simplesurance/app/containers/FeaturePage/ListItem.js">
          <metrics statements="1" coveredstatements="1" conditionals="0" coveredconditionals="0" methods="0" coveredmethods="0"/>
          <line num="3" count="2" type="stmt"/>
        </file>
        <file name="ListItemTitle.js" path="/Users/seunghunlee/Clients/Seunghun/simplesurance/app/containers/FeaturePage/ListItemTitle.js">
          <metrics statements="1" coveredstatements="1" conditionals="0" coveredconditionals="0" methods="0" coveredmethods="0"/>
          <line num="3" count="2" type="stmt"/>
        </file>
        <file name="index.js" path="/Users/seunghunlee/Clients/Seunghun/simplesurance/app/containers/FeaturePage/index.js">
          <metrics statements="2" coveredstatements="1" conditionals="0" coveredconditionals="0" methods="2" coveredmethods="1"/>
          <line num="21" count="0" type="stmt"/>
          <line num="25" count="2" type="stmt"/>
        </file>
        <file name="messages.js" path="/Users/seunghunlee/Clients/Seunghun/simplesurance/app/containers/FeaturePage/messages.js">
          <metrics statements="0" coveredstatements="0" conditionals="0" coveredconditionals="0" methods="0" coveredmethods="0"/>
        </file>
      </package>
      <package name="app.containers.HomePage">
        <metrics statements="39" coveredstatements="29" conditionals="11" coveredconditionals="3" methods="17" coveredmethods="8"/>
        <file name="AtPrefix.js" path="/Users/seunghunlee/Clients/Seunghun/simplesurance/app/containers/HomePage/AtPrefix.js">
          <metrics statements="1" coveredstatements="1" conditionals="0" coveredconditionals="0" methods="0" coveredmethods="0"/>
          <line num="3" count="2" type="stmt"/>
        </file>
        <file name="CenteredSection.js" path="/Users/seunghunlee/Clients/Seunghun/simplesurance/app/containers/HomePage/CenteredSection.js">
          <metrics statements="1" coveredstatements="1" conditionals="0" coveredconditionals="0" methods="0" coveredmethods="0"/>
          <line num="3" count="2" type="stmt"/>
        </file>
        <file name="Form.js" path="/Users/seunghunlee/Clients/Seunghun/simplesurance/app/containers/HomePage/Form.js">
          <metrics statements="1" coveredstatements="1" conditionals="0" coveredconditionals="0" methods="0" coveredmethods="0"/>
          <line num="3" count="2" type="stmt"/>
        </file>
        <file name="Input.js" path="/Users/seunghunlee/Clients/Seunghun/simplesurance/app/containers/HomePage/Input.js">
          <metrics statements="1" coveredstatements="1" conditionals="0" coveredconditionals="0" methods="0" coveredmethods="0"/>
          <line num="3" count="2" type="stmt"/>
        </file>
        <file name="Section.js" path="/Users/seunghunlee/Clients/Seunghun/simplesurance/app/containers/HomePage/Section.js">
          <metrics statements="1" coveredstatements="1" conditionals="0" coveredconditionals="0" methods="0" coveredmethods="0"/>
          <line num="3" count="3" type="stmt"/>
        </file>
        <file name="actions.js" path="/Users/seunghunlee/Clients/Seunghun/simplesurance/app/containers/HomePage/actions.js">
          <metrics statements="1" coveredstatements="1" conditionals="0" coveredconditionals="0" methods="1" coveredmethods="1"/>
          <line num="30" count="2" type="stmt"/>
        </file>
        <file name="constants.js" path="/Users/seunghunlee/Clients/Seunghun/simplesurance/app/containers/HomePage/constants.js">
          <metrics statements="1" coveredstatements="1" conditionals="0" coveredconditionals="0" methods="0" coveredmethods="0"/>
          <line num="12" count="3" type="stmt"/>
        </file>
        <file name="index.js" path="/Users/seunghunlee/Clients/Seunghun/simplesurance/app/containers/HomePage/index.js">
          <metrics statements="15" coveredstatements="7" conditionals="8" coveredconditionals="0" methods="7" coveredmethods="1"/>
          <line num="40" count="0" type="cond" truecount="0" falsecount="4"/>
          <line num="41" count="0" type="stmt"/>
          <line num="46" count="1" type="stmt"/>
          <line num="48" count="1" type="stmt"/>
          <line num="71" count="1" type="stmt"/>
          <line num="87" count="0" type="stmt"/>
          <line num="89" count="0" type="stmt"/>
          <line num="90" count="0" type="stmt"/>
          <line num="92" count="0" type="cond" truecount="0" falsecount="4"/>
          <line num="93" count="0" type="stmt"/>
          <line num="95" count="0" type="stmt"/>
          <line num="99" count="1" type="stmt"/>
          <line num="109" count="1" type="stmt"/>
          <line num="111" count="1" type="stmt"/>
          <line num="112" count="1" type="stmt"/>
        </file>
        <file name="messages.js" path="/Users/seunghunlee/Clients/Seunghun/simplesurance/app/containers/HomePage/messages.js">
          <metrics statements="0" coveredstatements="0" conditionals="0" coveredconditionals="0" methods="0" coveredmethods="0"/>
        </file>
        <file name="reducer.js" path="/Users/seunghunlee/Clients/Seunghun/simplesurance/app/containers/HomePage/reducer.js">
          <metrics statements="4" coveredstatements="4" conditionals="3" coveredconditionals="3" methods="1" coveredmethods="1"/>
          <line num="17" count="2" type="stmt"/>
          <line num="22" count="2" type="cond" truecount="2" falsecount="0"/>
          <line num="26" count="1" type="stmt"/>
          <line num="28" count="1" type="stmt"/>
        </file>
        <file name="saga.js" path="/Users/seunghunlee/Clients/Seunghun/simplesurance/app/containers/HomePage/saga.js">
          <metrics statements="7" coveredstatements="7" conditionals="0" coveredconditionals="0" methods="2" coveredmethods="2"/>
          <line num="17" count="2" type="stmt"/>
          <line num="18" count="2" type="stmt"/>
          <line num="20" count="2" type="stmt"/>
          <line num="22" count="2" type="stmt"/>
          <line num="23" count="1" type="stmt"/>
          <line num="25" count="1" type="stmt"/>
          <line num="37" count="1" type="stmt"/>
        </file>
        <file name="selectors.js" path="/Users/seunghunlee/Clients/Seunghun/simplesurance/app/containers/HomePage/selectors.js">
          <metrics statements="3" coveredstatements="3" conditionals="0" coveredconditionals="0" methods="3" coveredmethods="3"/>
          <line num="7" count="3" type="stmt"/>
          <line num="9" count="4" type="stmt"/>
          <line num="11" count="1" type="stmt"/>
        </file>
        <file name="showResults.js" path="/Users/seunghunlee/Clients/Seunghun/simplesurance/app/containers/HomePage/showResults.js">
          <metrics statements="3" coveredstatements="1" conditionals="0" coveredconditionals="0" methods="3" coveredmethods="0"/>
          <line num="1" count="1" type="stmt"/>
          <line num="4" count="0" type="stmt"/>
          <line num="5" count="0" type="stmt"/>
        </file>
      </package>
      <package name="app.containers.LanguageProvider">
        <metrics statements="13" coveredstatements="13" conditionals="3" coveredconditionals="3" methods="7" coveredmethods="7"/>
        <file name="actions.js" path="/Users/seunghunlee/Clients/Seunghun/simplesurance/app/containers/LanguageProvider/actions.js">
          <metrics statements="1" coveredstatements="1" conditionals="0" coveredconditionals="0" methods="1" coveredmethods="1"/>
          <line num="12" count="3" type="stmt"/>
        </file>
        <file name="constants.js" path="/Users/seunghunlee/Clients/Seunghun/simplesurance/app/containers/LanguageProvider/constants.js">
          <metrics statements="1" coveredstatements="1" conditionals="0" coveredconditionals="0" methods="0" coveredmethods="0"/>
          <line num="7" count="18" type="stmt"/>
        </file>
        <file name="index.js" path="/Users/seunghunlee/Clients/Seunghun/simplesurance/app/containers/LanguageProvider/index.js">
          <metrics statements="4" coveredstatements="4" conditionals="0" coveredconditionals="0" methods="2" coveredmethods="2"/>
          <line num="19" count="3" type="stmt"/>
          <line num="27" count="2" type="stmt"/>
          <line num="33" count="2" type="stmt"/>
          <line num="35" count="2" type="stmt"/>
        </file>
        <file name="reducer.js" path="/Users/seunghunlee/Clients/Seunghun/simplesurance/app/containers/LanguageProvider/reducer.js">
          <metrics statements="4" coveredstatements="4" conditionals="3" coveredconditionals="3" methods="1" coveredmethods="1"/>
          <line num="14" count="14" type="stmt"/>
          <line num="19" count="273" type="cond" truecount="2" falsecount="0"/>
          <line num="21" count="1" type="stmt"/>
          <line num="23" count="272" type="stmt"/>
        </file>
        <file name="selectors.js" path="/Users/seunghunlee/Clients/Seunghun/simplesurance/app/containers/LanguageProvider/selectors.js">
          <metrics statements="3" coveredstatements="3" conditionals="0" coveredconditionals="0" methods="3" coveredmethods="3"/>
          <line num="6" count="7" type="stmt"/>
          <line num="12" count="7" type="stmt"/>
          <line num="14" count="3" type="stmt"/>
        </file>
      </package>
      <package name="app.containers.LocaleToggle">
        <metrics statements="7" coveredstatements="7" conditionals="0" coveredconditionals="0" methods="4" coveredmethods="4"/>
        <file name="Wrapper.js" path="/Users/seunghunlee/Clients/Seunghun/simplesurance/app/containers/LocaleToggle/Wrapper.js">
          <metrics statements="1" coveredstatements="1" conditionals="0" coveredconditionals="0" methods="0" coveredmethods="0"/>
          <line num="3" count="6" type="stmt"/>
        </file>
        <file name="index.js" path="/Users/seunghunlee/Clients/Seunghun/simplesurance/app/containers/LocaleToggle/index.js">
          <metrics statements="6" coveredstatements="6" conditionals="0" coveredconditionals="0" methods="4" coveredmethods="4"/>
          <line num="21" count="1" type="stmt"/>
          <line num="29" count="5" type="stmt"/>
          <line num="34" count="5" type="stmt"/>
          <line num="36" count="1" type="stmt"/>
          <line num="40" count="3" type="stmt"/>
          <line num="41" count="1" type="stmt"/>
        </file>
        <file name="messages.js" path="/Users/seunghunlee/Clients/Seunghun/simplesurance/app/containers/LocaleToggle/messages.js">
          <metrics statements="0" coveredstatements="0" conditionals="0" coveredconditionals="0" methods="0" coveredmethods="0"/>
        </file>
      </package>
      <package name="app.containers.NotFoundPage">
        <metrics statements="1" coveredstatements="1" conditionals="0" coveredconditionals="0" methods="1" coveredmethods="1"/>
        <file name="index.js" path="/Users/seunghunlee/Clients/Seunghun/simplesurance/app/containers/NotFoundPage/index.js">
          <metrics statements="1" coveredstatements="1" conditionals="0" coveredconditionals="0" methods="1" coveredmethods="1"/>
          <line num="14" count="1" type="stmt"/>
        </file>
        <file name="messages.js" path="/Users/seunghunlee/Clients/Seunghun/simplesurance/app/containers/NotFoundPage/messages.js">
          <metrics statements="0" coveredstatements="0" conditionals="0" coveredconditionals="0" methods="0" coveredmethods="0"/>
        </file>
      </package>
      <package name="app.containers.RepoListItem">
        <metrics statements="11" coveredstatements="11" conditionals="2" coveredconditionals="2" methods="1" coveredmethods="1"/>
        <file name="IssueIcon.js" path="/Users/seunghunlee/Clients/Seunghun/simplesurance/app/containers/RepoListItem/IssueIcon.js">
          <metrics statements="1" coveredstatements="1" conditionals="0" coveredconditionals="0" methods="0" coveredmethods="0"/>
          <line num="5" count="3" type="stmt"/>
        </file>
        <file name="IssueLink.js" path="/Users/seunghunlee/Clients/Seunghun/simplesurance/app/containers/RepoListItem/IssueLink.js">
          <metrics statements="1" coveredstatements="1" conditionals="0" coveredconditionals="0" methods="0" coveredmethods="0"/>
          <line num="3" count="3" type="stmt"/>
        </file>
        <file name="RepoLink.js" path="/Users/seunghunlee/Clients/Seunghun/simplesurance/app/containers/RepoListItem/RepoLink.js">
          <metrics statements="1" coveredstatements="1" conditionals="0" coveredconditionals="0" methods="0" coveredmethods="0"/>
          <line num="3" count="3" type="stmt"/>
        </file>
        <file name="Wrapper.js" path="/Users/seunghunlee/Clients/Seunghun/simplesurance/app/containers/RepoListItem/Wrapper.js">
          <metrics statements="1" coveredstatements="1" conditionals="0" coveredconditionals="0" methods="0" coveredmethods="0"/>
          <line num="3" count="3" type="stmt"/>
        </file>
        <file name="index.js" path="/Users/seunghunlee/Clients/Seunghun/simplesurance/app/containers/RepoListItem/index.js">
          <metrics statements="7" coveredstatements="7" conditionals="2" coveredconditionals="2" methods="1" coveredmethods="1"/>
          <line num="22" count="6" type="stmt"/>
          <line num="23" count="6" type="stmt"/>
          <line num="27" count="6" type="cond" truecount="2" falsecount="0"/>
          <line num="28" count="5" type="stmt"/>
          <line num="33" count="6" type="stmt"/>
          <line num="45" count="6" type="stmt"/>
          <line num="51" count="2" type="stmt"/>
        </file>
      </package>
      <package name="app.utils">
        <metrics statements="65" coveredstatements="65" conditionals="52" coveredconditionals="52" methods="24" coveredmethods="24"/>
        <file name="checkStore.js" path="/Users/seunghunlee/Clients/Seunghun/simplesurance/app/utils/checkStore.js">
          <metrics statements="2" coveredstatements="2" conditionals="0" coveredconditionals="0" methods="1" coveredmethods="1"/>
          <line num="10" count="13" type="stmt"/>
          <line num="19" count="13" type="stmt"/>
        </file>
        <file name="constants.js" path="/Users/seunghunlee/Clients/Seunghun/simplesurance/app/utils/constants.js">
          <metrics statements="3" coveredstatements="3" conditionals="0" coveredconditionals="0" methods="0" coveredmethods="0"/>
          <line num="1" count="3" type="stmt"/>
          <line num="2" count="3" type="stmt"/>
          <line num="3" count="3" type="stmt"/>
        </file>
        <file name="injectReducer.js" path="/Users/seunghunlee/Clients/Seunghun/simplesurance/app/utils/injectReducer.js">
          <metrics statements="5" coveredstatements="5" conditionals="3" coveredconditionals="3" methods="4" coveredmethods="4"/>
          <line num="14" count="5" type="stmt"/>
          <line num="23" count="2" type="stmt"/>
          <line num="25" count="2" type="stmt"/>
          <line num="31" count="2" type="stmt"/>
          <line num="35" count="5" type="stmt"/>
        </file>
        <file name="injectSaga.js" path="/Users/seunghunlee/Clients/Seunghun/simplesurance/app/utils/injectSaga.js">
          <metrics statements="7" coveredstatements="7" conditionals="3" coveredconditionals="3" methods="5" coveredmethods="5"/>
          <line num="18" count="6" type="stmt"/>
          <line num="27" count="3" type="stmt"/>
          <line num="29" count="3" type="stmt"/>
          <line num="33" count="1" type="stmt"/>
          <line num="35" count="1" type="stmt"/>
          <line num="41" count="3" type="stmt"/>
          <line num="45" count="6" type="stmt"/>
        </file>
        <file name="reducerInjectors.js" path="/Users/seunghunlee/Clients/Seunghun/simplesurance/app/utils/reducerInjectors.js">
          <metrics statements="8" coveredstatements="8" conditionals="9" coveredconditionals="9" methods="3" coveredmethods="3"/>
          <line num="10" count="8" type="stmt"/>
          <line num="11" count="10" type="cond" truecount="2" falsecount="0"/>
          <line num="13" count="9" type="stmt"/>
          <line num="19" count="6" type="cond" truecount="4" falsecount="0"/>
          <line num="21" count="5" type="stmt"/>
          <line num="22" count="5" type="stmt"/>
          <line num="27" count="2" type="stmt"/>
          <line num="29" count="1" type="stmt"/>
        </file>
        <file name="request.js" path="/Users/seunghunlee/Clients/Seunghun/simplesurance/app/utils/request.js">
          <metrics statements="9" coveredstatements="9" conditionals="8" coveredconditionals="8" methods="3" coveredmethods="3"/>
          <line num="11" count="2" type="cond" truecount="4" falsecount="0"/>
          <line num="12" count="1" type="stmt"/>
          <line num="14" count="1" type="stmt"/>
          <line num="25" count="3" type="cond" truecount="4" falsecount="0"/>
          <line num="26" count="2" type="stmt"/>
          <line num="29" count="1" type="stmt"/>
          <line num="30" count="1" type="stmt"/>
          <line num="31" count="1" type="stmt"/>
          <line num="43" count="3" type="stmt"/>
        </file>
        <file name="sagaInjectors.js" path="/Users/seunghunlee/Clients/Seunghun/simplesurance/app/utils/sagaInjectors.js">
          <metrics statements="31" coveredstatements="31" conditionals="29" coveredconditionals="29" methods="8" coveredmethods="8"/>
          <line num="14" count="3" type="stmt"/>
          <line num="16" count="36" type="stmt"/>
          <line num="21" count="3" type="stmt"/>
          <line num="22" count="24" type="stmt"/>
          <line num="24" count="24" type="cond" truecount="2" falsecount="0"/>
          <line num="26" count="24" type="stmt"/>
          <line num="33" count="21" type="cond" truecount="1" falsecount="0"/>
          <line num="34" count="27" type="cond" truecount="2" falsecount="0"/>
          <line num="36" count="26" type="cond" truecount="2" falsecount="0"/>
          <line num="37" count="26" type="stmt"/>
          <line num="39" count="26" type="stmt"/>
          <line num="40" count="24" type="stmt"/>
          <line num="42" count="20" type="stmt"/>
          <line num="44" count="20" type="cond" truecount="2" falsecount="0"/>
          <line num="45" count="16" type="stmt"/>
          <line num="47" count="16" type="cond" truecount="4" falsecount="0"/>
          <line num="48" count="1" type="stmt"/>
          <line num="49" count="1" type="stmt"/>
          <line num="53" count="20" type="cond" truecount="6" falsecount="0"/>
          <line num="54" count="15" type="stmt"/>
          <line num="60" count="21" type="stmt"/>
          <line num="61" count="11" type="cond" truecount="2" falsecount="0"/>
          <line num="63" count="10" type="stmt"/>
          <line num="65" count="8" type="cond" truecount="2" falsecount="0"/>
          <line num="66" count="7" type="stmt"/>
          <line num="67" count="7" type="cond" truecount="2" falsecount="0"/>
          <line num="68" count="4" type="stmt"/>
          <line num="70" count="4" type="cond" truecount="2" falsecount="0"/>
          <line num="72" count="2" type="stmt"/>
          <line num="80" count="2" type="stmt"/>
          <line num="82" count="1" type="stmt"/>
        </file>
      </package>
    </metrics>
  </project>
</coverage>
