{"/Users/seunghunlee/Clients/Seunghun/simplesurance/app/configureStore.js": {"path":"/Users/seunghunlee/Clients/Seunghun/simplesurance/app/configureStore.js","statementMap":{"0":{"start":{"line":11,"column":23},"end":{"line":11,"column":45}},"1":{"start":{"line":17,"column":22},"end":{"line":20,"column":3}},"2":{"start":{"line":22,"column":2},"end":{"line":25,"column":3}},"3":{"start":{"line":23,"column":19},"end":{"line":23,"column":42}},"4":{"start":{"line":24,"column":4},"end":{"line":24,"column":29}},"5":{"start":{"line":27,"column":20},"end":{"line":29,"column":3}},"6":{"start":{"line":34,"column":4},"end":{"line":42,"column":15}},"7":{"start":{"line":45,"column":16},"end":{"line":49,"column":3}},"8":{"start":{"line":52,"column":2},"end":{"line":52,"column":37}},"9":{"start":{"line":53,"column":2},"end":{"line":53,"column":30}},"10":{"start":{"line":54,"column":2},"end":{"line":54,"column":27}},"11":{"start":{"line":64,"column":2},"end":{"line":64,"column":15}}},"fnMap":{"0":{"name":"configureStore","decl":{"start":{"line":13,"column":24},"end":{"line":13,"column":38}},"loc":{"start":{"line":13,"column":67},"end":{"line":65,"column":1}},"line":13}},"branchMap":{"0":{"loc":{"start":{"line":13,"column":39},"end":{"line":13,"column":56}},"type":"default-arg","locations":[{"start":{"line":13,"column":54},"end":{"line":13,"column":56}}],"line":13},"1":{"loc":{"start":{"line":22,"column":2},"end":{"line":25,"column":3}},"type":"if","locations":[{"start":{"line":22,"column":2},"end":{"line":25,"column":3}},{"start":{"line":22,"column":2},"end":{"line":25,"column":3}}],"line":22},"2":{"loc":{"start":{"line":34,"column":4},"end":{"line":42,"column":15}},"type":"cond-expr","locations":[{"start":{"line":37,"column":8},"end":{"line":41,"column":8}},{"start":{"line":42,"column":8},"end":{"line":42,"column":15}}],"line":34},"3":{"loc":{"start":{"line":34,"column":4},"end":{"line":36,"column":47}},"type":"binary-expr","locations":[{"start":{"line":34,"column":4},"end":{"line":34,"column":41}},{"start":{"line":35,"column":4},"end":{"line":35,"column":30}},{"start":{"line":36,"column":4},"end":{"line":36,"column":47}}],"line":34}},"s":{"0":7,"1":40,"2":40,"3":40,"4":40,"5":40,"6":40,"7":40,"8":40,"9":40,"10":40,"11":40},"f":{"0":40},"b":{"0":[1],"1":[40,0],"2":[1,39],"3":[40,40,40]},"_coverageSchema":"332fd63041d2c1bcb487cc26dd0d5f7d97098a6c","hash":"17960bba8ba7717f7bf225d12ff9428f8e5baeeb"}
,"/Users/seunghunlee/Clients/Seunghun/simplesurance/app/i18n.js": {"path":"/Users/seunghunlee/Clients/Seunghun/simplesurance/app/i18n.js","statementMap":{"0":{"start":{"line":16,"column":0},"end":{"line":16,"column":28}},"1":{"start":{"line":17,"column":0},"end":{"line":17,"column":28}},"2":{"start":{"line":19,"column":26},"end":{"line":22,"column":1}},"3":{"start":{"line":24,"column":41},"end":{"line":34,"column":1}},"4":{"start":{"line":25,"column":35},"end":{"line":27,"column":8}},"5":{"start":{"line":28,"column":2},"end":{"line":33,"column":9}},"6":{"start":{"line":29,"column":29},"end":{"line":31,"column":21}},"7":{"start":{"line":32,"column":4},"end":{"line":32,"column":73}},"8":{"start":{"line":36,"column":35},"end":{"line":39,"column":1}}},"fnMap":{"0":{"name":"(anonymous_0)","decl":{"start":{"line":24,"column":41},"end":{"line":24,"column":42}},"loc":{"start":{"line":24,"column":63},"end":{"line":34,"column":1}},"line":24},"1":{"name":"(anonymous_1)","decl":{"start":{"line":28,"column":38},"end":{"line":28,"column":39}},"loc":{"start":{"line":28,"column":66},"end":{"line":33,"column":3}},"line":28}},"branchMap":{"0":{"loc":{"start":{"line":25,"column":35},"end":{"line":27,"column":8}},"type":"cond-expr","locations":[{"start":{"line":26,"column":6},"end":{"line":26,"column":70}},{"start":{"line":27,"column":6},"end":{"line":27,"column":8}}],"line":25},"1":{"loc":{"start":{"line":29,"column":29},"end":{"line":31,"column":21}},"type":"cond-expr","locations":[{"start":{"line":30,"column":8},"end":{"line":30,"column":37}},{"start":{"line":31,"column":8},"end":{"line":31,"column":21}}],"line":29},"2":{"loc":{"start":{"line":29,"column":29},"end":{"line":29,"column":72}},"type":"binary-expr","locations":[{"start":{"line":29,"column":29},"end":{"line":29,"column":43}},{"start":{"line":29,"column":47},"end":{"line":29,"column":72}}],"line":29}},"s":{"0":7,"1":7,"2":7,"3":7,"4":24,"5":24,"6":560,"7":560,"8":7},"f":{"0":24,"1":560},"b":{"0":[8,16],"1":[57,503],"2":[560,57]},"_coverageSchema":"332fd63041d2c1bcb487cc26dd0d5f7d97098a6c","hash":"448449166bd1460572bcf872a506623e6c7612be"}
,"/Users/seunghunlee/Clients/Seunghun/simplesurance/app/reducers.js": {"path":"/Users/seunghunlee/Clients/Seunghun/simplesurance/app/reducers.js","statementMap":{"0":{"start":{"line":16,"column":2},"end":{"line":22,"column":5}}},"fnMap":{"0":{"name":"createReducer","decl":{"start":{"line":15,"column":24},"end":{"line":15,"column":37}},"loc":{"start":{"line":15,"column":56},"end":{"line":23,"column":1}},"line":15}},"branchMap":{},"s":{"0":45},"f":{"0":45},"b":{},"_coverageSchema":"332fd63041d2c1bcb487cc26dd0d5f7d97098a6c","hash":"965f88bcf8347d1f43b498038daa8ea142a0cbc0"}
,"/Users/seunghunlee/Clients/Seunghun/simplesurance/app/components/A/index.js": {"path":"/Users/seunghunlee/Clients/Seunghun/simplesurance/app/components/A/index.js","statementMap":{"0":{"start":{"line":7,"column":10},"end":{"line":13,"column":1}}},"fnMap":{},"branchMap":{},"s":{"0":11},"f":{},"b":{},"_coverageSchema":"332fd63041d2c1bcb487cc26dd0d5f7d97098a6c","hash":"094ca5e9c0e780b61283aef7d11786e2bb12fd0c"}
,"/Users/seunghunlee/Clients/Seunghun/simplesurance/app/components/Button/A.js": {"path":"/Users/seunghunlee/Clients/Seunghun/simplesurance/app/components/Button/A.js","statementMap":{"0":{"start":{"line":5,"column":10},"end":{"line":5,"column":35}}},"fnMap":{},"branchMap":{},"s":{"0":2},"f":{},"b":{},"_coverageSchema":"332fd63041d2c1bcb487cc26dd0d5f7d97098a6c","hash":"f71614c594b21c170d11be601ed83a2fd0ba431e"}
,"/Users/seunghunlee/Clients/Seunghun/simplesurance/app/components/Button/StyledButton.js": {"path":"/Users/seunghunlee/Clients/Seunghun/simplesurance/app/components/Button/StyledButton.js","statementMap":{"0":{"start":{"line":5,"column":21},"end":{"line":5,"column":51}}},"fnMap":{},"branchMap":{},"s":{"0":2},"f":{},"b":{},"_coverageSchema":"332fd63041d2c1bcb487cc26dd0d5f7d97098a6c","hash":"61caf22dfdfc5b34f82ab0d460170b57787eb981"}
,"/Users/seunghunlee/Clients/Seunghun/simplesurance/app/components/Button/Wrapper.js": {"path":"/Users/seunghunlee/Clients/Seunghun/simplesurance/app/components/Button/Wrapper.js","statementMap":{"0":{"start":{"line":3,"column":16},"end":{"line":7,"column":1}}},"fnMap":{},"branchMap":{},"s":{"0":2},"f":{},"b":{},"_coverageSchema":"332fd63041d2c1bcb487cc26dd0d5f7d97098a6c","hash":"77fd2f1422e9fbf0580f3328b0a7be532372a9aa"}
,"/Users/seunghunlee/Clients/Seunghun/simplesurance/app/components/Button/buttonStyles.js": {"path":"/Users/seunghunlee/Clients/Seunghun/simplesurance/app/components/Button/buttonStyles.js","statementMap":{"0":{"start":{"line":3,"column":21},"end":{"line":24,"column":1}}},"fnMap":{},"branchMap":{},"s":{"0":3},"f":{},"b":{},"_coverageSchema":"332fd63041d2c1bcb487cc26dd0d5f7d97098a6c","hash":"6c209438edc285f2333325ee2133ec4dcb7f3bc0"}
,"/Users/seunghunlee/Clients/Seunghun/simplesurance/app/components/Button/index.js": {"path":"/Users/seunghunlee/Clients/Seunghun/simplesurance/app/components/Button/index.js","statementMap":{"0":{"start":{"line":19,"column":4},"end":{"line":21,"column":8}},"1":{"start":{"line":25,"column":2},"end":{"line":31,"column":3}},"2":{"start":{"line":26,"column":4},"end":{"line":30,"column":6}},"3":{"start":{"line":33,"column":2},"end":{"line":37,"column":4}},"4":{"start":{"line":40,"column":0},"end":{"line":45,"column":2}}},"fnMap":{"0":{"name":"Button","decl":{"start":{"line":16,"column":9},"end":{"line":16,"column":15}},"loc":{"start":{"line":16,"column":23},"end":{"line":38,"column":1}},"line":16}},"branchMap":{"0":{"loc":{"start":{"line":25,"column":2},"end":{"line":31,"column":3}},"type":"if","locations":[{"start":{"line":25,"column":2},"end":{"line":31,"column":3}},{"start":{"line":25,"column":2},"end":{"line":31,"column":3}}],"line":25}},"s":{"0":7,"1":7,"2":2,"3":7,"4":1},"f":{"0":7},"b":{"0":[2,5]},"_coverageSchema":"332fd63041d2c1bcb487cc26dd0d5f7d97098a6c","hash":"5d133a2a6376d5b8409179c7c8a92af9f5fec1c5"}
,"/Users/seunghunlee/Clients/Seunghun/simplesurance/app/components/Footer/Wrapper.js": {"path":"/Users/seunghunlee/Clients/Seunghun/simplesurance/app/components/Footer/Wrapper.js","statementMap":{"0":{"start":{"line":3,"column":16},"end":{"line":8,"column":1}}},"fnMap":{},"branchMap":{},"s":{"0":5},"f":{},"b":{},"_coverageSchema":"332fd63041d2c1bcb487cc26dd0d5f7d97098a6c","hash":"8578789f2b269995b524e6a08acd099412090ad0"}
,"/Users/seunghunlee/Clients/Seunghun/simplesurance/app/components/Footer/index.js": {"path":"/Users/seunghunlee/Clients/Seunghun/simplesurance/app/components/Footer/index.js","statementMap":{"0":{"start":{"line":10,"column":2},"end":{"line":27,"column":4}}},"fnMap":{"0":{"name":"Footer","decl":{"start":{"line":9,"column":9},"end":{"line":9,"column":15}},"loc":{"start":{"line":9,"column":18},"end":{"line":28,"column":1}},"line":9}},"branchMap":{},"s":{"0":2},"f":{"0":2},"b":{},"_coverageSchema":"332fd63041d2c1bcb487cc26dd0d5f7d97098a6c","hash":"041530caa3fdc5ac2c3145cd0e14d25ec4af07c9"}
,"/Users/seunghunlee/Clients/Seunghun/simplesurance/app/components/Footer/messages.js": {"path":"/Users/seunghunlee/Clients/Seunghun/simplesurance/app/components/Footer/messages.js","statementMap":{},"fnMap":{},"branchMap":{},"s":{},"f":{},"b":{},"_coverageSchema":"332fd63041d2c1bcb487cc26dd0d5f7d97098a6c","hash":"7360fe6bfb44fa9e940a3e3b9d37ea1a884a8b16"}
,"/Users/seunghunlee/Clients/Seunghun/simplesurance/app/components/H1/index.js": {"path":"/Users/seunghunlee/Clients/Seunghun/simplesurance/app/components/H1/index.js","statementMap":{"0":{"start":{"line":3,"column":11},"end":{"line":6,"column":1}}},"fnMap":{},"branchMap":{},"s":{"0":3},"f":{},"b":{},"_coverageSchema":"332fd63041d2c1bcb487cc26dd0d5f7d97098a6c","hash":"0e9cb3e671ebb70177788a9b9d51f9486719cacf"}
,"/Users/seunghunlee/Clients/Seunghun/simplesurance/app/components/H2/index.js": {"path":"/Users/seunghunlee/Clients/Seunghun/simplesurance/app/components/H2/index.js","statementMap":{"0":{"start":{"line":3,"column":11},"end":{"line":5,"column":1}}},"fnMap":{},"branchMap":{},"s":{"0":2},"f":{},"b":{},"_coverageSchema":"332fd63041d2c1bcb487cc26dd0d5f7d97098a6c","hash":"516d71604f9fb8e094b35ab220094f27a37c7450"}
,"/Users/seunghunlee/Clients/Seunghun/simplesurance/app/components/H3/index.js": {"path":"/Users/seunghunlee/Clients/Seunghun/simplesurance/app/components/H3/index.js","statementMap":{"0":{"start":{"line":4,"column":2},"end":{"line":6,"column":4}}},"fnMap":{"0":{"name":"H3","decl":{"start":{"line":3,"column":9},"end":{"line":3,"column":11}},"loc":{"start":{"line":3,"column":19},"end":{"line":7,"column":1}},"line":3}},"branchMap":{},"s":{"0":2},"f":{"0":2},"b":{},"_coverageSchema":"332fd63041d2c1bcb487cc26dd0d5f7d97098a6c","hash":"32a659fe8a748aebbdc59a83ba092a2892163bf3"}
,"/Users/seunghunlee/Clients/Seunghun/simplesurance/app/components/Header/A.js": {"path":"/Users/seunghunlee/Clients/Seunghun/simplesurance/app/components/Header/A.js","statementMap":{"0":{"start":{"line":3,"column":10},"end":{"line":5,"column":1}}},"fnMap":{},"branchMap":{},"s":{"0":5},"f":{},"b":{},"_coverageSchema":"332fd63041d2c1bcb487cc26dd0d5f7d97098a6c","hash":"fbeffc2be49f4cce555059a4c5f0b232cc19e02c"}
,"/Users/seunghunlee/Clients/Seunghun/simplesurance/app/components/Header/HeaderLink.js": {"path":"/Users/seunghunlee/Clients/Seunghun/simplesurance/app/components/Header/HeaderLink.js","statementMap":{},"fnMap":{},"branchMap":{},"s":{},"f":{},"b":{},"_coverageSchema":"332fd63041d2c1bcb487cc26dd0d5f7d97098a6c","hash":"d32a07c823adce2786bc63d36fdf487ee1d3f879"}
,"/Users/seunghunlee/Clients/Seunghun/simplesurance/app/components/Header/Img.js": {"path":"/Users/seunghunlee/Clients/Seunghun/simplesurance/app/components/Header/Img.js","statementMap":{"0":{"start":{"line":5,"column":12},"end":{"line":9,"column":1}}},"fnMap":{},"branchMap":{},"s":{"0":5},"f":{},"b":{},"_coverageSchema":"332fd63041d2c1bcb487cc26dd0d5f7d97098a6c","hash":"b0b32efc443983c007e5bac4a187750743d0c33f"}
,"/Users/seunghunlee/Clients/Seunghun/simplesurance/app/components/Header/NavBar.js": {"path":"/Users/seunghunlee/Clients/Seunghun/simplesurance/app/components/Header/NavBar.js","statementMap":{},"fnMap":{},"branchMap":{},"s":{},"f":{},"b":{},"_coverageSchema":"332fd63041d2c1bcb487cc26dd0d5f7d97098a6c","hash":"f52314b131197f59435d4fdf714eb829341b03d6"}
,"/Users/seunghunlee/Clients/Seunghun/simplesurance/app/components/Header/index.js": {"path":"/Users/seunghunlee/Clients/Seunghun/simplesurance/app/components/Header/index.js","statementMap":{"0":{"start":{"line":13,"column":4},"end":{"line":27,"column":6}}},"fnMap":{"0":{"name":"(anonymous_0)","decl":{"start":{"line":12,"column":2},"end":{"line":12,"column":3}},"loc":{"start":{"line":12,"column":11},"end":{"line":28,"column":3}},"line":12}},"branchMap":{},"s":{"0":1},"f":{"0":1},"b":{},"_coverageSchema":"332fd63041d2c1bcb487cc26dd0d5f7d97098a6c","hash":"656bf484424a06f01813f949a38904827a5e1fbf"}
,"/Users/seunghunlee/Clients/Seunghun/simplesurance/app/components/Header/messages.js": {"path":"/Users/seunghunlee/Clients/Seunghun/simplesurance/app/components/Header/messages.js","statementMap":{},"fnMap":{},"branchMap":{},"s":{},"f":{},"b":{},"_coverageSchema":"332fd63041d2c1bcb487cc26dd0d5f7d97098a6c","hash":"dd04d9b690bf8ce9293abc745008cc2b0c3059ef"}
,"/Users/seunghunlee/Clients/Seunghun/simplesurance/app/components/Img/index.js": {"path":"/Users/seunghunlee/Clients/Seunghun/simplesurance/app/components/Img/index.js","statementMap":{"0":{"start":{"line":12,"column":2},"end":{"line":14,"column":4}},"1":{"start":{"line":18,"column":0},"end":{"line":25,"column":2}}},"fnMap":{"0":{"name":"Img","decl":{"start":{"line":11,"column":9},"end":{"line":11,"column":12}},"loc":{"start":{"line":11,"column":20},"end":{"line":15,"column":1}},"line":11}},"branchMap":{},"s":{"0":10,"1":6},"f":{"0":10},"b":{},"_coverageSchema":"332fd63041d2c1bcb487cc26dd0d5f7d97098a6c","hash":"0003276cfeed950f9446cce51b4c37782b6bb98b"}
,"/Users/seunghunlee/Clients/Seunghun/simplesurance/app/components/IssueIcon/index.js": {"path":"/Users/seunghunlee/Clients/Seunghun/simplesurance/app/components/IssueIcon/index.js","statementMap":{"0":{"start":{"line":5,"column":2},"end":{"line":13,"column":4}},"1":{"start":{"line":16,"column":0},"end":{"line":18,"column":2}}},"fnMap":{"0":{"name":"IssueIcon","decl":{"start":{"line":4,"column":9},"end":{"line":4,"column":18}},"loc":{"start":{"line":4,"column":26},"end":{"line":14,"column":1}},"line":4}},"branchMap":{},"s":{"0":7,"1":4},"f":{"0":7},"b":{},"_coverageSchema":"332fd63041d2c1bcb487cc26dd0d5f7d97098a6c","hash":"3cca51b3f3fe6bc596d2684b1d7a0a65dbf3d3f4"}
,"/Users/seunghunlee/Clients/Seunghun/simplesurance/app/components/List/Ul.js": {"path":"/Users/seunghunlee/Clients/Seunghun/simplesurance/app/components/List/Ul.js","statementMap":{"0":{"start":{"line":3,"column":11},"end":{"line":10,"column":1}}},"fnMap":{},"branchMap":{},"s":{"0":3},"f":{},"b":{},"_coverageSchema":"332fd63041d2c1bcb487cc26dd0d5f7d97098a6c","hash":"39bdb6e8630e121f230d4f673d3129a2b77700a4"}
,"/Users/seunghunlee/Clients/Seunghun/simplesurance/app/components/List/Wrapper.js": {"path":"/Users/seunghunlee/Clients/Seunghun/simplesurance/app/components/List/Wrapper.js","statementMap":{"0":{"start":{"line":3,"column":16},"end":{"line":11,"column":1}}},"fnMap":{},"branchMap":{},"s":{"0":3},"f":{},"b":{},"_coverageSchema":"332fd63041d2c1bcb487cc26dd0d5f7d97098a6c","hash":"d073191660fa5119704789c85bc3f9794d171465"}
,"/Users/seunghunlee/Clients/Seunghun/simplesurance/app/components/List/index.js": {"path":"/Users/seunghunlee/Clients/Seunghun/simplesurance/app/components/List/index.js","statementMap":{"0":{"start":{"line":8,"column":28},"end":{"line":8,"column":43}},"1":{"start":{"line":9,"column":17},"end":{"line":9,"column":28}},"2":{"start":{"line":12,"column":2},"end":{"line":19,"column":3}},"3":{"start":{"line":13,"column":4},"end":{"line":15,"column":7}},"4":{"start":{"line":14,"column":6},"end":{"line":14,"column":63}},"5":{"start":{"line":18,"column":4},"end":{"line":18,"column":38}},"6":{"start":{"line":21,"column":2},"end":{"line":27,"column":4}},"7":{"start":{"line":30,"column":0},"end":{"line":33,"column":2}}},"fnMap":{"0":{"name":"List","decl":{"start":{"line":7,"column":9},"end":{"line":7,"column":13}},"loc":{"start":{"line":7,"column":21},"end":{"line":28,"column":1}},"line":7},"1":{"name":"(anonymous_1)","decl":{"start":{"line":13,"column":30},"end":{"line":13,"column":31}},"loc":{"start":{"line":14,"column":6},"end":{"line":14,"column":63}},"line":14}},"branchMap":{"0":{"loc":{"start":{"line":12,"column":2},"end":{"line":19,"column":3}},"type":"if","locations":[{"start":{"line":12,"column":2},"end":{"line":19,"column":3}},{"start":{"line":12,"column":2},"end":{"line":19,"column":3}}],"line":12}},"s":{"0":3,"1":3,"2":3,"3":1,"4":2,"5":2,"6":3,"7":2},"f":{"0":3,"1":2},"b":{"0":[1,2]},"_coverageSchema":"332fd63041d2c1bcb487cc26dd0d5f7d97098a6c","hash":"3473a29c0299e0abc5b7de380d4df6629c161abe"}
,"/Users/seunghunlee/Clients/Seunghun/simplesurance/app/components/ListItem/Item.js": {"path":"/Users/seunghunlee/Clients/Seunghun/simplesurance/app/components/ListItem/Item.js","statementMap":{"0":{"start":{"line":3,"column":13},"end":{"line":9,"column":1}}},"fnMap":{},"branchMap":{},"s":{"0":5},"f":{},"b":{},"_coverageSchema":"332fd63041d2c1bcb487cc26dd0d5f7d97098a6c","hash":"5cfeefbfd78d2adfe190107e5284bf8718d5e00e"}
,"/Users/seunghunlee/Clients/Seunghun/simplesurance/app/components/ListItem/Wrapper.js": {"path":"/Users/seunghunlee/Clients/Seunghun/simplesurance/app/components/ListItem/Wrapper.js","statementMap":{"0":{"start":{"line":3,"column":16},"end":{"line":14,"column":1}}},"fnMap":{},"branchMap":{},"s":{"0":5},"f":{},"b":{},"_coverageSchema":"332fd63041d2c1bcb487cc26dd0d5f7d97098a6c","hash":"90c310564befe2fe56d2f9c7c74e1cbd06e00e51"}
,"/Users/seunghunlee/Clients/Seunghun/simplesurance/app/components/ListItem/index.js": {"path":"/Users/seunghunlee/Clients/Seunghun/simplesurance/app/components/ListItem/index.js","statementMap":{"0":{"start":{"line":8,"column":2},"end":{"line":14,"column":4}},"1":{"start":{"line":17,"column":0},"end":{"line":19,"column":2}}},"fnMap":{"0":{"name":"ListItem","decl":{"start":{"line":7,"column":9},"end":{"line":7,"column":17}},"loc":{"start":{"line":7,"column":25},"end":{"line":15,"column":1}},"line":7}},"branchMap":{},"s":{"0":8,"1":4},"f":{"0":8},"b":{},"_coverageSchema":"332fd63041d2c1bcb487cc26dd0d5f7d97098a6c","hash":"131eb4bcdbc090e3cbc53801ddec50b08651c2d8"}
,"/Users/seunghunlee/Clients/Seunghun/simplesurance/app/components/LoadingIndicator/Circle.js": {"path":"/Users/seunghunlee/Clients/Seunghun/simplesurance/app/components/LoadingIndicator/Circle.js","statementMap":{"0":{"start":{"line":5,"column":24},"end":{"line":15,"column":1}},"1":{"start":{"line":17,"column":15},"end":{"line":46,"column":1}},"2":{"start":{"line":18,"column":26},"end":{"line":44,"column":3}},"3":{"start":{"line":45,"column":2},"end":{"line":45,"column":29}},"4":{"start":{"line":48,"column":0},"end":{"line":51,"column":2}}},"fnMap":{"0":{"name":"(anonymous_0)","decl":{"start":{"line":17,"column":15},"end":{"line":17,"column":16}},"loc":{"start":{"line":17,"column":26},"end":{"line":46,"column":1}},"line":17}},"branchMap":{"0":{"loc":{"start":{"line":24,"column":6},"end":{"line":28,"column":5}},"type":"binary-expr","locations":[{"start":{"line":24,"column":6},"end":{"line":24,"column":18}},{"start":{"line":24,"column":22},"end":{"line":28,"column":5}}],"line":24},"1":{"loc":{"start":{"line":39,"column":8},"end":{"line":42,"column":7}},"type":"binary-expr","locations":[{"start":{"line":39,"column":8},"end":{"line":39,"column":19}},{"start":{"line":39,"column":23},"end":{"line":42,"column":7}}],"line":39}},"s":{"0":7,"1":7,"2":15,"3":15,"4":7},"f":{"0":15},"b":{"0":[15,11],"1":[15,11]},"_coverageSchema":"332fd63041d2c1bcb487cc26dd0d5f7d97098a6c","hash":"5ee09a6ac252a94d5827f060cddb5cf66824e840"}
,"/Users/seunghunlee/Clients/Seunghun/simplesurance/app/components/LoadingIndicator/Wrapper.js": {"path":"/Users/seunghunlee/Clients/Seunghun/simplesurance/app/components/LoadingIndicator/Wrapper.js","statementMap":{"0":{"start":{"line":3,"column":16},"end":{"line":8,"column":1}}},"fnMap":{},"branchMap":{},"s":{"0":7},"f":{},"b":{},"_coverageSchema":"332fd63041d2c1bcb487cc26dd0d5f7d97098a6c","hash":"d5da2fa9acc84743895a2dda31da9adf45f1cb00"}
,"/Users/seunghunlee/Clients/Seunghun/simplesurance/app/components/LoadingIndicator/index.js": {"path":"/Users/seunghunlee/Clients/Seunghun/simplesurance/app/components/LoadingIndicator/index.js","statementMap":{"0":{"start":{"line":6,"column":25},"end":{"line":21,"column":1}},"1":{"start":{"line":7,"column":2},"end":{"line":20,"column":12}}},"fnMap":{"0":{"name":"(anonymous_0)","decl":{"start":{"line":6,"column":25},"end":{"line":6,"column":26}},"loc":{"start":{"line":7,"column":2},"end":{"line":20,"column":12}},"line":7}},"branchMap":{},"s":{"0":6,"1":1},"f":{"0":1},"b":{},"_coverageSchema":"332fd63041d2c1bcb487cc26dd0d5f7d97098a6c","hash":"1cb97ac3a1b9c80b3cd8e7d565df53dd92e0d60f"}
,"/Users/seunghunlee/Clients/Seunghun/simplesurance/app/components/ReposList/index.js": {"path":"/Users/seunghunlee/Clients/Seunghun/simplesurance/app/components/ReposList/index.js","statementMap":{"0":{"start":{"line":10,"column":2},"end":{"line":12,"column":3}},"1":{"start":{"line":11,"column":4},"end":{"line":11,"column":49}},"2":{"start":{"line":14,"column":2},"end":{"line":19,"column":3}},"3":{"start":{"line":15,"column":27},"end":{"line":17,"column":5}},"4":{"start":{"line":16,"column":6},"end":{"line":16,"column":67}},"5":{"start":{"line":18,"column":4},"end":{"line":18,"column":47}},"6":{"start":{"line":21,"column":2},"end":{"line":23,"column":3}},"7":{"start":{"line":22,"column":4},"end":{"line":22,"column":59}},"8":{"start":{"line":25,"column":2},"end":{"line":25,"column":14}},"9":{"start":{"line":28,"column":0},"end":{"line":32,"column":2}}},"fnMap":{"0":{"name":"ReposList","decl":{"start":{"line":9,"column":9},"end":{"line":9,"column":18}},"loc":{"start":{"line":9,"column":46},"end":{"line":26,"column":1}},"line":9},"1":{"name":"(anonymous_1)","decl":{"start":{"line":15,"column":27},"end":{"line":15,"column":28}},"loc":{"start":{"line":16,"column":6},"end":{"line":16,"column":67}},"line":16}},"branchMap":{"0":{"loc":{"start":{"line":10,"column":2},"end":{"line":12,"column":3}},"type":"if","locations":[{"start":{"line":10,"column":2},"end":{"line":12,"column":3}},{"start":{"line":10,"column":2},"end":{"line":12,"column":3}}],"line":10},"1":{"loc":{"start":{"line":14,"column":2},"end":{"line":19,"column":3}},"type":"if","locations":[{"start":{"line":14,"column":2},"end":{"line":19,"column":3}},{"start":{"line":14,"column":2},"end":{"line":19,"column":3}}],"line":14},"2":{"loc":{"start":{"line":21,"column":2},"end":{"line":23,"column":3}},"type":"if","locations":[{"start":{"line":21,"column":2},"end":{"line":23,"column":3}},{"start":{"line":21,"column":2},"end":{"line":23,"column":3}}],"line":21}},"s":{"0":4,"1":1,"2":3,"3":1,"4":1,"5":1,"6":2,"7":1,"8":1,"9":1},"f":{"0":4,"1":1},"b":{"0":[1,3],"1":[1,2],"2":[1,1]},"_coverageSchema":"332fd63041d2c1bcb487cc26dd0d5f7d97098a6c","hash":"6342200af080b672bf9792600c1d4fca2db0716f"}
,"/Users/seunghunlee/Clients/Seunghun/simplesurance/app/components/Toggle/Select.js": {"path":"/Users/seunghunlee/Clients/Seunghun/simplesurance/app/components/Toggle/Select.js","statementMap":{"0":{"start":{"line":3,"column":15},"end":{"line":6,"column":1}}},"fnMap":{},"branchMap":{},"s":{"0":7},"f":{},"b":{},"_coverageSchema":"332fd63041d2c1bcb487cc26dd0d5f7d97098a6c","hash":"c7fcd6155fcaeddcde1a718b2dcab079c68c4786"}
,"/Users/seunghunlee/Clients/Seunghun/simplesurance/app/components/Toggle/index.js": {"path":"/Users/seunghunlee/Clients/Seunghun/simplesurance/app/components/Toggle/index.js","statementMap":{"0":{"start":{"line":14,"column":17},"end":{"line":14,"column":36}},"1":{"start":{"line":17,"column":2},"end":{"line":21,"column":3}},"2":{"start":{"line":18,"column":4},"end":{"line":20,"column":7}},"3":{"start":{"line":19,"column":6},"end":{"line":19,"column":80}},"4":{"start":{"line":23,"column":2},"end":{"line":27,"column":4}},"5":{"start":{"line":30,"column":0},"end":{"line":35,"column":2}}},"fnMap":{"0":{"name":"Toggle","decl":{"start":{"line":13,"column":9},"end":{"line":13,"column":15}},"loc":{"start":{"line":13,"column":23},"end":{"line":28,"column":1}},"line":13},"1":{"name":"(anonymous_1)","decl":{"start":{"line":18,"column":31},"end":{"line":18,"column":32}},"loc":{"start":{"line":19,"column":6},"end":{"line":19,"column":80}},"line":19}},"branchMap":{"0":{"loc":{"start":{"line":17,"column":2},"end":{"line":21,"column":3}},"type":"if","locations":[{"start":{"line":17,"column":2},"end":{"line":21,"column":3}},{"start":{"line":17,"column":2},"end":{"line":21,"column":3}}],"line":17}},"s":{"0":2,"1":2,"2":1,"3":2,"4":2,"5":6},"f":{"0":2,"1":2},"b":{"0":[1,1]},"_coverageSchema":"332fd63041d2c1bcb487cc26dd0d5f7d97098a6c","hash":"ca5f7b2f26971af8b95fa48e3d12af9e42bb7e3c"}
,"/Users/seunghunlee/Clients/Seunghun/simplesurance/app/components/ToggleOption/index.js": {"path":"/Users/seunghunlee/Clients/Seunghun/simplesurance/app/components/ToggleOption/index.js","statementMap":{"0":{"start":{"line":11,"column":21},"end":{"line":15,"column":1}},"1":{"start":{"line":12,"column":2},"end":{"line":14,"column":11}},"2":{"start":{"line":17,"column":0},"end":{"line":21,"column":2}}},"fnMap":{"0":{"name":"(anonymous_0)","decl":{"start":{"line":11,"column":21},"end":{"line":11,"column":22}},"loc":{"start":{"line":12,"column":2},"end":{"line":14,"column":11}},"line":12}},"branchMap":{"0":{"loc":{"start":{"line":13,"column":5},"end":{"line":13,"column":50}},"type":"cond-expr","locations":[{"start":{"line":13,"column":15},"end":{"line":13,"column":42}},{"start":{"line":13,"column":45},"end":{"line":13,"column":50}}],"line":13}},"s":{"0":7,"1":3,"2":7},"f":{"0":3},"b":{"0":[2,1]},"_coverageSchema":"332fd63041d2c1bcb487cc26dd0d5f7d97098a6c","hash":"08a1a8fd4ba3a4af0de287ef83a8417cd7b8bf46"}
,"/Users/seunghunlee/Clients/Seunghun/simplesurance/app/components/WizardForm/WizardFormPage.js": {"path":"/Users/seunghunlee/Clients/Seunghun/simplesurance/app/components/WizardForm/WizardFormPage.js","statementMap":{"0":{"start":{"line":9,"column":17},"end":{"line":9,"column":26}},"1":{"start":{"line":10,"column":19},"end":{"line":10,"column":30}},"2":{"start":{"line":11,"column":19},"end":{"line":11,"column":25}},"3":{"start":{"line":12,"column":21},"end":{"line":12,"column":26}},"4":{"start":{"line":14,"column":23},"end":{"line":23,"column":1}},"5":{"start":{"line":25,"column":27},"end":{"line":36,"column":1}},"6":{"start":{"line":37,"column":17},"end":{"line":39,"column":1}},"7":{"start":{"line":38,"column":2},"end":{"line":38,"column":41}},"8":{"start":{"line":40,"column":17},"end":{"line":42,"column":1}},"9":{"start":{"line":41,"column":2},"end":{"line":41,"column":55}},"10":{"start":{"line":43,"column":18},"end":{"line":56,"column":1}},"11":{"start":{"line":43,"column":31},"end":{"line":56,"column":1}},"12":{"start":{"line":44,"column":19},"end":{"line":44,"column":47}},"13":{"start":{"line":45,"column":2},"end":{"line":55,"column":4}},"14":{"start":{"line":57,"column":28},"end":{"line":70,"column":1}},"15":{"start":{"line":57,"column":41},"end":{"line":70,"column":1}},"16":{"start":{"line":58,"column":19},"end":{"line":58,"column":47}},"17":{"start":{"line":59,"column":2},"end":{"line":69,"column":4}},"18":{"start":{"line":67,"column":156},"end":{"line":67,"column":182}},"19":{"start":{"line":71,"column":15},"end":{"line":71,"column":31}},"20":{"start":{"line":72,"column":20},"end":{"line":72,"column":41}},"21":{"start":{"line":73,"column":16},"end":{"line":73,"column":33}},"22":{"start":{"line":74,"column":18},"end":{"line":74,"column":37}},"23":{"start":{"line":75,"column":18},"end":{"line":75,"column":37}},"24":{"start":{"line":76,"column":20},"end":{"line":76,"column":51}},"25":{"start":{"line":78,"column":21},"end":{"line":137,"column":1}},"26":{"start":{"line":79,"column":112},"end":{"line":79,"column":117}},"27":{"start":{"line":81,"column":2},"end":{"line":136,"column":3}},"28":{"start":{"line":139,"column":0},"end":{"line":143,"column":18}},"29":{"start":{"line":145,"column":0},"end":{"line":145,"column":43}}},"fnMap":{"0":{"name":"(anonymous_0)","decl":{"start":{"line":37,"column":17},"end":{"line":37,"column":18}},"loc":{"start":{"line":37,"column":26},"end":{"line":39,"column":1}},"line":37},"1":{"name":"(anonymous_1)","decl":{"start":{"line":40,"column":17},"end":{"line":40,"column":18}},"loc":{"start":{"line":40,"column":26},"end":{"line":42,"column":1}},"line":40},"2":{"name":"(anonymous_2)","decl":{"start":{"line":43,"column":18},"end":{"line":43,"column":19}},"loc":{"start":{"line":43,"column":31},"end":{"line":56,"column":1}},"line":43},"3":{"name":"(anonymous_3)","decl":{"start":{"line":43,"column":31},"end":{"line":43,"column":32}},"loc":{"start":{"line":43,"column":91},"end":{"line":56,"column":1}},"line":43},"4":{"name":"(anonymous_4)","decl":{"start":{"line":57,"column":28},"end":{"line":57,"column":29}},"loc":{"start":{"line":57,"column":41},"end":{"line":70,"column":1}},"line":57},"5":{"name":"(anonymous_5)","decl":{"start":{"line":57,"column":41},"end":{"line":57,"column":42}},"loc":{"start":{"line":57,"column":101},"end":{"line":70,"column":1}},"line":57},"6":{"name":"(anonymous_6)","decl":{"start":{"line":67,"column":134},"end":{"line":67,"column":135}},"loc":{"start":{"line":67,"column":156},"end":{"line":67,"column":182}},"line":67},"7":{"name":"(anonymous_7)","decl":{"start":{"line":78,"column":21},"end":{"line":78,"column":22}},"loc":{"start":{"line":78,"column":30},"end":{"line":137,"column":1}},"line":78}},"branchMap":{"0":{"loc":{"start":{"line":38,"column":10},"end":{"line":38,"column":40}},"type":"cond-expr","locations":[{"start":{"line":38,"column":18},"end":{"line":38,"column":27}},{"start":{"line":38,"column":30},"end":{"line":38,"column":40}}],"line":38},"1":{"loc":{"start":{"line":41,"column":10},"end":{"line":41,"column":54}},"type":"cond-expr","locations":[{"start":{"line":41,"column":26},"end":{"line":41,"column":35}},{"start":{"line":41,"column":38},"end":{"line":41,"column":54}}],"line":41},"2":{"loc":{"start":{"line":44,"column":19},"end":{"line":44,"column":47}},"type":"binary-expr","locations":[{"start":{"line":44,"column":19},"end":{"line":44,"column":31}},{"start":{"line":44,"column":35},"end":{"line":44,"column":47}}],"line":44},"3":{"loc":{"start":{"line":49,"column":22},"end":{"line":49,"column":52}},"type":"cond-expr","locations":[{"start":{"line":49,"column":33},"end":{"line":49,"column":40}},{"start":{"line":49,"column":43},"end":{"line":49,"column":52}}],"line":49},"4":{"loc":{"start":{"line":50,"column":19},"end":{"line":50,"column":42}},"type":"binary-expr","locations":[{"start":{"line":50,"column":19},"end":{"line":50,"column":30}},{"start":{"line":50,"column":34},"end":{"line":50,"column":42}}],"line":50},"5":{"loc":{"start":{"line":51,"column":12},"end":{"line":51,"column":34}},"type":"binary-expr","locations":[{"start":{"line":51,"column":12},"end":{"line":51,"column":20}},{"start":{"line":51,"column":24},"end":{"line":51,"column":34}}],"line":51},"6":{"loc":{"start":{"line":58,"column":19},"end":{"line":58,"column":47}},"type":"binary-expr","locations":[{"start":{"line":58,"column":19},"end":{"line":58,"column":31}},{"start":{"line":58,"column":35},"end":{"line":58,"column":47}}],"line":58},"7":{"loc":{"start":{"line":63,"column":22},"end":{"line":63,"column":52}},"type":"cond-expr","locations":[{"start":{"line":63,"column":33},"end":{"line":63,"column":40}},{"start":{"line":63,"column":43},"end":{"line":63,"column":52}}],"line":63},"8":{"loc":{"start":{"line":64,"column":19},"end":{"line":64,"column":42}},"type":"binary-expr","locations":[{"start":{"line":64,"column":19},"end":{"line":64,"column":30}},{"start":{"line":64,"column":34},"end":{"line":64,"column":42}}],"line":64},"9":{"loc":{"start":{"line":65,"column":12},"end":{"line":65,"column":34}},"type":"binary-expr","locations":[{"start":{"line":65,"column":12},"end":{"line":65,"column":20}},{"start":{"line":65,"column":24},"end":{"line":65,"column":34}}],"line":65},"10":{"loc":{"start":{"line":67,"column":34},"end":{"line":67,"column":102}},"type":"cond-expr","locations":[{"start":{"line":67,"column":55},"end":{"line":67,"column":88}},{"start":{"line":67,"column":91},"end":{"line":67,"column":102}}],"line":67},"11":{"loc":{"start":{"line":83,"column":9},"end":{"line":90,"column":12}},"type":"binary-expr","locations":[{"start":{"line":83,"column":9},"end":{"line":83,"column":37}},{"start":{"line":84,"column":10},"end":{"line":90,"column":12}}],"line":83},"12":{"loc":{"start":{"line":92,"column":9},"end":{"line":99,"column":12}},"type":"binary-expr","locations":[{"start":{"line":92,"column":9},"end":{"line":92,"column":35}},{"start":{"line":93,"column":10},"end":{"line":99,"column":12}}],"line":92},"13":{"loc":{"start":{"line":101,"column":9},"end":{"line":108,"column":12}},"type":"binary-expr","locations":[{"start":{"line":101,"column":9},"end":{"line":101,"column":37}},{"start":{"line":102,"column":10},"end":{"line":108,"column":12}}],"line":101},"14":{"loc":{"start":{"line":110,"column":9},"end":{"line":120,"column":18}},"type":"binary-expr","locations":[{"start":{"line":110,"column":9},"end":{"line":110,"column":38}},{"start":{"line":111,"column":10},"end":{"line":120,"column":18}}],"line":110},"15":{"loc":{"start":{"line":123,"column":11},"end":{"line":126,"column":21}},"type":"binary-expr","locations":[{"start":{"line":123,"column":11},"end":{"line":123,"column":23}},{"start":{"line":124,"column":12},"end":{"line":126,"column":21}}],"line":123},"16":{"loc":{"start":{"line":128,"column":12},"end":{"line":129,"column":68}},"type":"binary-expr","locations":[{"start":{"line":128,"column":12},"end":{"line":128,"column":37}},{"start":{"line":129,"column":12},"end":{"line":129,"column":68}}],"line":128},"17":{"loc":{"start":{"line":131,"column":12},"end":{"line":132,"column":94}},"type":"binary-expr","locations":[{"start":{"line":131,"column":12},"end":{"line":131,"column":37}},{"start":{"line":132,"column":12},"end":{"line":132,"column":94}}],"line":131}},"s":{"0":2,"1":2,"2":2,"3":2,"4":2,"5":2,"6":2,"7":0,"8":2,"9":0,"10":2,"11":10,"12":0,"13":0,"14":2,"15":2,"16":0,"17":0,"18":0,"19":2,"20":2,"21":2,"22":2,"23":2,"24":2,"25":2,"26":0,"27":0,"28":2,"29":2},"f":{"0":0,"1":0,"2":10,"3":0,"4":2,"5":0,"6":0,"7":0},"b":{"0":[0,0],"1":[0,0],"2":[0,0],"3":[0,0],"4":[0,0],"5":[0,0],"6":[0,0],"7":[0,0],"8":[0,0],"9":[0,0],"10":[0,0],"11":[0,0],"12":[0,0],"13":[0,0],"14":[0,0],"15":[0,0],"16":[0,0],"17":[0,0]},"_coverageSchema":"332fd63041d2c1bcb487cc26dd0d5f7d97098a6c","hash":"7b54c8b6b745dc3975adf6d1b1730a360286b969"}
,"/Users/seunghunlee/Clients/Seunghun/simplesurance/app/components/WizardForm/index.js": {"path":"/Users/seunghunlee/Clients/Seunghun/simplesurance/app/components/WizardForm/index.js","statementMap":{"0":{"start":{"line":9,"column":4},"end":{"line":9,"column":16}},"1":{"start":{"line":10,"column":4},"end":{"line":10,"column":44}},"2":{"start":{"line":11,"column":4},"end":{"line":11,"column":52}},"3":{"start":{"line":12,"column":4},"end":{"line":12,"column":50}},"4":{"start":{"line":13,"column":4},"end":{"line":15,"column":5}},"5":{"start":{"line":18,"column":25},"end":{"line":18,"column":32}},"6":{"start":{"line":19,"column":26},"end":{"line":19,"column":243}},"7":{"start":{"line":19,"column":214},"end":{"line":19,"column":232}},"8":{"start":{"line":20,"column":4},"end":{"line":42,"column":5}},"9":{"start":{"line":22,"column":6},"end":{"line":36,"column":8}},"10":{"start":{"line":23,"column":8},"end":{"line":35,"column":9}},"11":{"start":{"line":24,"column":10},"end":{"line":24,"column":44}},"12":{"start":{"line":25,"column":10},"end":{"line":34,"column":15}},"13":{"start":{"line":28,"column":65},"end":{"line":28,"column":92}},"14":{"start":{"line":37,"column":6},"end":{"line":41,"column":7}},"15":{"start":{"line":43,"column":4},"end":{"line":43,"column":53}},"16":{"start":{"line":44,"column":33},"end":{"line":44,"column":54}},"17":{"start":{"line":47,"column":4},"end":{"line":47,"column":32}},"18":{"start":{"line":50,"column":4},"end":{"line":50,"column":46}},"19":{"start":{"line":54,"column":4},"end":{"line":54,"column":46}},"20":{"start":{"line":58,"column":19},"end":{"line":58,"column":29}},"21":{"start":{"line":59,"column":4},"end":{"line":66,"column":5}},"22":{"start":{"line":63,"column":10},"end":{"line":63,"column":139}},"23":{"start":{"line":63,"column":65},"end":{"line":63,"column":84}},"24":{"start":{"line":70,"column":24},"end":{"line":74,"column":1}},"25":{"start":{"line":71,"column":2},"end":{"line":73,"column":3}},"26":{"start":{"line":75,"column":27},"end":{"line":80,"column":1}},"27":{"start":{"line":76,"column":2},"end":{"line":79,"column":3}},"28":{"start":{"line":78,"column":27},"end":{"line":78,"column":54}}},"fnMap":{"0":{"name":"(anonymous_0)","decl":{"start":{"line":8,"column":2},"end":{"line":8,"column":3}},"loc":{"start":{"line":8,"column":21},"end":{"line":16,"column":3}},"line":8},"1":{"name":"(anonymous_1)","decl":{"start":{"line":17,"column":2},"end":{"line":17,"column":3}},"loc":{"start":{"line":17,"column":22},"end":{"line":45,"column":3}},"line":17},"2":{"name":"(anonymous_2)","decl":{"start":{"line":19,"column":202},"end":{"line":19,"column":203}},"loc":{"start":{"line":19,"column":214},"end":{"line":19,"column":232}},"line":19},"3":{"name":"(anonymous_3)","decl":{"start":{"line":22,"column":31},"end":{"line":22,"column":32}},"loc":{"start":{"line":22,"column":52},"end":{"line":36,"column":7}},"line":22},"4":{"name":"(anonymous_4)","decl":{"start":{"line":28,"column":52},"end":{"line":28,"column":53}},"loc":{"start":{"line":28,"column":65},"end":{"line":28,"column":92}},"line":28},"5":{"name":"(anonymous_5)","decl":{"start":{"line":46,"column":2},"end":{"line":46,"column":3}},"loc":{"start":{"line":46,"column":16},"end":{"line":48,"column":3}},"line":46},"6":{"name":"(anonymous_6)","decl":{"start":{"line":49,"column":2},"end":{"line":49,"column":3}},"loc":{"start":{"line":49,"column":13},"end":{"line":51,"column":3}},"line":49},"7":{"name":"(anonymous_7)","decl":{"start":{"line":53,"column":2},"end":{"line":53,"column":3}},"loc":{"start":{"line":53,"column":17},"end":{"line":55,"column":3}},"line":53},"8":{"name":"(anonymous_8)","decl":{"start":{"line":57,"column":2},"end":{"line":57,"column":3}},"loc":{"start":{"line":57,"column":11},"end":{"line":67,"column":3}},"line":57},"9":{"name":"(anonymous_9)","decl":{"start":{"line":62,"column":72},"end":{"line":62,"column":73}},"loc":{"start":{"line":62,"column":79},"end":{"line":64,"column":9}},"line":62},"10":{"name":"(anonymous_10)","decl":{"start":{"line":63,"column":53},"end":{"line":63,"column":54}},"loc":{"start":{"line":63,"column":65},"end":{"line":63,"column":84}},"line":63},"11":{"name":"(anonymous_11)","decl":{"start":{"line":70,"column":24},"end":{"line":70,"column":25}},"loc":{"start":{"line":70,"column":45},"end":{"line":74,"column":1}},"line":70},"12":{"name":"(anonymous_12)","decl":{"start":{"line":75,"column":27},"end":{"line":75,"column":28}},"loc":{"start":{"line":75,"column":51},"end":{"line":80,"column":1}},"line":75},"13":{"name":"(anonymous_13)","decl":{"start":{"line":78,"column":21},"end":{"line":78,"column":22}},"loc":{"start":{"line":78,"column":27},"end":{"line":78,"column":54}},"line":78}},"branchMap":{"0":{"loc":{"start":{"line":19,"column":151},"end":{"line":19,"column":238}},"type":"cond-expr","locations":[{"start":{"line":19,"column":174},"end":{"line":19,"column":233}},{"start":{"line":19,"column":236},"end":{"line":19,"column":238}}],"line":19},"1":{"loc":{"start":{"line":20,"column":4},"end":{"line":42,"column":5}},"type":"if","locations":[{"start":{"line":20,"column":4},"end":{"line":42,"column":5}},{"start":{"line":20,"column":4},"end":{"line":42,"column":5}}],"line":20},"2":{"loc":{"start":{"line":23,"column":8},"end":{"line":35,"column":9}},"type":"if","locations":[{"start":{"line":23,"column":8},"end":{"line":35,"column":9}},{"start":{"line":23,"column":8},"end":{"line":35,"column":9}}],"line":23},"3":{"loc":{"start":{"line":23,"column":11},"end":{"line":23,"column":75}},"type":"binary-expr","locations":[{"start":{"line":23,"column":11},"end":{"line":23,"column":32}},{"start":{"line":23,"column":36},"end":{"line":23,"column":75}}],"line":23},"4":{"loc":{"start":{"line":61,"column":9},"end":{"line":61,"column":109}},"type":"binary-expr","locations":[{"start":{"line":61,"column":10},"end":{"line":61,"column":31}},{"start":{"line":61,"column":35},"end":{"line":61,"column":61}},{"start":{"line":61,"column":66},"end":{"line":61,"column":109}}],"line":61},"5":{"loc":{"start":{"line":62,"column":10},"end":{"line":64,"column":10}},"type":"binary-expr","locations":[{"start":{"line":62,"column":10},"end":{"line":62,"column":30}},{"start":{"line":62,"column":34},"end":{"line":64,"column":10}}],"line":62}},"s":{"0":0,"1":0,"2":0,"3":0,"4":0,"5":0,"6":0,"7":0,"8":0,"9":0,"10":0,"11":0,"12":0,"13":0,"14":0,"15":0,"16":0,"17":0,"18":0,"19":0,"20":0,"21":0,"22":0,"23":0,"24":2,"25":0,"26":2,"27":0,"28":0},"f":{"0":0,"1":0,"2":0,"3":0,"4":0,"5":0,"6":0,"7":0,"8":0,"9":0,"10":0,"11":0,"12":0,"13":0},"b":{"0":[0,0],"1":[0,0],"2":[0,0],"3":[0,0],"4":[0,0,0],"5":[0,0]},"_coverageSchema":"332fd63041d2c1bcb487cc26dd0d5f7d97098a6c","hash":"735144b838dc0fcc83fb9d9bf2890fdb2ad0375d"}
,"/Users/seunghunlee/Clients/Seunghun/simplesurance/app/components/WizardForm/renderField.js": {"path":"/Users/seunghunlee/Clients/Seunghun/simplesurance/app/components/WizardForm/renderField.js","statementMap":{"0":{"start":{"line":3,"column":20},"end":{"line":11,"column":1}},"1":{"start":{"line":4,"column":2},"end":{"line":10,"column":8}}},"fnMap":{"0":{"name":"(anonymous_0)","decl":{"start":{"line":3,"column":20},"end":{"line":3,"column":21}},"loc":{"start":{"line":4,"column":2},"end":{"line":10,"column":8}},"line":4}},"branchMap":{"0":{"loc":{"start":{"line":8,"column":7},"end":{"line":8,"column":47}},"type":"binary-expr","locations":[{"start":{"line":8,"column":7},"end":{"line":8,"column":14}},{"start":{"line":8,"column":18},"end":{"line":8,"column":23}},{"start":{"line":8,"column":27},"end":{"line":8,"column":47}}],"line":8}},"s":{"0":2,"1":0},"f":{"0":0},"b":{"0":[0,0,0]},"_coverageSchema":"332fd63041d2c1bcb487cc26dd0d5f7d97098a6c","hash":"448f6d54218a97089498691578d923ed65c5109a"}
,"/Users/seunghunlee/Clients/Seunghun/simplesurance/app/components/WizardForm/validate.js": {"path":"/Users/seunghunlee/Clients/Seunghun/simplesurance/app/components/WizardForm/validate.js","statementMap":{"0":{"start":{"line":1,"column":17},"end":{"line":21,"column":1}},"1":{"start":{"line":2,"column":17},"end":{"line":2,"column":19}},"2":{"start":{"line":3,"column":2},"end":{"line":5,"column":3}},"3":{"start":{"line":4,"column":4},"end":{"line":4,"column":33}},"4":{"start":{"line":6,"column":2},"end":{"line":8,"column":3}},"5":{"start":{"line":7,"column":4},"end":{"line":7,"column":32}},"6":{"start":{"line":9,"column":2},"end":{"line":13,"column":3}},"7":{"start":{"line":10,"column":4},"end":{"line":10,"column":29}},"8":{"start":{"line":11,"column":9},"end":{"line":13,"column":3}},"9":{"start":{"line":12,"column":4},"end":{"line":12,"column":42}},"10":{"start":{"line":14,"column":2},"end":{"line":16,"column":3}},"11":{"start":{"line":15,"column":4},"end":{"line":15,"column":27}},"12":{"start":{"line":17,"column":2},"end":{"line":19,"column":3}},"13":{"start":{"line":18,"column":4},"end":{"line":18,"column":37}},"14":{"start":{"line":20,"column":2},"end":{"line":20,"column":15}}},"fnMap":{"0":{"name":"(anonymous_0)","decl":{"start":{"line":1,"column":17},"end":{"line":1,"column":18}},"loc":{"start":{"line":1,"column":27},"end":{"line":21,"column":1}},"line":1}},"branchMap":{"0":{"loc":{"start":{"line":3,"column":2},"end":{"line":5,"column":3}},"type":"if","locations":[{"start":{"line":3,"column":2},"end":{"line":5,"column":3}},{"start":{"line":3,"column":2},"end":{"line":5,"column":3}}],"line":3},"1":{"loc":{"start":{"line":6,"column":2},"end":{"line":8,"column":3}},"type":"if","locations":[{"start":{"line":6,"column":2},"end":{"line":8,"column":3}},{"start":{"line":6,"column":2},"end":{"line":8,"column":3}}],"line":6},"2":{"loc":{"start":{"line":9,"column":2},"end":{"line":13,"column":3}},"type":"if","locations":[{"start":{"line":9,"column":2},"end":{"line":13,"column":3}},{"start":{"line":9,"column":2},"end":{"line":13,"column":3}}],"line":9},"3":{"loc":{"start":{"line":11,"column":9},"end":{"line":13,"column":3}},"type":"if","locations":[{"start":{"line":11,"column":9},"end":{"line":13,"column":3}},{"start":{"line":11,"column":9},"end":{"line":13,"column":3}}],"line":11},"4":{"loc":{"start":{"line":14,"column":2},"end":{"line":16,"column":3}},"type":"if","locations":[{"start":{"line":14,"column":2},"end":{"line":16,"column":3}},{"start":{"line":14,"column":2},"end":{"line":16,"column":3}}],"line":14},"5":{"loc":{"start":{"line":17,"column":2},"end":{"line":19,"column":3}},"type":"if","locations":[{"start":{"line":17,"column":2},"end":{"line":19,"column":3}},{"start":{"line":17,"column":2},"end":{"line":19,"column":3}}],"line":17}},"s":{"0":2,"1":0,"2":0,"3":0,"4":0,"5":0,"6":0,"7":0,"8":0,"9":0,"10":0,"11":0,"12":0,"13":0,"14":0},"f":{"0":0},"b":{"0":[0,0],"1":[0,0],"2":[0,0],"3":[0,0],"4":[0,0],"5":[0,0]},"_coverageSchema":"332fd63041d2c1bcb487cc26dd0d5f7d97098a6c","hash":"5c86cc43c621a0517091f9e066d4681a4323c0eb"}
,"/Users/seunghunlee/Clients/Seunghun/simplesurance/app/containers/App/actions.js": {"path":"/Users/seunghunlee/Clients/Seunghun/simplesurance/app/containers/App/actions.js","statementMap":{"0":{"start":{"line":32,"column":2},"end":{"line":34,"column":4}},"1":{"start":{"line":46,"column":2},"end":{"line":50,"column":4}},"2":{"start":{"line":53,"column":2},"end":{"line":56,"column":4}},"3":{"start":{"line":66,"column":2},"end":{"line":69,"column":4}},"4":{"start":{"line":72,"column":2},"end":{"line":74,"column":4}}},"fnMap":{"0":{"name":"loadRepos","decl":{"start":{"line":31,"column":16},"end":{"line":31,"column":25}},"loc":{"start":{"line":31,"column":28},"end":{"line":35,"column":1}},"line":31},"1":{"name":"reposLoaded","decl":{"start":{"line":45,"column":16},"end":{"line":45,"column":27}},"loc":{"start":{"line":45,"column":45},"end":{"line":51,"column":1}},"line":45},"2":{"name":"saveUserAnswers","decl":{"start":{"line":52,"column":16},"end":{"line":52,"column":31}},"loc":{"start":{"line":52,"column":41},"end":{"line":57,"column":1}},"line":52},"3":{"name":"repoLoadingError","decl":{"start":{"line":65,"column":16},"end":{"line":65,"column":32}},"loc":{"start":{"line":65,"column":40},"end":{"line":70,"column":1}},"line":65},"4":{"name":"finalSubmitForm","decl":{"start":{"line":71,"column":16},"end":{"line":71,"column":31}},"loc":{"start":{"line":71,"column":34},"end":{"line":75,"column":1}},"line":71}},"branchMap":{},"s":{"0":2,"1":4,"2":0,"3":4,"4":0},"f":{"0":2,"1":4,"2":0,"3":4,"4":0},"b":{},"_coverageSchema":"332fd63041d2c1bcb487cc26dd0d5f7d97098a6c","hash":"6a0ff1232df4ad551884202491fdf11f907e779c"}
,"/Users/seunghunlee/Clients/Seunghun/simplesurance/app/containers/App/constants.js": {"path":"/Users/seunghunlee/Clients/Seunghun/simplesurance/app/containers/App/constants.js","statementMap":{"0":{"start":{"line":12,"column":26},"end":{"line":12,"column":54}},"1":{"start":{"line":13,"column":34},"end":{"line":13,"column":70}},"2":{"start":{"line":14,"column":32},"end":{"line":14,"column":66}},"3":{"start":{"line":15,"column":33},"end":{"line":15,"column":68}},"4":{"start":{"line":16,"column":33},"end":{"line":16,"column":68}},"5":{"start":{"line":18,"column":30},"end":{"line":18,"column":34}}},"fnMap":{},"branchMap":{},"s":{"0":21,"1":21,"2":21,"3":21,"4":21,"5":21},"f":{},"b":{},"_coverageSchema":"332fd63041d2c1bcb487cc26dd0d5f7d97098a6c","hash":"af4febf154a8a8d95b4d1cc1842b749aba8c9a9b"}
,"/Users/seunghunlee/Clients/Seunghun/simplesurance/app/containers/App/index.js": {"path":"/Users/seunghunlee/Clients/Seunghun/simplesurance/app/containers/App/index.js","statementMap":{"0":{"start":{"line":20,"column":19},"end":{"line":27,"column":1}},"1":{"start":{"line":30,"column":2},"end":{"line":46,"column":4}}},"fnMap":{"0":{"name":"App","decl":{"start":{"line":29,"column":24},"end":{"line":29,"column":27}},"loc":{"start":{"line":29,"column":30},"end":{"line":47,"column":1}},"line":29}},"branchMap":{},"s":{"0":3,"1":3},"f":{"0":3},"b":{},"_coverageSchema":"332fd63041d2c1bcb487cc26dd0d5f7d97098a6c","hash":"27cba09a42d078ee41998ffea1d34bc9cbd8c73b"}
,"/Users/seunghunlee/Clients/Seunghun/simplesurance/app/containers/App/reducer.js": {"path":"/Users/seunghunlee/Clients/Seunghun/simplesurance/app/containers/App/reducer.js","statementMap":{"0":{"start":{"line":24,"column":21},"end":{"line":34,"column":1}},"1":{"start":{"line":36,"column":2},"end":{"line":61,"column":3}},"2":{"start":{"line":38,"column":6},"end":{"line":42,"column":9}},"3":{"start":{"line":44,"column":6},"end":{"line":48,"column":9}},"4":{"start":{"line":50,"column":6},"end":{"line":50,"column":63}},"5":{"start":{"line":52,"column":6},"end":{"line":54,"column":8}},"6":{"start":{"line":56,"column":8},"end":{"line":58,"column":10}},"7":{"start":{"line":60,"column":6},"end":{"line":60,"column":19}}},"fnMap":{"0":{"name":"appReducer","decl":{"start":{"line":35,"column":9},"end":{"line":35,"column":19}},"loc":{"start":{"line":35,"column":50},"end":{"line":62,"column":1}},"line":35}},"branchMap":{"0":{"loc":{"start":{"line":35,"column":20},"end":{"line":35,"column":40}},"type":"default-arg","locations":[{"start":{"line":35,"column":28},"end":{"line":35,"column":40}}],"line":35},"1":{"loc":{"start":{"line":36,"column":2},"end":{"line":61,"column":3}},"type":"switch","locations":[{"start":{"line":37,"column":4},"end":{"line":42,"column":9}},{"start":{"line":43,"column":4},"end":{"line":48,"column":9}},{"start":{"line":49,"column":4},"end":{"line":50,"column":63}},{"start":{"line":51,"column":4},"end":{"line":54,"column":8}},{"start":{"line":55,"column":6},"end":{"line":58,"column":10}},{"start":{"line":59,"column":4},"end":{"line":60,"column":19}}],"line":36}},"s":{"0":9,"1":144,"2":1,"3":1,"4":1,"5":0,"6":0,"7":141},"f":{"0":144},"b":{"0":[131],"1":[1,1,1,0,0,141]},"_coverageSchema":"332fd63041d2c1bcb487cc26dd0d5f7d97098a6c","hash":"84bbf7850bff5b06bdfad84eb96265a3d412e343"}
,"/Users/seunghunlee/Clients/Seunghun/simplesurance/app/containers/App/selectors.js": {"path":"/Users/seunghunlee/Clients/Seunghun/simplesurance/app/containers/App/selectors.js","statementMap":{"0":{"start":{"line":10,"column":27},"end":{"line":10,"column":43}},"1":{"start":{"line":10,"column":38},"end":{"line":10,"column":43}},"2":{"start":{"line":11,"column":21},"end":{"line":11,"column":44}},"3":{"start":{"line":11,"column":32},"end":{"line":11,"column":44}},"4":{"start":{"line":12,"column":19},"end":{"line":12,"column":40}},"5":{"start":{"line":12,"column":30},"end":{"line":12,"column":40}},"6":{"start":{"line":14,"column":24},"end":{"line":17,"column":1}},"7":{"start":{"line":14,"column":30},"end":{"line":17,"column":1}},"8":{"start":{"line":16,"column":20},"end":{"line":16,"column":32}},"9":{"start":{"line":19,"column":22},"end":{"line":22,"column":1}},"10":{"start":{"line":19,"column":28},"end":{"line":22,"column":1}},"11":{"start":{"line":21,"column":20},"end":{"line":21,"column":57}},"12":{"start":{"line":24,"column":26},"end":{"line":27,"column":1}},"13":{"start":{"line":24,"column":32},"end":{"line":27,"column":1}},"14":{"start":{"line":26,"column":19},"end":{"line":26,"column":38}},"15":{"start":{"line":29,"column":28},"end":{"line":32,"column":1}},"16":{"start":{"line":29,"column":34},"end":{"line":32,"column":1}},"17":{"start":{"line":31,"column":19},"end":{"line":31,"column":40}},"18":{"start":{"line":34,"column":30},"end":{"line":37,"column":1}},"19":{"start":{"line":34,"column":36},"end":{"line":37,"column":1}},"20":{"start":{"line":36,"column":19},"end":{"line":36,"column":42}},"21":{"start":{"line":39,"column":26},"end":{"line":42,"column":1}},"22":{"start":{"line":39,"column":32},"end":{"line":42,"column":1}},"23":{"start":{"line":41,"column":19},"end":{"line":41,"column":38}},"24":{"start":{"line":44,"column":24},"end":{"line":47,"column":1}},"25":{"start":{"line":44,"column":30},"end":{"line":47,"column":1}},"26":{"start":{"line":46,"column":19},"end":{"line":46,"column":36}},"27":{"start":{"line":49,"column":24},"end":{"line":52,"column":1}},"28":{"start":{"line":49,"column":30},"end":{"line":52,"column":1}},"29":{"start":{"line":51,"column":19},"end":{"line":51,"column":52}}},"fnMap":{"0":{"name":"(anonymous_0)","decl":{"start":{"line":10,"column":27},"end":{"line":10,"column":28}},"loc":{"start":{"line":10,"column":38},"end":{"line":10,"column":43}},"line":10},"1":{"name":"(anonymous_1)","decl":{"start":{"line":11,"column":21},"end":{"line":11,"column":22}},"loc":{"start":{"line":11,"column":32},"end":{"line":11,"column":44}},"line":11},"2":{"name":"(anonymous_2)","decl":{"start":{"line":12,"column":19},"end":{"line":12,"column":20}},"loc":{"start":{"line":12,"column":30},"end":{"line":12,"column":40}},"line":12},"3":{"name":"(anonymous_3)","decl":{"start":{"line":14,"column":24},"end":{"line":14,"column":25}},"loc":{"start":{"line":14,"column":30},"end":{"line":17,"column":1}},"line":14},"4":{"name":"(anonymous_4)","decl":{"start":{"line":16,"column":2},"end":{"line":16,"column":3}},"loc":{"start":{"line":16,"column":20},"end":{"line":16,"column":32}},"line":16},"5":{"name":"(anonymous_5)","decl":{"start":{"line":19,"column":22},"end":{"line":19,"column":23}},"loc":{"start":{"line":19,"column":28},"end":{"line":22,"column":1}},"line":19},"6":{"name":"(anonymous_6)","decl":{"start":{"line":21,"column":2},"end":{"line":21,"column":3}},"loc":{"start":{"line":21,"column":20},"end":{"line":21,"column":57}},"line":21},"7":{"name":"(anonymous_7)","decl":{"start":{"line":24,"column":26},"end":{"line":24,"column":27}},"loc":{"start":{"line":24,"column":32},"end":{"line":27,"column":1}},"line":24},"8":{"name":"(anonymous_8)","decl":{"start":{"line":26,"column":2},"end":{"line":26,"column":3}},"loc":{"start":{"line":26,"column":19},"end":{"line":26,"column":38}},"line":26},"9":{"name":"(anonymous_9)","decl":{"start":{"line":29,"column":28},"end":{"line":29,"column":29}},"loc":{"start":{"line":29,"column":34},"end":{"line":32,"column":1}},"line":29},"10":{"name":"(anonymous_10)","decl":{"start":{"line":31,"column":2},"end":{"line":31,"column":3}},"loc":{"start":{"line":31,"column":19},"end":{"line":31,"column":40}},"line":31},"11":{"name":"(anonymous_11)","decl":{"start":{"line":34,"column":30},"end":{"line":34,"column":31}},"loc":{"start":{"line":34,"column":36},"end":{"line":37,"column":1}},"line":34},"12":{"name":"(anonymous_12)","decl":{"start":{"line":36,"column":2},"end":{"line":36,"column":3}},"loc":{"start":{"line":36,"column":19},"end":{"line":36,"column":42}},"line":36},"13":{"name":"(anonymous_13)","decl":{"start":{"line":39,"column":26},"end":{"line":39,"column":27}},"loc":{"start":{"line":39,"column":32},"end":{"line":42,"column":1}},"line":39},"14":{"name":"(anonymous_14)","decl":{"start":{"line":41,"column":2},"end":{"line":41,"column":3}},"loc":{"start":{"line":41,"column":19},"end":{"line":41,"column":38}},"line":41},"15":{"name":"(anonymous_15)","decl":{"start":{"line":44,"column":24},"end":{"line":44,"column":25}},"loc":{"start":{"line":44,"column":30},"end":{"line":47,"column":1}},"line":44},"16":{"name":"(anonymous_16)","decl":{"start":{"line":46,"column":2},"end":{"line":46,"column":3}},"loc":{"start":{"line":46,"column":19},"end":{"line":46,"column":36}},"line":46},"17":{"name":"(anonymous_17)","decl":{"start":{"line":49,"column":24},"end":{"line":49,"column":25}},"loc":{"start":{"line":49,"column":30},"end":{"line":52,"column":1}},"line":49},"18":{"name":"(anonymous_18)","decl":{"start":{"line":51,"column":2},"end":{"line":51,"column":3}},"loc":{"start":{"line":51,"column":19},"end":{"line":51,"column":52}},"line":51}},"branchMap":{},"s":{"0":4,"1":0,"2":4,"3":5,"4":4,"5":0,"6":4,"7":1,"8":0,"9":4,"10":1,"11":0,"12":4,"13":1,"14":0,"15":4,"16":1,"17":0,"18":4,"19":3,"20":1,"21":4,"22":2,"23":1,"24":4,"25":2,"26":1,"27":4,"28":2,"29":1},"f":{"0":0,"1":5,"2":0,"3":1,"4":0,"5":1,"6":0,"7":1,"8":0,"9":1,"10":0,"11":3,"12":1,"13":2,"14":1,"15":2,"16":1,"17":2,"18":1},"b":{},"_coverageSchema":"332fd63041d2c1bcb487cc26dd0d5f7d97098a6c","hash":"1f805d9c8e6bc03673bd673400f8d08598209081"}
,"/Users/seunghunlee/Clients/Seunghun/simplesurance/app/containers/FeaturePage/List.js": {"path":"/Users/seunghunlee/Clients/Seunghun/simplesurance/app/containers/FeaturePage/List.js","statementMap":{"0":{"start":{"line":3,"column":13},"end":{"line":6,"column":1}}},"fnMap":{},"branchMap":{},"s":{"0":2},"f":{},"b":{},"_coverageSchema":"332fd63041d2c1bcb487cc26dd0d5f7d97098a6c","hash":"60b923bf4537da8067933bce30ff1a0d486c6753"}
,"/Users/seunghunlee/Clients/Seunghun/simplesurance/app/containers/FeaturePage/ListItem.js": {"path":"/Users/seunghunlee/Clients/Seunghun/simplesurance/app/containers/FeaturePage/ListItem.js","statementMap":{"0":{"start":{"line":3,"column":17},"end":{"line":5,"column":1}}},"fnMap":{},"branchMap":{},"s":{"0":2},"f":{},"b":{},"_coverageSchema":"332fd63041d2c1bcb487cc26dd0d5f7d97098a6c","hash":"a037bf3b709412372c850d3ae90ebae0aa459619"}
,"/Users/seunghunlee/Clients/Seunghun/simplesurance/app/containers/FeaturePage/ListItemTitle.js": {"path":"/Users/seunghunlee/Clients/Seunghun/simplesurance/app/containers/FeaturePage/ListItemTitle.js","statementMap":{"0":{"start":{"line":3,"column":22},"end":{"line":5,"column":1}}},"fnMap":{},"branchMap":{},"s":{"0":2},"f":{},"b":{},"_coverageSchema":"332fd63041d2c1bcb487cc26dd0d5f7d97098a6c","hash":"2caf9826dfb96da4b386bad7bdc6dde7a6bde3ac"}
,"/Users/seunghunlee/Clients/Seunghun/simplesurance/app/containers/FeaturePage/index.js": {"path":"/Users/seunghunlee/Clients/Seunghun/simplesurance/app/containers/FeaturePage/index.js","statementMap":{"0":{"start":{"line":21,"column":4},"end":{"line":21,"column":17}},"1":{"start":{"line":25,"column":4},"end":{"line":81,"column":6}}},"fnMap":{"0":{"name":"(anonymous_0)","decl":{"start":{"line":20,"column":2},"end":{"line":20,"column":3}},"loc":{"start":{"line":20,"column":26},"end":{"line":22,"column":3}},"line":20},"1":{"name":"(anonymous_1)","decl":{"start":{"line":24,"column":2},"end":{"line":24,"column":3}},"loc":{"start":{"line":24,"column":11},"end":{"line":82,"column":3}},"line":24}},"branchMap":{},"s":{"0":0,"1":2},"f":{"0":0,"1":2},"b":{},"_coverageSchema":"332fd63041d2c1bcb487cc26dd0d5f7d97098a6c","hash":"a7b1cd633b68d7c395a72d83f37c517dba3ef3ff"}
,"/Users/seunghunlee/Clients/Seunghun/simplesurance/app/containers/FeaturePage/messages.js": {"path":"/Users/seunghunlee/Clients/Seunghun/simplesurance/app/containers/FeaturePage/messages.js","statementMap":{},"fnMap":{},"branchMap":{},"s":{},"f":{},"b":{},"_coverageSchema":"332fd63041d2c1bcb487cc26dd0d5f7d97098a6c","hash":"d9378fb723d72246fe7f51f19a5fb9f439aee660"}
,"/Users/seunghunlee/Clients/Seunghun/simplesurance/app/containers/HomePage/AtPrefix.js": {"path":"/Users/seunghunlee/Clients/Seunghun/simplesurance/app/containers/HomePage/AtPrefix.js","statementMap":{"0":{"start":{"line":3,"column":17},"end":{"line":6,"column":1}}},"fnMap":{},"branchMap":{},"s":{"0":2},"f":{},"b":{},"_coverageSchema":"332fd63041d2c1bcb487cc26dd0d5f7d97098a6c","hash":"5211b202ba99ad8090287b7a62f11e86ba06592c"}
,"/Users/seunghunlee/Clients/Seunghun/simplesurance/app/containers/HomePage/CenteredSection.js": {"path":"/Users/seunghunlee/Clients/Seunghun/simplesurance/app/containers/HomePage/CenteredSection.js","statementMap":{"0":{"start":{"line":3,"column":24},"end":{"line":5,"column":1}}},"fnMap":{},"branchMap":{},"s":{"0":2},"f":{},"b":{},"_coverageSchema":"332fd63041d2c1bcb487cc26dd0d5f7d97098a6c","hash":"292d1bd3c9d1a5f53ec492c32159595deccdcba0"}
,"/Users/seunghunlee/Clients/Seunghun/simplesurance/app/containers/HomePage/Form.js": {"path":"/Users/seunghunlee/Clients/Seunghun/simplesurance/app/containers/HomePage/Form.js","statementMap":{"0":{"start":{"line":3,"column":13},"end":{"line":5,"column":1}}},"fnMap":{},"branchMap":{},"s":{"0":2},"f":{},"b":{},"_coverageSchema":"332fd63041d2c1bcb487cc26dd0d5f7d97098a6c","hash":"502a7db68e6e0c248a99ef7ba63f73edeb1482d2"}
,"/Users/seunghunlee/Clients/Seunghun/simplesurance/app/containers/HomePage/Input.js": {"path":"/Users/seunghunlee/Clients/Seunghun/simplesurance/app/containers/HomePage/Input.js","statementMap":{"0":{"start":{"line":3,"column":14},"end":{"line":6,"column":1}}},"fnMap":{},"branchMap":{},"s":{"0":2},"f":{},"b":{},"_coverageSchema":"332fd63041d2c1bcb487cc26dd0d5f7d97098a6c","hash":"101c1db5c85d3a9993319b89354cc31b92d34706"}
,"/Users/seunghunlee/Clients/Seunghun/simplesurance/app/containers/HomePage/Section.js": {"path":"/Users/seunghunlee/Clients/Seunghun/simplesurance/app/containers/HomePage/Section.js","statementMap":{"0":{"start":{"line":3,"column":16},"end":{"line":9,"column":1}}},"fnMap":{},"branchMap":{},"s":{"0":3},"f":{},"b":{},"_coverageSchema":"332fd63041d2c1bcb487cc26dd0d5f7d97098a6c","hash":"ea216662c42074cba42b8fa289b55209faae85c9"}
,"/Users/seunghunlee/Clients/Seunghun/simplesurance/app/containers/HomePage/actions.js": {"path":"/Users/seunghunlee/Clients/Seunghun/simplesurance/app/containers/HomePage/actions.js","statementMap":{"0":{"start":{"line":30,"column":2},"end":{"line":33,"column":4}}},"fnMap":{"0":{"name":"changeUsername","decl":{"start":{"line":29,"column":16},"end":{"line":29,"column":30}},"loc":{"start":{"line":29,"column":37},"end":{"line":34,"column":1}},"line":29}},"branchMap":{},"s":{"0":2},"f":{"0":2},"b":{},"_coverageSchema":"332fd63041d2c1bcb487cc26dd0d5f7d97098a6c","hash":"024a48bd189fb659014cd5ade12562d1eb7d50fe"}
,"/Users/seunghunlee/Clients/Seunghun/simplesurance/app/containers/HomePage/constants.js": {"path":"/Users/seunghunlee/Clients/Seunghun/simplesurance/app/containers/HomePage/constants.js","statementMap":{"0":{"start":{"line":12,"column":31},"end":{"line":12,"column":65}}},"fnMap":{},"branchMap":{},"s":{"0":3},"f":{},"b":{},"_coverageSchema":"332fd63041d2c1bcb487cc26dd0d5f7d97098a6c","hash":"d25a6ac4ac74aaab0fdfd090620500f114f8e1c5"}
,"/Users/seunghunlee/Clients/Seunghun/simplesurance/app/containers/HomePage/index.js": {"path":"/Users/seunghunlee/Clients/Seunghun/simplesurance/app/containers/HomePage/index.js","statementMap":{"0":{"start":{"line":40,"column":4},"end":{"line":42,"column":5}},"1":{"start":{"line":41,"column":6},"end":{"line":41,"column":32}},"2":{"start":{"line":46,"column":37},"end":{"line":46,"column":47}},"3":{"start":{"line":48,"column":4},"end":{"line":67,"column":6}},"4":{"start":{"line":71,"column":0},"end":{"line":84,"column":2}},"5":{"start":{"line":87,"column":2},"end":{"line":96,"column":4}},"6":{"start":{"line":89,"column":27},"end":{"line":89,"column":54}},"7":{"start":{"line":90,"column":31},"end":{"line":90,"column":73}},"8":{"start":{"line":92,"column":6},"end":{"line":92,"column":72}},"9":{"start":{"line":92,"column":51},"end":{"line":92,"column":72}},"10":{"start":{"line":93,"column":6},"end":{"line":93,"column":28}},"11":{"start":{"line":95,"column":34},"end":{"line":95,"column":68}},"12":{"start":{"line":99,"column":24},"end":{"line":108,"column":2}},"13":{"start":{"line":109,"column":20},"end":{"line":109,"column":64}},"14":{"start":{"line":111,"column":20},"end":{"line":111,"column":59}},"15":{"start":{"line":112,"column":17},"end":{"line":112,"column":50}}},"fnMap":{"0":{"name":"(anonymous_0)","decl":{"start":{"line":39,"column":2},"end":{"line":39,"column":3}},"loc":{"start":{"line":39,"column":22},"end":{"line":43,"column":3}},"line":39},"1":{"name":"(anonymous_1)","decl":{"start":{"line":45,"column":2},"end":{"line":45,"column":3}},"loc":{"start":{"line":45,"column":11},"end":{"line":68,"column":3}},"line":45},"2":{"name":"mapDispatchToProps","decl":{"start":{"line":86,"column":16},"end":{"line":86,"column":34}},"loc":{"start":{"line":86,"column":45},"end":{"line":97,"column":1}},"line":86},"3":{"name":"(anonymous_3)","decl":{"start":{"line":89,"column":21},"end":{"line":89,"column":22}},"loc":{"start":{"line":89,"column":27},"end":{"line":89,"column":54}},"line":89},"4":{"name":"(anonymous_4)","decl":{"start":{"line":90,"column":22},"end":{"line":90,"column":23}},"loc":{"start":{"line":90,"column":31},"end":{"line":90,"column":73}},"line":90},"5":{"name":"(anonymous_5)","decl":{"start":{"line":91,"column":18},"end":{"line":91,"column":19}},"loc":{"start":{"line":91,"column":27},"end":{"line":94,"column":5}},"line":91},"6":{"name":"(anonymous_6)","decl":{"start":{"line":95,"column":21},"end":{"line":95,"column":22}},"loc":{"start":{"line":95,"column":34},"end":{"line":95,"column":68}},"line":95}},"branchMap":{"0":{"loc":{"start":{"line":40,"column":4},"end":{"line":42,"column":5}},"type":"if","locations":[{"start":{"line":40,"column":4},"end":{"line":42,"column":5}},{"start":{"line":40,"column":4},"end":{"line":42,"column":5}}],"line":40},"1":{"loc":{"start":{"line":40,"column":8},"end":{"line":40,"column":68}},"type":"binary-expr","locations":[{"start":{"line":40,"column":8},"end":{"line":40,"column":27}},{"start":{"line":40,"column":31},"end":{"line":40,"column":68}}],"line":40},"2":{"loc":{"start":{"line":92,"column":6},"end":{"line":92,"column":72}},"type":"if","locations":[{"start":{"line":92,"column":6},"end":{"line":92,"column":72}},{"start":{"line":92,"column":6},"end":{"line":92,"column":72}}],"line":92},"3":{"loc":{"start":{"line":92,"column":10},"end":{"line":92,"column":49}},"type":"binary-expr","locations":[{"start":{"line":92,"column":10},"end":{"line":92,"column":27}},{"start":{"line":92,"column":31},"end":{"line":92,"column":49}}],"line":92}},"s":{"0":0,"1":0,"2":1,"3":1,"4":1,"5":0,"6":0,"7":0,"8":0,"9":0,"10":0,"11":0,"12":1,"13":1,"14":1,"15":1},"f":{"0":0,"1":1,"2":0,"3":0,"4":0,"5":0,"6":0},"b":{"0":[0,0],"1":[0,0],"2":[0,0],"3":[0,0]},"_coverageSchema":"332fd63041d2c1bcb487cc26dd0d5f7d97098a6c","hash":"e3b1231ef8639eb07f402ea6a95dac93301cfa86"}
,"/Users/seunghunlee/Clients/Seunghun/simplesurance/app/containers/HomePage/messages.js": {"path":"/Users/seunghunlee/Clients/Seunghun/simplesurance/app/containers/HomePage/messages.js","statementMap":{},"fnMap":{},"branchMap":{},"s":{},"f":{},"b":{},"_coverageSchema":"332fd63041d2c1bcb487cc26dd0d5f7d97098a6c","hash":"d02b8b473892ec3d639176892d9692cb35d2f962"}
,"/Users/seunghunlee/Clients/Seunghun/simplesurance/app/containers/HomePage/reducer.js": {"path":"/Users/seunghunlee/Clients/Seunghun/simplesurance/app/containers/HomePage/reducer.js","statementMap":{"0":{"start":{"line":17,"column":21},"end":{"line":19,"column":1}},"1":{"start":{"line":22,"column":2},"end":{"line":29,"column":3}},"2":{"start":{"line":26,"column":6},"end":{"line":26,"column":68}},"3":{"start":{"line":28,"column":6},"end":{"line":28,"column":19}}},"fnMap":{"0":{"name":"homeReducer","decl":{"start":{"line":21,"column":9},"end":{"line":21,"column":20}},"loc":{"start":{"line":21,"column":51},"end":{"line":30,"column":1}},"line":21}},"branchMap":{"0":{"loc":{"start":{"line":21,"column":21},"end":{"line":21,"column":41}},"type":"default-arg","locations":[{"start":{"line":21,"column":29},"end":{"line":21,"column":41}}],"line":21},"1":{"loc":{"start":{"line":22,"column":2},"end":{"line":29,"column":3}},"type":"switch","locations":[{"start":{"line":23,"column":4},"end":{"line":26,"column":68}},{"start":{"line":27,"column":4},"end":{"line":28,"column":19}}],"line":22}},"s":{"0":2,"1":2,"2":1,"3":1},"f":{"0":2},"b":{"0":[1],"1":[1,1]},"_coverageSchema":"332fd63041d2c1bcb487cc26dd0d5f7d97098a6c","hash":"d24f4df4602d76916efa2ea3a0cb96e6cef9da03"}
,"/Users/seunghunlee/Clients/Seunghun/simplesurance/app/containers/HomePage/saga.js": {"path":"/Users/seunghunlee/Clients/Seunghun/simplesurance/app/containers/HomePage/saga.js","statementMap":{"0":{"start":{"line":17,"column":19},"end":{"line":17,"column":53}},"1":{"start":{"line":18,"column":21},"end":{"line":18,"column":91}},"2":{"start":{"line":20,"column":2},"end":{"line":26,"column":3}},"3":{"start":{"line":22,"column":18},"end":{"line":22,"column":49}},"4":{"start":{"line":23,"column":4},"end":{"line":23,"column":44}},"5":{"start":{"line":25,"column":4},"end":{"line":25,"column":37}},"6":{"start":{"line":37,"column":2},"end":{"line":37,"column":41}}},"fnMap":{"0":{"name":"getRepos","decl":{"start":{"line":15,"column":17},"end":{"line":15,"column":25}},"loc":{"start":{"line":15,"column":28},"end":{"line":27,"column":1}},"line":15},"1":{"name":"githubData","decl":{"start":{"line":32,"column":25},"end":{"line":32,"column":35}},"loc":{"start":{"line":32,"column":38},"end":{"line":38,"column":1}},"line":32}},"branchMap":{},"s":{"0":2,"1":2,"2":2,"3":2,"4":1,"5":1,"6":1},"f":{"0":2,"1":1},"b":{},"_coverageSchema":"332fd63041d2c1bcb487cc26dd0d5f7d97098a6c","hash":"03e8d1ed021dcf128cbfe8b4dbac59abaf54d002"}
,"/Users/seunghunlee/Clients/Seunghun/simplesurance/app/containers/HomePage/selectors.js": {"path":"/Users/seunghunlee/Clients/Seunghun/simplesurance/app/containers/HomePage/selectors.js","statementMap":{"0":{"start":{"line":7,"column":19},"end":{"line":7,"column":40}},"1":{"start":{"line":7,"column":30},"end":{"line":7,"column":40}},"2":{"start":{"line":9,"column":27},"end":{"line":12,"column":1}},"3":{"start":{"line":9,"column":33},"end":{"line":12,"column":1}},"4":{"start":{"line":11,"column":17},"end":{"line":11,"column":35}}},"fnMap":{"0":{"name":"(anonymous_0)","decl":{"start":{"line":7,"column":19},"end":{"line":7,"column":20}},"loc":{"start":{"line":7,"column":30},"end":{"line":7,"column":40}},"line":7},"1":{"name":"(anonymous_1)","decl":{"start":{"line":9,"column":27},"end":{"line":9,"column":28}},"loc":{"start":{"line":9,"column":33},"end":{"line":12,"column":1}},"line":9},"2":{"name":"(anonymous_2)","decl":{"start":{"line":11,"column":2},"end":{"line":11,"column":3}},"loc":{"start":{"line":11,"column":17},"end":{"line":11,"column":35}},"line":11}},"branchMap":{},"s":{"0":3,"1":2,"2":3,"3":4,"4":1},"f":{"0":2,"1":4,"2":1},"b":{},"_coverageSchema":"332fd63041d2c1bcb487cc26dd0d5f7d97098a6c","hash":"232486e7e32f9990b44e792fdbe73b1ba6ee5415"}
,"/Users/seunghunlee/Clients/Seunghun/simplesurance/app/containers/HomePage/showResults.js": {"path":"/Users/seunghunlee/Clients/Seunghun/simplesurance/app/containers/HomePage/showResults.js","statementMap":{"0":{"start":{"line":1,"column":14},"end":{"line":1,"column":67}},"1":{"start":{"line":1,"column":20},"end":{"line":1,"column":67}},"2":{"start":{"line":1,"column":43},"end":{"line":1,"column":66}},"3":{"start":{"line":4,"column":2},"end":{"line":4,"column":19}},"4":{"start":{"line":5,"column":2},"end":{"line":5,"column":71}}},"fnMap":{"0":{"name":"(anonymous_0)","decl":{"start":{"line":1,"column":14},"end":{"line":1,"column":15}},"loc":{"start":{"line":1,"column":20},"end":{"line":1,"column":67}},"line":1},"1":{"name":"(anonymous_1)","decl":{"start":{"line":1,"column":32},"end":{"line":1,"column":33}},"loc":{"start":{"line":1,"column":43},"end":{"line":1,"column":66}},"line":1},"2":{"name":"showResults","decl":{"start":{"line":3,"column":31},"end":{"line":3,"column":42}},"loc":{"start":{"line":3,"column":51},"end":{"line":6,"column":1}},"line":3}},"branchMap":{},"s":{"0":1,"1":0,"2":0,"3":0,"4":0},"f":{"0":0,"1":0,"2":0},"b":{},"_coverageSchema":"332fd63041d2c1bcb487cc26dd0d5f7d97098a6c","hash":"55fcc9794ddc232fba0afa12cf35583c9479c51c"}
,"/Users/seunghunlee/Clients/Seunghun/simplesurance/app/containers/LanguageProvider/actions.js": {"path":"/Users/seunghunlee/Clients/Seunghun/simplesurance/app/containers/LanguageProvider/actions.js","statementMap":{"0":{"start":{"line":12,"column":2},"end":{"line":15,"column":4}}},"fnMap":{"0":{"name":"changeLocale","decl":{"start":{"line":11,"column":16},"end":{"line":11,"column":28}},"loc":{"start":{"line":11,"column":45},"end":{"line":16,"column":1}},"line":11}},"branchMap":{},"s":{"0":3},"f":{"0":3},"b":{},"_coverageSchema":"332fd63041d2c1bcb487cc26dd0d5f7d97098a6c","hash":"7e39ab3bbef0109a3d2b95cd05a87b85b574144d"}
,"/Users/seunghunlee/Clients/Seunghun/simplesurance/app/containers/LanguageProvider/constants.js": {"path":"/Users/seunghunlee/Clients/Seunghun/simplesurance/app/containers/LanguageProvider/constants.js","statementMap":{"0":{"start":{"line":7,"column":29},"end":{"line":7,"column":63}}},"fnMap":{},"branchMap":{},"s":{"0":18},"f":{},"b":{},"_coverageSchema":"332fd63041d2c1bcb487cc26dd0d5f7d97098a6c","hash":"72a67fe435411939082dd27f80ac1bccd70e8d7b"}
,"/Users/seunghunlee/Clients/Seunghun/simplesurance/app/containers/LanguageProvider/index.js": {"path":"/Users/seunghunlee/Clients/Seunghun/simplesurance/app/containers/LanguageProvider/index.js","statementMap":{"0":{"start":{"line":19,"column":4},"end":{"line":23,"column":6}},"1":{"start":{"line":27,"column":0},"end":{"line":31,"column":2}},"2":{"start":{"line":33,"column":24},"end":{"line":36,"column":1}},"3":{"start":{"line":35,"column":15},"end":{"line":35,"column":25}}},"fnMap":{"0":{"name":"(anonymous_0)","decl":{"start":{"line":18,"column":2},"end":{"line":18,"column":3}},"loc":{"start":{"line":18,"column":11},"end":{"line":24,"column":3}},"line":18},"1":{"name":"(anonymous_1)","decl":{"start":{"line":35,"column":2},"end":{"line":35,"column":3}},"loc":{"start":{"line":35,"column":15},"end":{"line":35,"column":25}},"line":35}},"branchMap":{},"s":{"0":3,"1":2,"2":2,"3":2},"f":{"0":3,"1":2},"b":{},"_coverageSchema":"332fd63041d2c1bcb487cc26dd0d5f7d97098a6c","hash":"7d95259dbe0c6939afb2a8913702cf5c53f69b2e"}
,"/Users/seunghunlee/Clients/Seunghun/simplesurance/app/containers/LanguageProvider/reducer.js": {"path":"/Users/seunghunlee/Clients/Seunghun/simplesurance/app/containers/LanguageProvider/reducer.js","statementMap":{"0":{"start":{"line":14,"column":21},"end":{"line":16,"column":1}},"1":{"start":{"line":19,"column":2},"end":{"line":24,"column":3}},"2":{"start":{"line":21,"column":6},"end":{"line":21,"column":49}},"3":{"start":{"line":23,"column":6},"end":{"line":23,"column":19}}},"fnMap":{"0":{"name":"languageProviderReducer","decl":{"start":{"line":18,"column":9},"end":{"line":18,"column":32}},"loc":{"start":{"line":18,"column":63},"end":{"line":25,"column":1}},"line":18}},"branchMap":{"0":{"loc":{"start":{"line":18,"column":33},"end":{"line":18,"column":53}},"type":"default-arg","locations":[{"start":{"line":18,"column":41},"end":{"line":18,"column":53}}],"line":18},"1":{"loc":{"start":{"line":19,"column":2},"end":{"line":24,"column":3}},"type":"switch","locations":[{"start":{"line":20,"column":4},"end":{"line":21,"column":49}},{"start":{"line":22,"column":4},"end":{"line":23,"column":19}}],"line":19}},"s":{"0":14,"1":273,"2":1,"3":272},"f":{"0":273},"b":{"0":[253],"1":[1,272]},"_coverageSchema":"332fd63041d2c1bcb487cc26dd0d5f7d97098a6c","hash":"960a61433b32b76b6ad8e6b35da777bfadc12b67"}
,"/Users/seunghunlee/Clients/Seunghun/simplesurance/app/containers/LanguageProvider/selectors.js": {"path":"/Users/seunghunlee/Clients/Seunghun/simplesurance/app/containers/LanguageProvider/selectors.js","statementMap":{"0":{"start":{"line":6,"column":23},"end":{"line":6,"column":48}},"1":{"start":{"line":6,"column":34},"end":{"line":6,"column":48}},"2":{"start":{"line":12,"column":25},"end":{"line":15,"column":1}},"3":{"start":{"line":12,"column":31},"end":{"line":15,"column":1}},"4":{"start":{"line":14,"column":21},"end":{"line":14,"column":41}}},"fnMap":{"0":{"name":"(anonymous_0)","decl":{"start":{"line":6,"column":23},"end":{"line":6,"column":24}},"loc":{"start":{"line":6,"column":34},"end":{"line":6,"column":48}},"line":6},"1":{"name":"(anonymous_1)","decl":{"start":{"line":12,"column":25},"end":{"line":12,"column":26}},"loc":{"start":{"line":12,"column":31},"end":{"line":15,"column":1}},"line":12},"2":{"name":"(anonymous_2)","decl":{"start":{"line":14,"column":2},"end":{"line":14,"column":3}},"loc":{"start":{"line":14,"column":21},"end":{"line":14,"column":41}},"line":14}},"branchMap":{},"s":{"0":7,"1":4,"2":7,"3":7,"4":3},"f":{"0":4,"1":7,"2":3},"b":{},"_coverageSchema":"332fd63041d2c1bcb487cc26dd0d5f7d97098a6c","hash":"5a4b5fabcd66b7f27e3c4f639c93ae0c1fbc8f32"}
,"/Users/seunghunlee/Clients/Seunghun/simplesurance/app/containers/LocaleToggle/Wrapper.js": {"path":"/Users/seunghunlee/Clients/Seunghun/simplesurance/app/containers/LocaleToggle/Wrapper.js","statementMap":{"0":{"start":{"line":3,"column":16},"end":{"line":5,"column":1}}},"fnMap":{},"branchMap":{},"s":{"0":6},"f":{},"b":{},"_coverageSchema":"332fd63041d2c1bcb487cc26dd0d5f7d97098a6c","hash":"e6caf3701cffde1ffe09149aea85ef21befb85b8"}
,"/Users/seunghunlee/Clients/Seunghun/simplesurance/app/containers/LocaleToggle/index.js": {"path":"/Users/seunghunlee/Clients/Seunghun/simplesurance/app/containers/LocaleToggle/index.js","statementMap":{"0":{"start":{"line":21,"column":4},"end":{"line":25,"column":6}},"1":{"start":{"line":29,"column":0},"end":{"line":32,"column":2}},"2":{"start":{"line":34,"column":24},"end":{"line":37,"column":1}},"3":{"start":{"line":36,"column":15},"end":{"line":36,"column":25}},"4":{"start":{"line":40,"column":2},"end":{"line":43,"column":4}},"5":{"start":{"line":41,"column":29},"end":{"line":41,"column":69}}},"fnMap":{"0":{"name":"(anonymous_0)","decl":{"start":{"line":20,"column":2},"end":{"line":20,"column":3}},"loc":{"start":{"line":20,"column":11},"end":{"line":26,"column":3}},"line":20},"1":{"name":"(anonymous_1)","decl":{"start":{"line":36,"column":2},"end":{"line":36,"column":3}},"loc":{"start":{"line":36,"column":15},"end":{"line":36,"column":25}},"line":36},"2":{"name":"mapDispatchToProps","decl":{"start":{"line":39,"column":16},"end":{"line":39,"column":34}},"loc":{"start":{"line":39,"column":45},"end":{"line":44,"column":1}},"line":39},"3":{"name":"(anonymous_3)","decl":{"start":{"line":41,"column":20},"end":{"line":41,"column":21}},"loc":{"start":{"line":41,"column":29},"end":{"line":41,"column":69}},"line":41}},"branchMap":{},"s":{"0":1,"1":5,"2":5,"3":1,"4":3,"5":1},"f":{"0":1,"1":1,"2":3,"3":1},"b":{},"_coverageSchema":"332fd63041d2c1bcb487cc26dd0d5f7d97098a6c","hash":"3efb87952489fe3fd0ef9c6bc258e0621b82fe72"}
,"/Users/seunghunlee/Clients/Seunghun/simplesurance/app/containers/LocaleToggle/messages.js": {"path":"/Users/seunghunlee/Clients/Seunghun/simplesurance/app/containers/LocaleToggle/messages.js","statementMap":{},"fnMap":{},"branchMap":{},"s":{},"f":{},"b":{},"_coverageSchema":"332fd63041d2c1bcb487cc26dd0d5f7d97098a6c","hash":"c042fc43ddb5364d4dba885ce20bcf32cce9c329"}
,"/Users/seunghunlee/Clients/Seunghun/simplesurance/app/containers/NotFoundPage/index.js": {"path":"/Users/seunghunlee/Clients/Seunghun/simplesurance/app/containers/NotFoundPage/index.js","statementMap":{"0":{"start":{"line":14,"column":2},"end":{"line":20,"column":4}}},"fnMap":{"0":{"name":"NotFound","decl":{"start":{"line":13,"column":24},"end":{"line":13,"column":32}},"loc":{"start":{"line":13,"column":35},"end":{"line":21,"column":1}},"line":13}},"branchMap":{},"s":{"0":1},"f":{"0":1},"b":{},"_coverageSchema":"332fd63041d2c1bcb487cc26dd0d5f7d97098a6c","hash":"0a59a2ed1101e7bed311774dd25aa9ed8752fe89"}
[...]
,"/Users/seunghunlee/Clients/Seunghun/simplesurance/app/containers/RepoListItem/index.js": {"path":"/Users/seunghunlee/Clients/Seunghun/simplesurance/app/containers/RepoListItem/index.js","statementMap":{"0":{"start":{"line":22,"column":17},"end":{"line":22,"column":32}},"1":{"start":{"line":23,"column":21},"end":{"line":23,"column":23}},"2":{"start":{"line":27,"column":4},"end":{"line":29,"column":5}},"3":{"start":{"line":28,"column":6},"end":{"line":28,"column":42}},"4":{"start":{"line":33,"column":6},"end":{"line":41,"column":16}},"5":{"start":{"line":45,"column":4},"end":{"line":47,"column":6}},"6":{"start":{"line":51,"column":0},"end":{"line":54,"column":2}}},"fnMap":{"0":{"name":"(anonymous_0)","decl":{"start":{"line":21,"column":2},"end":{"line":21,"column":3}},"loc":{"start":{"line":21,"column":11},"end":{"line":48,"column":3}},"line":21}},"branchMap":{"0":{"loc":{"start":{"line":27,"column":4},"end":{"line":29,"column":5}},"type":"if","locations":[{"start":{"line":27,"column":4},"end":{"line":29,"column":5}},{"start":{"line":27,"column":4},"end":{"line":29,"column":5}}],"line":27}},"s":{"0":6,"1":6,"2":6,"3":5,"4":6,"5":6,"6":2},"f":{"0":6},"b":{"0":[5,1]},"_coverageSchema":"332fd63041d2c1bcb487cc26dd0d5f7d97098a6c","hash":"4fd03482b76f31a7e08ada1854b12cb9f4ad99af"}
,"/Users/seunghunlee/Clients/Seunghun/simplesurance/app/utils/checkStore.js": {"path":"/Users/seunghunlee/Clients/Seunghun/simplesurance/app/utils/checkStore.js","statementMap":{"0":{"start":{"line":10,"column":16},"end":{"line":18,"column":3}},"1":{"start":{"line":19,"column":2},"end":{"line":22,"column":4}}},"fnMap":{"0":{"name":"checkStore","decl":{"start":{"line":9,"column":24},"end":{"line":9,"column":34}},"loc":{"start":{"line":9,"column":42},"end":{"line":23,"column":1}},"line":9}},"branchMap":{},"s":{"0":13,"1":13},"f":{"0":13},"b":{},"_coverageSchema":"332fd63041d2c1bcb487cc26dd0d5f7d97098a6c","hash":"eea34de072805dc5f9869d707045dc3cd4439b04"}
,"/Users/seunghunlee/Clients/Seunghun/simplesurance/app/utils/constants.js": {"path":"/Users/seunghunlee/Clients/Seunghun/simplesurance/app/utils/constants.js","statementMap":{"0":{"start":{"line":1,"column":34},"end":{"line":1,"column":70}},"1":{"start":{"line":2,"column":22},"end":{"line":2,"column":46}},"2":{"start":{"line":3,"column":33},"end":{"line":3,"column":68}}},"fnMap":{},"branchMap":{},"s":{"0":3,"1":3,"2":3},"f":{},"b":{},"_coverageSchema":"332fd63041d2c1bcb487cc26dd0d5f7d97098a6c","hash":"65c5040c3e32242e34da0b94d2b2ffcbb5c7ded0"}
,"/Users/seunghunlee/Clients/Seunghun/simplesurance/app/utils/injectReducer.js": {"path":"/Users/seunghunlee/Clients/Seunghun/simplesurance/app/utils/injectReducer.js","statementMap":{"0":{"start":{"line":14,"column":37},"end":{"line":36,"column":1}},"1":{"start":{"line":23,"column":32},"end":{"line":23,"column":46}},"2":{"start":{"line":25,"column":6},"end":{"line":25,"column":34}},"3":{"start":{"line":31,"column":6},"end":{"line":31,"column":50}},"4":{"start":{"line":35,"column":2},"end":{"line":35,"column":65}}},"fnMap":{"0":{"name":"(anonymous_0)","decl":{"start":{"line":14,"column":15},"end":{"line":14,"column":16}},"loc":{"start":{"line":14,"column":37},"end":{"line":36,"column":1}},"line":14},"1":{"name":"(anonymous_1)","decl":{"start":{"line":14,"column":37},"end":{"line":14,"column":38}},"loc":{"start":{"line":14,"column":59},"end":{"line":36,"column":1}},"line":14},"2":{"name":"(anonymous_2)","decl":{"start":{"line":22,"column":4},"end":{"line":22,"column":5}},"loc":{"start":{"line":22,"column":25},"end":{"line":26,"column":5}},"line":22},"3":{"name":"(anonymous_3)","decl":{"start":{"line":30,"column":4},"end":{"line":30,"column":5}},"loc":{"start":{"line":30,"column":13},"end":{"line":32,"column":5}},"line":30}},"branchMap":{"0":{"loc":{"start":{"line":20,"column":41},"end":{"line":20,"column":109}},"type":"binary-expr","locations":[{"start":{"line":20,"column":41},"end":{"line":20,"column":69}},{"start":{"line":20,"column":73},"end":{"line":20,"column":94}},{"start":{"line":20,"column":98},"end":{"line":20,"column":109}}],"line":20}},"s":{"0":5,"1":2,"2":2,"3":2,"4":5},"f":{"0":5,"1":5,"2":2,"3":2},"b":{"0":[5,4,1]},"_coverageSchema":"332fd63041d2c1bcb487cc26dd0d5f7d97098a6c","hash":"40c3d7495f35400284ee939a793a82cf36619f25"}
,"/Users/seunghunlee/Clients/Seunghun/simplesurance/app/utils/injectSaga.js": {"path":"/Users/seunghunlee/Clients/Seunghun/simplesurance/app/utils/injectSaga.js","statementMap":{"0":{"start":{"line":18,"column":40},"end":{"line":46,"column":1}},"1":{"start":{"line":27,"column":29},"end":{"line":27,"column":43}},"2":{"start":{"line":29,"column":6},"end":{"line":29,"column":50}},"3":{"start":{"line":33,"column":28},"end":{"line":33,"column":42}},"4":{"start":{"line":35,"column":6},"end":{"line":35,"column":21}},"5":{"start":{"line":41,"column":6},"end":{"line":41,"column":50}},"6":{"start":{"line":45,"column":2},"end":{"line":45,"column":60}}},"fnMap":{"0":{"name":"(anonymous_0)","decl":{"start":{"line":18,"column":15},"end":{"line":18,"column":16}},"loc":{"start":{"line":18,"column":40},"end":{"line":46,"column":1}},"line":18},"1":{"name":"(anonymous_1)","decl":{"start":{"line":18,"column":40},"end":{"line":18,"column":41}},"loc":{"start":{"line":18,"column":62},"end":{"line":46,"column":1}},"line":18},"2":{"name":"(anonymous_2)","decl":{"start":{"line":26,"column":4},"end":{"line":26,"column":5}},"loc":{"start":{"line":26,"column":25},"end":{"line":30,"column":5}},"line":26},"3":{"name":"(anonymous_3)","decl":{"start":{"line":32,"column":4},"end":{"line":32,"column":5}},"loc":{"start":{"line":32,"column":27},"end":{"line":36,"column":5}},"line":32},"4":{"name":"(anonymous_4)","decl":{"start":{"line":40,"column":4},"end":{"line":40,"column":5}},"loc":{"start":{"line":40,"column":13},"end":{"line":42,"column":5}},"line":40}},"branchMap":{"0":{"loc":{"start":{"line":24,"column":38},"end":{"line":24,"column":106}},"type":"binary-expr","locations":[{"start":{"line":24,"column":38},"end":{"line":24,"column":66}},{"start":{"line":24,"column":70},"end":{"line":24,"column":91}},{"start":{"line":24,"column":95},"end":{"line":24,"column":106}}],"line":24}},"s":{"0":6,"1":3,"2":3,"3":1,"4":1,"5":3,"6":6},"f":{"0":6,"1":6,"2":3,"3":1,"4":3},"b":{"0":[6,5,1]},"_coverageSchema":"332fd63041d2c1bcb487cc26dd0d5f7d97098a6c","hash":"98312a11cc40aac30de73c6ffd6236b022f84d14"}
,"/Users/seunghunlee/Clients/Seunghun/simplesurance/app/utils/reducerInjectors.js": {"path":"/Users/seunghunlee/Clients/Seunghun/simplesurance/app/utils/reducerInjectors.js","statementMap":{"0":{"start":{"line":10,"column":2},"end":{"line":23,"column":4}},"1":{"start":{"line":11,"column":4},"end":{"line":11,"column":36}},"2":{"start":{"line":11,"column":18},"end":{"line":11,"column":36}},"3":{"start":{"line":13,"column":4},"end":{"line":16,"column":6}},"4":{"start":{"line":19,"column":4},"end":{"line":19,"column":100}},"5":{"start":{"line":19,"column":93},"end":{"line":19,"column":100}},"6":{"start":{"line":21,"column":4},"end":{"line":21,"column":42}},"7":{"start":{"line":22,"column":4},"end":{"line":22,"column":64}},"8":{"start":{"line":27,"column":2},"end":{"line":27,"column":20}},"9":{"start":{"line":29,"column":2},"end":{"line":31,"column":4}}},"fnMap":{"0":{"name":"injectReducerFactory","decl":{"start":{"line":9,"column":16},"end":{"line":9,"column":36}},"loc":{"start":{"line":9,"column":53},"end":{"line":24,"column":1}},"line":9},"1":{"name":"injectReducer","decl":{"start":{"line":10,"column":18},"end":{"line":10,"column":31}},"loc":{"start":{"line":10,"column":46},"end":{"line":23,"column":3}},"line":10},"2":{"name":"getInjectors","decl":{"start":{"line":26,"column":24},"end":{"line":26,"column":36}},"loc":{"start":{"line":26,"column":44},"end":{"line":32,"column":1}},"line":26}},"branchMap":{"0":{"loc":{"start":{"line":11,"column":4},"end":{"line":11,"column":36}},"type":"if","locations":[{"start":{"line":11,"column":4},"end":{"line":11,"column":36}},{"start":{"line":11,"column":4},"end":{"line":11,"column":36}}],"line":11},"1":{"loc":{"start":{"line":14,"column":6},"end":{"line":14,"column":59}},"type":"binary-expr","locations":[{"start":{"line":14,"column":6},"end":{"line":14,"column":19}},{"start":{"line":14,"column":23},"end":{"line":14,"column":36}},{"start":{"line":14,"column":40},"end":{"line":14,"column":59}}],"line":14},"2":{"loc":{"start":{"line":19,"column":4},"end":{"line":19,"column":100}},"type":"if","locations":[{"start":{"line":19,"column":4},"end":{"line":19,"column":100}},{"start":{"line":19,"column":4},"end":{"line":19,"column":100}}],"line":19},"3":{"loc":{"start":{"line":19,"column":8},"end":{"line":19,"column":91}},"type":"binary-expr","locations":[{"start":{"line":19,"column":8},"end":{"line":19,"column":48}},{"start":{"line":19,"column":52},"end":{"line":19,"column":91}}],"line":19}},"s":{"0":8,"1":10,"2":1,"3":9,"4":6,"5":1,"6":5,"7":5,"8":2,"9":1},"f":{"0":8,"1":10,"2":2},"b":{"0":[1,9],"1":[9,7,6],"2":[1,5],"3":[6,2]},"_coverageSchema":"332fd63041d2c1bcb487cc26dd0d5f7d97098a6c","hash":"e2dacb5da1c3d5ec1aba7c553f21d85dbb978999"}
,"/Users/seunghunlee/Clients/Seunghun/simplesurance/app/utils/request.js": {"path":"/Users/seunghunlee/Clients/Seunghun/simplesurance/app/utils/request.js","statementMap":{"0":{"start":{"line":11,"column":2},"end":{"line":13,"column":3}},"1":{"start":{"line":12,"column":4},"end":{"line":12,"column":16}},"2":{"start":{"line":14,"column":2},"end":{"line":14,"column":25}},"3":{"start":{"line":25,"column":2},"end":{"line":27,"column":3}},"4":{"start":{"line":26,"column":4},"end":{"line":26,"column":20}},"5":{"start":{"line":29,"column":16},"end":{"line":29,"column":46}},"6":{"start":{"line":30,"column":2},"end":{"line":30,"column":28}},"7":{"start":{"line":31,"column":2},"end":{"line":31,"column":14}},"8":{"start":{"line":43,"column":2},"end":{"line":45,"column":21}}},"fnMap":{"0":{"name":"parseJSON","decl":{"start":{"line":10,"column":9},"end":{"line":10,"column":18}},"loc":{"start":{"line":10,"column":29},"end":{"line":15,"column":1}},"line":10},"1":{"name":"checkStatus","decl":{"start":{"line":24,"column":9},"end":{"line":24,"column":20}},"loc":{"start":{"line":24,"column":31},"end":{"line":32,"column":1}},"line":24},"2":{"name":"request","decl":{"start":{"line":42,"column":24},"end":{"line":42,"column":31}},"loc":{"start":{"line":42,"column":46},"end":{"line":46,"column":1}},"line":42}},"branchMap":{"0":{"loc":{"start":{"line":11,"column":2},"end":{"line":13,"column":3}},"type":"if","locations":[{"start":{"line":11,"column":2},"end":{"line":13,"column":3}},{"start":{"line":11,"column":2},"end":{"line":13,"column":3}}],"line":11},"1":{"loc":{"start":{"line":11,"column":6},"end":{"line":11,"column":56}},"type":"binary-expr","locations":[{"start":{"line":11,"column":6},"end":{"line":11,"column":29}},{"start":{"line":11,"column":33},"end":{"line":11,"column":56}}],"line":11},"2":{"loc":{"start":{"line":25,"column":2},"end":{"line":27,"column":3}},"type":"if","locations":[{"start":{"line":25,"column":2},"end":{"line":27,"column":3}},{"start":{"line":25,"column":2},"end":{"line":27,"column":3}}],"line":25},"3":{"loc":{"start":{"line":25,"column":6},"end":{"line":25,"column":53}},"type":"binary-expr","locations":[{"start":{"line":25,"column":6},"end":{"line":25,"column":28}},{"start":{"line":25,"column":32},"end":{"line":25,"column":53}}],"line":25}},"s":{"0":2,"1":1,"2":1,"3":3,"4":2,"5":1,"6":1,"7":1,"8":3},"f":{"0":2,"1":3,"2":3},"b":{"0":[1,1],"1":[2,1],"2":[2,1],"3":[3,3]},"_coverageSchema":"332fd63041d2c1bcb487cc26dd0d5f7d97098a6c","hash":"91c8d2a3d8e63081e8cb53bbebfffc8aeafeb5ca"}
,"/Users/seunghunlee/Clients/Seunghun/simplesurance/app/utils/sagaInjectors.js": {"path":"/Users/seunghunlee/Clients/Seunghun/simplesurance/app/utils/sagaInjectors.js","statementMap":{"0":{"start":{"line":14,"column":21},"end":{"line":14,"column":68}},"1":{"start":{"line":16,"column":17},"end":{"line":19,"column":1}},"2":{"start":{"line":16,"column":26},"end":{"line":19,"column":1}},"3":{"start":{"line":21,"column":24},"end":{"line":30,"column":1}},"4":{"start":{"line":22,"column":16},"end":{"line":25,"column":3}},"5":{"start":{"line":24,"column":20},"end":{"line":24,"column":65}},"6":{"start":{"line":26,"column":2},"end":{"line":29,"column":4}},"7":{"start":{"line":33,"column":2},"end":{"line":56,"column":4}},"8":{"start":{"line":34,"column":4},"end":{"line":34,"column":36}},"9":{"start":{"line":34,"column":18},"end":{"line":34,"column":36}},"10":{"start":{"line":36,"column":26},"end":{"line":36,"column":88}},"11":{"start":{"line":37,"column":27},"end":{"line":37,"column":40}},"12":{"start":{"line":39,"column":4},"end":{"line":39,"column":18}},"13":{"start":{"line":40,"column":4},"end":{"line":40,"column":35}},"14":{"start":{"line":42,"column":18},"end":{"line":42,"column":55}},"15":{"start":{"line":44,"column":4},"end":{"line":51,"column":5}},"16":{"start":{"line":45,"column":28},"end":{"line":45,"column":52}},"17":{"start":{"line":47,"column":6},"end":{"line":50,"column":7}},"18":{"start":{"line":48,"column":8},"end":{"line":48,"column":36}},"19":{"start":{"line":49,"column":8},"end":{"line":49,"column":24}},"20":{"start":{"line":53,"column":4},"end":{"line":55,"column":5}},"21":{"start":{"line":54,"column":6},"end":{"line":54,"column":87}},"22":{"start":{"line":60,"column":2},"end":{"line":76,"column":4}},"23":{"start":{"line":61,"column":4},"end":{"line":61,"column":36}},"24":{"start":{"line":61,"column":18},"end":{"line":61,"column":36}},"25":{"start":{"line":63,"column":4},"end":{"line":63,"column":18}},"26":{"start":{"line":65,"column":4},"end":{"line":75,"column":5}},"27":{"start":{"line":66,"column":25},"end":{"line":66,"column":49}},"28":{"start":{"line":67,"column":6},"end":{"line":74,"column":7}},"29":{"start":{"line":68,"column":8},"end":{"line":68,"column":33}},"30":{"start":{"line":70,"column":8},"end":{"line":73,"column":9}},"31":{"start":{"line":72,"column":10},"end":{"line":72,"column":44}},"32":{"start":{"line":80,"column":2},"end":{"line":80,"column":20}},"33":{"start":{"line":82,"column":2},"end":{"line":85,"column":4}}},"fnMap":{"0":{"name":"(anonymous_0)","decl":{"start":{"line":16,"column":17},"end":{"line":16,"column":18}},"loc":{"start":{"line":16,"column":26},"end":{"line":19,"column":1}},"line":16},"1":{"name":"(anonymous_1)","decl":{"start":{"line":21,"column":24},"end":{"line":21,"column":25}},"loc":{"start":{"line":21,"column":40},"end":{"line":30,"column":1}},"line":21},"2":{"name":"(anonymous_2)","decl":{"start":{"line":24,"column":10},"end":{"line":24,"column":11}},"loc":{"start":{"line":24,"column":20},"end":{"line":24,"column":65}},"line":24},"3":{"name":"injectSagaFactory","decl":{"start":{"line":32,"column":16},"end":{"line":32,"column":33}},"loc":{"start":{"line":32,"column":50},"end":{"line":57,"column":1}},"line":32},"4":{"name":"injectSaga","decl":{"start":{"line":33,"column":18},"end":{"line":33,"column":28}},"loc":{"start":{"line":33,"column":57},"end":{"line":56,"column":3}},"line":33},"5":{"name":"ejectSagaFactory","decl":{"start":{"line":59,"column":16},"end":{"line":59,"column":32}},"loc":{"start":{"line":59,"column":49},"end":{"line":77,"column":1}},"line":59},"6":{"name":"ejectSaga","decl":{"start":{"line":60,"column":18},"end":{"line":60,"column":27}},"loc":{"start":{"line":60,"column":33},"end":{"line":76,"column":3}},"line":60},"7":{"name":"getInjectors","decl":{"start":{"line":79,"column":24},"end":{"line":79,"column":36}},"loc":{"start":{"line":79,"column":44},"end":{"line":86,"column":1}},"line":79}},"branchMap":{"0":{"loc":{"start":{"line":17,"column":2},"end":{"line":17,"column":32}},"type":"binary-expr","locations":[{"start":{"line":17,"column":2},"end":{"line":17,"column":15}},{"start":{"line":17,"column":19},"end":{"line":17,"column":32}}],"line":17},"1":{"loc":{"start":{"line":24,"column":20},"end":{"line":24,"column":65}},"type":"binary-expr","locations":[{"start":{"line":24,"column":20},"end":{"line":24,"column":34}},{"start":{"line":24,"column":38},"end":{"line":24,"column":65}}],"line":24},"2":{"loc":{"start":{"line":33,"column":34},"end":{"line":33,"column":49}},"type":"default-arg","locations":[{"start":{"line":33,"column":47},"end":{"line":33,"column":49}}],"line":33},"3":{"loc":{"start":{"line":34,"column":4},"end":{"line":34,"column":36}},"type":"if","locations":[{"start":{"line":34,"column":4},"end":{"line":34,"column":36}},{"start":{"line":34,"column":4},"end":{"line":34,"column":36}}],"line":34},"4":{"loc":{"start":{"line":36,"column":49},"end":{"line":36,"column":86}},"type":"binary-expr","locations":[{"start":{"line":36,"column":49},"end":{"line":36,"column":64}},{"start":{"line":36,"column":68},"end":{"line":36,"column":86}}],"line":36},"5":{"loc":{"start":{"line":44,"column":4},"end":{"line":51,"column":5}},"type":"if","locations":[{"start":{"line":44,"column":4},"end":{"line":51,"column":5}},{"start":{"line":44,"column":4},"end":{"line":51,"column":5}}],"line":44},"6":{"loc":{"start":{"line":47,"column":6},"end":{"line":50,"column":7}},"type":"if","locations":[{"start":{"line":47,"column":6},"end":{"line":50,"column":7}},{"start":{"line":47,"column":6},"end":{"line":50,"column":7}}],"line":47},"7":{"loc":{"start":{"line":47,"column":10},"end":{"line":47,"column":48}},"type":"binary-expr","locations":[{"start":{"line":47,"column":10},"end":{"line":47,"column":17}},{"start":{"line":47,"column":21},"end":{"line":47,"column":48}}],"line":47},"8":{"loc":{"start":{"line":53,"column":4},"end":{"line":55,"column":5}},"type":"if","locations":[{"start":{"line":53,"column":4},"end":{"line":55,"column":5}},{"start":{"line":53,"column":4},"end":{"line":55,"column":5}}],"line":53},"9":{"loc":{"start":{"line":53,"column":8},"end":{"line":53,"column":78}},"type":"binary-expr","locations":[{"start":{"line":53,"column":8},"end":{"line":53,"column":16}},{"start":{"line":53,"column":21},"end":{"line":53,"column":28}},{"start":{"line":53,"column":32},"end":{"line":53,"column":47}},{"start":{"line":53,"column":51},"end":{"line":53,"column":77}}],"line":53},"10":{"loc":{"start":{"line":61,"column":4},"end":{"line":61,"column":36}},"type":"if","locations":[{"start":{"line":61,"column":4},"end":{"line":61,"column":36}},{"start":{"line":61,"column":4},"end":{"line":61,"column":36}}],"line":61},"11":{"loc":{"start":{"line":65,"column":4},"end":{"line":75,"column":5}},"type":"if","locations":[{"start":{"line":65,"column":4},"end":{"line":75,"column":5}},{"start":{"line":65,"column":4},"end":{"line":75,"column":5}}],"line":65},"12":{"loc":{"start":{"line":67,"column":6},"end":{"line":74,"column":7}},"type":"if","locations":[{"start":{"line":67,"column":6},"end":{"line":74,"column":7}},{"start":{"line":67,"column":6},"end":{"line":74,"column":7}}],"line":67},"13":{"loc":{"start":{"line":70,"column":8},"end":{"line":73,"column":9}},"type":"if","locations":[{"start":{"line":70,"column":8},"end":{"line":73,"column":9}},{"start":{"line":70,"column":8},"end":{"line":73,"column":9}}],"line":70}},"s":{"0":3,"1":3,"2":36,"3":3,"4":24,"5":24,"6":24,"7":21,"8":27,"9":1,"10":26,"11":26,"12":26,"13":24,"14":20,"15":20,"16":16,"17":16,"18":1,"19":1,"20":20,"21":15,"22":21,"23":11,"24":1,"25":10,"26":8,"27":7,"28":7,"29":4,"30":4,"31":2,"32":2,"33":1},"f":{"0":36,"1":24,"2":24,"3":21,"4":27,"5":21,"6":11,"7":2},"b":{"0":[36,34],"1":[24,23],"2":[1],"3":[1,26],"4":[26,10],"5":[16,4],"6":[1,15],"7":[16,5],"8":[15,5],"9":[20,5,5,2],"10":[1,10],"11":[7,1],"12":[4,3],"13":[2,2]},"_coverageSchema":"332fd63041d2c1bcb487cc26dd0d5f7d97098a6c","hash":"b49080f2b99508e8c13a89c3b9b9e90ad17aa4c6"}
}
