TN:
SF:/Users/seunghunlee/Clients/Seunghun/simplesurance/app/configureStore.js
FN:13,configureStore
FNF:1
FNH:1
FNDA:40,configureStore
DA:11,7
DA:17,40
DA:22,40
DA:23,40
DA:24,40
DA:27,40
DA:34,40
DA:45,40
DA:52,40
DA:53,40
DA:54,40
DA:64,40
LF:12
LH:12
BRDA:13,0,0,1
BRDA:22,1,0,40
BRDA:22,1,1,0
BRDA:34,2,0,1
BRDA:34,2,1,39
BRDA:34,3,0,40
BRDA:34,3,1,40
BRDA:34,3,2,40
BRF:8
BRH:7
end_of_record
TN:
SF:/Users/seunghunlee/Clients/Seunghun/simplesurance/app/i18n.js
FN:24,(anonymous_0)
FN:28,(anonymous_1)
FNF:2
FNH:2
FNDA:24,(anonymous_0)
FNDA:560,(anonymous_1)
DA:16,7
DA:17,7
DA:19,7
DA:24,7
DA:25,24
DA:28,24
DA:29,560
DA:32,560
DA:36,7
LF:9
LH:9
BRDA:25,0,0,8
BRDA:25,0,1,16
BRDA:29,1,0,57
BRDA:29,1,1,503
BRDA:29,2,0,560
BRDA:29,2,1,57
BRF:6
BRH:6
end_of_record
TN:
SF:/Users/seunghunlee/Clients/Seunghun/simplesurance/app/reducers.js
FN:15,createReducer
FNF:1
FNH:1
FNDA:45,createReducer
DA:16,45
LF:1
LH:1
BRF:0
BRH:0
end_of_record
TN:
SF:/Users/seunghunlee/Clients/Seunghun/simplesurance/app/components/A/index.js
FNF:0
FNH:0
DA:7,11
LF:1
LH:1
BRF:0
BRH:0
end_of_record
TN:
SF:/Users/seunghunlee/Clients/Seunghun/simplesurance/app/components/Button/A.js
FNF:0
FNH:0
DA:5,2
LF:1
LH:1
BRF:0
BRH:0
end_of_record
TN:
SF:/Users/seunghunlee/Clients/Seunghun/simplesurance/app/components/Button/StyledButton.js
FNF:0
FNH:0
DA:5,2
LF:1
LH:1
BRF:0
BRH:0
end_of_record
TN:
SF:/Users/seunghunlee/Clients/Seunghun/simplesurance/app/components/Button/Wrapper.js
FNF:0
FNH:0
DA:3,2
LF:1
LH:1
BRF:0
BRH:0
end_of_record
TN:
SF:/Users/seunghunlee/Clients/Seunghun/simplesurance/app/components/Button/buttonStyles.js
FNF:0
FNH:0
DA:3,3
LF:1
LH:1
BRF:0
BRH:0
end_of_record
TN:
SF:/Users/seunghunlee/Clients/Seunghun/simplesurance/app/components/Button/index.js
FN:16,Button
FNF:1
FNH:1
FNDA:7,Button
DA:19,7
DA:25,7
DA:26,2
DA:33,7
DA:40,1
LF:5
LH:5
BRDA:25,0,0,2
BRDA:25,0,1,5
BRF:2
BRH:2
end_of_record
TN:
SF:/Users/seunghunlee/Clients/Seunghun/simplesurance/app/components/Footer/Wrapper.js
FNF:0
FNH:0
DA:3,5
LF:1
LH:1
BRF:0
BRH:0
end_of_record
TN:
SF:/Users/seunghunlee/Clients/Seunghun/simplesurance/app/components/Footer/index.js
FN:9,Footer
FNF:1
FNH:1
FNDA:2,Footer
DA:10,2
LF:1
LH:1
BRF:0
BRH:0
end_of_record
TN:
SF:/Users/seunghunlee/Clients/Seunghun/simplesurance/app/components/Footer/messages.js
FNF:0
FNH:0
LF:0
LH:0
BRF:0
BRH:0
end_of_record
TN:
SF:/Users/seunghunlee/Clients/Seunghun/simplesurance/app/components/H1/index.js
FNF:0
FNH:0
DA:3,3
LF:1
LH:1
BRF:0
BRH:0
end_of_record
TN:
SF:/Users/seunghunlee/Clients/Seunghun/simplesurance/app/components/H2/index.js
FNF:0
FNH:0
DA:3,2
LF:1
LH:1
BRF:0
BRH:0
end_of_record
TN:
SF:/Users/seunghunlee/Clients/Seunghun/simplesurance/app/components/H3/index.js
FN:3,H3
FNF:1
FNH:1
FNDA:2,H3
DA:4,2
LF:1
LH:1
BRF:0
BRH:0
end_of_record
TN:
SF:/Users/seunghunlee/Clients/Seunghun/simplesurance/app/components/Header/A.js
FNF:0
FNH:0
DA:3,5
LF:1
LH:1
BRF:0
BRH:0
end_of_record
TN:
SF:/Users/seunghunlee/Clients/Seunghun/simplesurance/app/components/Header/HeaderLink.js
FNF:0
FNH:0
LF:0
LH:0
BRF:0
BRH:0
end_of_record
TN:
SF:/Users/seunghunlee/Clients/Seunghun/simplesurance/app/components/Header/Img.js
FNF:0
FNH:0
DA:5,5
LF:1
LH:1
BRF:0
BRH:0
end_of_record
TN:
SF:/Users/seunghunlee/Clients/Seunghun/simplesurance/app/components/Header/NavBar.js
FNF:0
FNH:0
LF:0
LH:0
BRF:0
BRH:0
end_of_record
TN:
SF:/Users/seunghunlee/Clients/Seunghun/simplesurance/app/components/Header/index.js
FN:12,(anonymous_0)
FNF:1
FNH:1
FNDA:1,(anonymous_0)
DA:13,1
LF:1
LH:1
BRF:0
BRH:0
end_of_record
TN:
SF:/Users/seunghunlee/Clients/Seunghun/simplesurance/app/components/Header/messages.js
FNF:0
FNH:0
LF:0
LH:0
BRF:0
BRH:0
end_of_record
TN:
SF:/Users/seunghunlee/Clients/Seunghun/simplesurance/app/components/Img/index.js
FN:11,Img
FNF:1
FNH:1
FNDA:10,Img
DA:12,10
DA:18,6
LF:2
LH:2
BRF:0
BRH:0
end_of_record
TN:
SF:/Users/seunghunlee/Clients/Seunghun/simplesurance/app/components/IssueIcon/index.js
FN:4,IssueIcon
FNF:1
FNH:1
FNDA:7,IssueIcon
DA:5,7
DA:16,4
LF:2
LH:2
BRF:0
BRH:0
end_of_record
TN:
SF:/Users/seunghunlee/Clients/Seunghun/simplesurance/app/components/List/Ul.js
FNF:0
FNH:0
DA:3,3
LF:1
LH:1
BRF:0
BRH:0
end_of_record
TN:
SF:/Users/seunghunlee/Clients/Seunghun/simplesurance/app/components/List/Wrapper.js
FNF:0
FNH:0
DA:3,3
LF:1
LH:1
BRF:0
BRH:0
end_of_record
TN:
SF:/Users/seunghunlee/Clients/Seunghun/simplesurance/app/components/List/index.js
FN:7,List
FN:13,(anonymous_1)
FNF:2
FNH:2
FNDA:3,List
FNDA:2,(anonymous_1)
DA:8,3
DA:9,3
DA:12,3
DA:13,1
DA:14,2
DA:18,2
DA:21,3
DA:30,2
LF:8
LH:8
BRDA:12,0,0,1
BRDA:12,0,1,2
BRF:2
BRH:2
end_of_record
TN:
SF:/Users/seunghunlee/Clients/Seunghun/simplesurance/app/components/ListItem/Item.js
FNF:0
FNH:0
DA:3,5
LF:1
LH:1
BRF:0
BRH:0
end_of_record
TN:
SF:/Users/seunghunlee/Clients/Seunghun/simplesurance/app/components/ListItem/Wrapper.js
FNF:0
FNH:0
DA:3,5
LF:1
LH:1
BRF:0
BRH:0
end_of_record
TN:
SF:/Users/seunghunlee/Clients/Seunghun/simplesurance/app/components/ListItem/index.js
FN:7,ListItem
FNF:1
FNH:1
FNDA:8,ListItem
DA:8,8
DA:17,4
LF:2
LH:2
BRF:0
BRH:0
end_of_record
TN:
SF:/Users/seunghunlee/Clients/Seunghun/simplesurance/app/components/LoadingIndicator/Circle.js
FN:17,(anonymous_0)
FNF:1
FNH:1
FNDA:15,(anonymous_0)
DA:5,7
DA:17,7
DA:18,15
DA:45,15
DA:48,7
LF:5
LH:5
BRDA:24,0,0,15
BRDA:24,0,1,11
BRDA:39,1,0,15
BRDA:39,1,1,11
BRF:4
BRH:4
end_of_record
TN:
SF:/Users/seunghunlee/Clients/Seunghun/simplesurance/app/components/LoadingIndicator/Wrapper.js
FNF:0
FNH:0
DA:3,7
LF:1
LH:1
BRF:0
BRH:0
end_of_record
TN:
SF:/Users/seunghunlee/Clients/Seunghun/simplesurance/app/components/LoadingIndicator/index.js
FN:6,(anonymous_0)
FNF:1
FNH:1
FNDA:1,(anonymous_0)
DA:6,6
DA:7,1
LF:2
LH:2
BRF:0
BRH:0
end_of_record
TN:
SF:/Users/seunghunlee/Clients/Seunghun/simplesurance/app/components/ReposList/index.js
FN:9,ReposList
FN:15,(anonymous_1)
FNF:2
FNH:2
FNDA:4,ReposList
FNDA:1,(anonymous_1)
DA:10,4
DA:11,1
DA:14,3
DA:15,1
DA:16,1
DA:18,1
DA:21,2
DA:22,1
DA:25,1
DA:28,1
LF:10
LH:10
BRDA:10,0,0,1
BRDA:10,0,1,3
BRDA:14,1,0,1
BRDA:14,1,1,2
BRDA:21,2,0,1
BRDA:21,2,1,1
BRF:6
BRH:6
end_of_record
TN:
SF:/Users/seunghunlee/Clients/Seunghun/simplesurance/app/components/Toggle/Select.js
FNF:0
FNH:0
DA:3,7
LF:1
LH:1
BRF:0
BRH:0
end_of_record
TN:
SF:/Users/seunghunlee/Clients/Seunghun/simplesurance/app/components/Toggle/index.js
FN:13,Toggle
FN:18,(anonymous_1)
FNF:2
FNH:2
FNDA:2,Toggle
FNDA:2,(anonymous_1)
DA:14,2
DA:17,2
DA:18,1
DA:19,2
DA:23,2
DA:30,6
LF:6
LH:6
BRDA:17,0,0,1
BRDA:17,0,1,1
BRF:2
BRH:2
end_of_record
TN:
SF:/Users/seunghunlee/Clients/Seunghun/simplesurance/app/components/ToggleOption/index.js
FN:11,(anonymous_0)
FNF:1
FNH:1
FNDA:3,(anonymous_0)
DA:11,7
DA:12,3
DA:17,7
LF:3
LH:3
BRDA:13,0,0,2
BRDA:13,0,1,1
BRF:2
BRH:2
end_of_record
TN:
SF:/Users/seunghunlee/Clients/Seunghun/simplesurance/app/components/WizardForm/WizardFormPage.js
FN:37,(anonymous_0)
FN:40,(anonymous_1)
FN:43,(anonymous_2)
FN:43,(anonymous_3)
FN:57,(anonymous_4)
FN:57,(anonymous_5)
FN:67,(anonymous_6)
FN:78,(anonymous_7)
FNF:8
FNH:2
FNDA:0,(anonymous_0)
FNDA:0,(anonymous_1)
FNDA:10,(anonymous_2)
FNDA:0,(anonymous_3)
FNDA:2,(anonymous_4)
FNDA:0,(anonymous_5)
FNDA:0,(anonymous_6)
FNDA:0,(anonymous_7)
DA:9,2
DA:10,2
DA:11,2
DA:12,2
DA:14,2
DA:25,2
DA:37,2
DA:38,0
DA:40,2
DA:41,0
DA:43,10
DA:44,0
DA:45,0
DA:57,2
DA:58,0
DA:59,0
DA:67,0
DA:71,2
DA:72,2
DA:73,2
DA:74,2
DA:75,2
DA:76,2
DA:78,2
DA:79,0
DA:81,0
DA:139,2
DA:145,2
LF:28
LH:19
BRDA:38,0,0,0
BRDA:38,0,1,0
BRDA:41,1,0,0
BRDA:41,1,1,0
BRDA:44,2,0,0
BRDA:44,2,1,0
BRDA:49,3,0,0
BRDA:49,3,1,0
BRDA:50,4,0,0
BRDA:50,4,1,0
BRDA:51,5,0,0
BRDA:51,5,1,0
BRDA:58,6,0,0
BRDA:58,6,1,0
BRDA:63,7,0,0
BRDA:63,7,1,0
BRDA:64,8,0,0
BRDA:64,8,1,0
BRDA:65,9,0,0
BRDA:65,9,1,0
BRDA:67,10,0,0
BRDA:67,10,1,0
BRDA:83,11,0,0
BRDA:83,11,1,0
BRDA:92,12,0,0
BRDA:92,12,1,0
BRDA:101,13,0,0
BRDA:101,13,1,0
BRDA:110,14,0,0
BRDA:110,14,1,0
BRDA:123,15,0,0
BRDA:123,15,1,0
BRDA:128,16,0,0
BRDA:128,16,1,0
BRDA:131,17,0,0
BRDA:131,17,1,0
BRF:36
BRH:0
end_of_record
TN:
SF:/Users/seunghunlee/Clients/Seunghun/simplesurance/app/components/WizardForm/index.js
FN:8,(anonymous_0)
FN:17,(anonymous_1)
FN:19,(anonymous_2)
FN:22,(anonymous_3)
FN:28,(anonymous_4)
FN:46,(anonymous_5)
FN:49,(anonymous_6)
FN:53,(anonymous_7)
FN:57,(anonymous_8)
FN:62,(anonymous_9)
FN:63,(anonymous_10)
FN:70,(anonymous_11)
FN:75,(anonymous_12)
FN:78,(anonymous_13)
FNF:14
FNH:0
FNDA:0,(anonymous_0)
FNDA:0,(anonymous_1)
FNDA:0,(anonymous_2)
FNDA:0,(anonymous_3)
FNDA:0,(anonymous_4)
FNDA:0,(anonymous_5)
FNDA:0,(anonymous_6)
FNDA:0,(anonymous_7)
FNDA:0,(anonymous_8)
FNDA:0,(anonymous_9)
FNDA:0,(anonymous_10)
FNDA:0,(anonymous_11)
FNDA:0,(anonymous_12)
FNDA:0,(anonymous_13)
DA:9,0
DA:10,0
DA:11,0
DA:12,0
DA:13,0
DA:18,0
DA:19,0
DA:20,0
DA:22,0
DA:23,0
DA:24,0
DA:25,0
DA:28,0
DA:37,0
DA:43,0
DA:44,0
DA:47,0
DA:50,0
DA:54,0
DA:58,0
DA:59,0
DA:63,0
DA:70,2
DA:71,0
DA:75,2
DA:76,0
DA:78,0
LF:27
LH:2
BRDA:19,0,0,0
BRDA:19,0,1,0
BRDA:20,1,0,0
BRDA:20,1,1,0
BRDA:23,2,0,0
BRDA:23,2,1,0
BRDA:23,3,0,0
BRDA:23,3,1,0
BRDA:61,4,0,0
BRDA:61,4,1,0
BRDA:61,4,2,0
BRDA:62,5,0,0
BRDA:62,5,1,0
BRF:13
BRH:0
end_of_record
TN:
SF:/Users/seunghunlee/Clients/Seunghun/simplesurance/app/components/WizardForm/renderField.js
FN:3,(anonymous_0)
FNF:1
FNH:0
FNDA:0,(anonymous_0)
DA:3,2
DA:4,0
LF:2
LH:1
BRDA:8,0,0,0
BRDA:8,0,1,0
BRDA:8,0,2,0
BRF:3
BRH:0
end_of_record
TN:
SF:/Users/seunghunlee/Clients/Seunghun/simplesurance/app/components/WizardForm/validate.js
FN:1,(anonymous_0)
FNF:1
FNH:0
FNDA:0,(anonymous_0)
DA:1,2
DA:2,0
DA:3,0
DA:4,0
DA:6,0
DA:7,0
DA:9,0
DA:10,0
DA:11,0
DA:12,0
DA:14,0
DA:15,0
DA:17,0
DA:18,0
DA:20,0
LF:15
LH:1
BRDA:3,0,0,0
BRDA:3,0,1,0
BRDA:6,1,0,0
BRDA:6,1,1,0
BRDA:9,2,0,0
BRDA:9,2,1,0
BRDA:11,3,0,0
BRDA:11,3,1,0
BRDA:14,4,0,0
BRDA:14,4,1,0
BRDA:17,5,0,0
BRDA:17,5,1,0
BRF:12
BRH:0
end_of_record
TN:
SF:/Users/seunghunlee/Clients/Seunghun/simplesurance/app/containers/App/actions.js
FN:31,loadRepos
FN:45,reposLoaded
FN:52,saveUserAnswers
FN:65,repoLoadingError
FN:71,finalSubmitForm
FNF:5
FNH:3
FNDA:2,loadRepos
FNDA:4,reposLoaded
FNDA:0,saveUserAnswers
FNDA:4,repoLoadingError
FNDA:0,finalSubmitForm
DA:32,2
DA:46,4
DA:53,0
DA:66,4
DA:72,0
LF:5
LH:3
BRF:0
BRH:0
end_of_record
TN:
SF:/Users/seunghunlee/Clients/Seunghun/simplesurance/app/containers/App/constants.js
FNF:0
FNH:0
DA:12,21
DA:13,21
DA:14,21
DA:15,21
DA:16,21
DA:18,21
LF:6
LH:6
BRF:0
BRH:0
end_of_record
TN:
SF:/Users/seunghunlee/Clients/Seunghun/simplesurance/app/containers/App/index.js
FN:29,App
FNF:1
FNH:1
FNDA:3,App
DA:20,3
DA:30,3
LF:2
LH:2
BRF:0
BRH:0
end_of_record
TN:
SF:/Users/seunghunlee/Clients/Seunghun/simplesurance/app/containers/App/reducer.js
FN:35,appReducer
FNF:1
FNH:1
FNDA:144,appReducer
DA:24,9
DA:36,144
DA:38,1
DA:44,1
DA:50,1
DA:52,0
DA:56,0
DA:60,141
LF:8
LH:6
BRDA:35,0,0,131
BRDA:36,1,0,1
BRDA:36,1,1,1
BRDA:36,1,2,1
BRDA:36,1,3,0
BRDA:36,1,4,0
BRDA:36,1,5,141
BRF:7
BRH:5
end_of_record
TN:
SF:/Users/seunghunlee/Clients/Seunghun/simplesurance/app/containers/App/selectors.js
FN:10,(anonymous_0)
FN:11,(anonymous_1)
FN:12,(anonymous_2)
FN:14,(anonymous_3)
FN:16,(anonymous_4)
FN:19,(anonymous_5)
FN:21,(anonymous_6)
FN:24,(anonymous_7)
FN:26,(anonymous_8)
FN:29,(anonymous_9)
FN:31,(anonymous_10)
FN:34,(anonymous_11)
FN:36,(anonymous_12)
FN:39,(anonymous_13)
FN:41,(anonymous_14)
FN:44,(anonymous_15)
FN:46,(anonymous_16)
FN:49,(anonymous_17)
FN:51,(anonymous_18)
FNF:19
FNH:13
FNDA:0,(anonymous_0)
FNDA:5,(anonymous_1)
FNDA:0,(anonymous_2)
FNDA:1,(anonymous_3)
FNDA:0,(anonymous_4)
FNDA:1,(anonymous_5)
FNDA:0,(anonymous_6)
FNDA:1,(anonymous_7)
FNDA:0,(anonymous_8)
FNDA:1,(anonymous_9)
FNDA:0,(anonymous_10)
FNDA:3,(anonymous_11)
FNDA:1,(anonymous_12)
FNDA:2,(anonymous_13)
FNDA:1,(anonymous_14)
FNDA:2,(anonymous_15)
FNDA:1,(anonymous_16)
FNDA:2,(anonymous_17)
FNDA:1,(anonymous_18)
DA:10,4
DA:11,5
DA:12,4
DA:14,4
DA:16,0
DA:19,4
DA:21,0
DA:24,4
DA:26,0
DA:29,4
DA:31,0
DA:34,4
DA:36,1
DA:39,4
DA:41,1
DA:44,4
DA:46,1
DA:49,4
DA:51,1
LF:19
LH:15
BRF:0
BRH:0
end_of_record
TN:
SF:/Users/seunghunlee/Clients/Seunghun/simplesurance/app/containers/FeaturePage/List.js
FNF:0
FNH:0
DA:3,2
LF:1
LH:1
BRF:0
BRH:0
end_of_record
TN:
SF:/Users/seunghunlee/Clients/Seunghun/simplesurance/app/containers/FeaturePage/ListItem.js
FNF:0
FNH:0
DA:3,2
LF:1
LH:1
BRF:0
BRH:0
end_of_record
TN:
SF:/Users/seunghunlee/Clients/Seunghun/simplesurance/app/containers/FeaturePage/ListItemTitle.js
FNF:0
FNH:0
DA:3,2
LF:1
LH:1
BRF:0
BRH:0
end_of_record
TN:
SF:/Users/seunghunlee/Clients/Seunghun/simplesurance/app/containers/FeaturePage/index.js
FN:20,(anonymous_0)
FN:24,(anonymous_1)
FNF:2
FNH:1
FNDA:0,(anonymous_0)
FNDA:2,(anonymous_1)
DA:21,0
DA:25,2
LF:2
LH:1
BRF:0
BRH:0
end_of_record
TN:
SF:/Users/seunghunlee/Clients/Seunghun/simplesurance/app/containers/FeaturePage/messages.js
FNF:0
FNH:0
LF:0
LH:0
BRF:0
BRH:0
end_of_record
TN:
SF:/Users/seunghunlee/Clients/Seunghun/simplesurance/app/containers/HomePage/AtPrefix.js
FNF:0
FNH:0
DA:3,2
LF:1
LH:1
BRF:0
BRH:0
end_of_record
TN:
SF:/Users/seunghunlee/Clients/Seunghun/simplesurance/app/containers/HomePage/CenteredSection.js
FNF:0
FNH:0
DA:3,2
LF:1
LH:1
BRF:0
BRH:0
end_of_record
TN:
SF:/Users/seunghunlee/Clients/Seunghun/simplesurance/app/containers/HomePage/Form.js
FNF:0
FNH:0
DA:3,2
LF:1
LH:1
BRF:0
BRH:0
end_of_record
TN:
SF:/Users/seunghunlee/Clients/Seunghun/simplesurance/app/containers/HomePage/Input.js
FNF:0
FNH:0
DA:3,2
LF:1
LH:1
BRF:0
BRH:0
end_of_record
TN:
SF:/Users/seunghunlee/Clients/Seunghun/simplesurance/app/containers/HomePage/Section.js
FNF:0
FNH:0
DA:3,3
LF:1
LH:1
BRF:0
BRH:0
end_of_record
TN:
SF:/Users/seunghunlee/Clients/Seunghun/simplesurance/app/containers/HomePage/actions.js
FN:29,changeUsername
FNF:1
FNH:1
FNDA:2,changeUsername
DA:30,2
LF:1
LH:1
BRF:0
BRH:0
end_of_record
TN:
SF:/Users/seunghunlee/Clients/Seunghun/simplesurance/app/containers/HomePage/constants.js
FNF:0
FNH:0
DA:12,3
LF:1
LH:1
BRF:0
BRH:0
end_of_record
TN:
SF:/Users/seunghunlee/Clients/Seunghun/simplesurance/app/containers/HomePage/index.js
FN:39,(anonymous_0)
FN:45,(anonymous_1)
FN:86,mapDispatchToProps
FN:89,(anonymous_3)
FN:90,(anonymous_4)
FN:91,(anonymous_5)
FN:95,(anonymous_6)
FNF:7
FNH:1
FNDA:0,(anonymous_0)
FNDA:1,(anonymous_1)
FNDA:0,mapDispatchToProps
FNDA:0,(anonymous_3)
FNDA:0,(anonymous_4)
FNDA:0,(anonymous_5)
FNDA:0,(anonymous_6)
DA:40,0
DA:41,0
DA:46,1
DA:48,1
DA:71,1
DA:87,0
DA:89,0
DA:90,0
DA:92,0
DA:93,0
DA:95,0
DA:99,1
DA:109,1
DA:111,1
DA:112,1
LF:15
LH:7
BRDA:40,0,0,0
BRDA:40,0,1,0
BRDA:40,1,0,0
BRDA:40,1,1,0
BRDA:92,2,0,0
BRDA:92,2,1,0
BRDA:92,3,0,0
BRDA:92,3,1,0
BRF:8
BRH:0
end_of_record
TN:
SF:/Users/seunghunlee/Clients/Seunghun/simplesurance/app/containers/HomePage/messages.js
FNF:0
FNH:0
LF:0
LH:0
BRF:0
BRH:0
end_of_record
TN:
SF:/Users/seunghunlee/Clients/Seunghun/simplesurance/app/containers/HomePage/reducer.js
FN:21,homeReducer
FNF:1
FNH:1
FNDA:2,homeReducer
DA:17,2
DA:22,2
DA:26,1
DA:28,1
LF:4
LH:4
BRDA:21,0,0,1
BRDA:22,1,0,1
BRDA:22,1,1,1
BRF:3
BRH:3
end_of_record
TN:
SF:/Users/seunghunlee/Clients/Seunghun/simplesurance/app/containers/HomePage/saga.js
FN:15,getRepos
FN:32,githubData
FNF:2
FNH:2
FNDA:2,getRepos
FNDA:1,githubData
DA:17,2
DA:18,2
DA:20,2
DA:22,2
DA:23,1
DA:25,1
DA:37,1
LF:7
LH:7
BRF:0
BRH:0
end_of_record
TN:
SF:/Users/seunghunlee/Clients/Seunghun/simplesurance/app/containers/HomePage/selectors.js
FN:7,(anonymous_0)
FN:9,(anonymous_1)
FN:11,(anonymous_2)
FNF:3
FNH:3
FNDA:2,(anonymous_0)
FNDA:4,(anonymous_1)
FNDA:1,(anonymous_2)
DA:7,3
DA:9,4
DA:11,1
LF:3
LH:3
BRF:0
BRH:0
end_of_record
TN:
SF:/Users/seunghunlee/Clients/Seunghun/simplesurance/app/containers/HomePage/showResults.js
FN:1,(anonymous_0)
FN:1,(anonymous_1)
FN:3,showResults
FNF:3
FNH:0
FNDA:0,(anonymous_0)
FNDA:0,(anonymous_1)
FNDA:0,showResults
DA:1,1
DA:4,0
DA:5,0
LF:3
LH:1
BRF:0
BRH:0
end_of_record
TN:
SF:/Users/seunghunlee/Clients/Seunghun/simplesurance/app/containers/LanguageProvider/actions.js
FN:11,changeLocale
FNF:1
FNH:1
FNDA:3,changeLocale
DA:12,3
LF:1
LH:1
BRF:0
BRH:0
end_of_record
TN:
SF:/Users/seunghunlee/Clients/Seunghun/simplesurance/app/containers/LanguageProvider/constants.js
FNF:0
FNH:0
DA:7,18
LF:1
LH:1
BRF:0
BRH:0
end_of_record
TN:
SF:/Users/seunghunlee/Clients/Seunghun/simplesurance/app/containers/LanguageProvider/index.js
FN:18,(anonymous_0)
FN:35,(anonymous_1)
FNF:2
FNH:2
FNDA:3,(anonymous_0)
FNDA:2,(anonymous_1)
DA:19,3
DA:27,2
DA:33,2
DA:35,2
LF:4
LH:4
BRF:0
BRH:0
end_of_record
TN:
SF:/Users/seunghunlee/Clients/Seunghun/simplesurance/app/containers/LanguageProvider/reducer.js
FN:18,languageProviderReducer
FNF:1
FNH:1
FNDA:273,languageProviderReducer
DA:14,14
DA:19,273
DA:21,1
DA:23,272
LF:4
LH:4
BRDA:18,0,0,253
BRDA:19,1,0,1
BRDA:19,1,1,272
BRF:3
BRH:3
end_of_record
TN:
SF:/Users/seunghunlee/Clients/Seunghun/simplesurance/app/containers/LanguageProvider/selectors.js
FN:6,(anonymous_0)
FN:12,(anonymous_1)
FN:14,(anonymous_2)
FNF:3
FNH:3
FNDA:4,(anonymous_0)
FNDA:7,(anonymous_1)
FNDA:3,(anonymous_2)
DA:6,7
DA:12,7
DA:14,3
LF:3
LH:3
BRF:0
BRH:0
end_of_record
TN:
SF:/Users/seunghunlee/Clients/Seunghun/simplesurance/app/containers/LocaleToggle/Wrapper.js
FNF:0
FNH:0
DA:3,6
LF:1
LH:1
BRF:0
BRH:0
end_of_record
TN:
SF:/Users/seunghunlee/Clients/Seunghun/simplesurance/app/containers/LocaleToggle/index.js
FN:20,(anonymous_0)
FN:36,(anonymous_1)
FN:39,mapDispatchToProps
FN:41,(anonymous_3)
FNF:4
FNH:4
FNDA:1,(anonymous_0)
FNDA:1,(anonymous_1)
FNDA:3,mapDispatchToProps
FNDA:1,(anonymous_3)
DA:21,1
DA:29,5
DA:34,5
DA:36,1
DA:40,3
DA:41,1
LF:6
LH:6
BRF:0
BRH:0
end_of_record
TN:
SF:/Users/seunghunlee/Clients/Seunghun/simplesurance/app/containers/LocaleToggle/messages.js
FNF:0
FNH:0
LF:0
LH:0
BRF:0
BRH:0
end_of_record
TN:
SF:/Users/seunghunlee/Clients/Seunghun/simplesurance/app/containers/NotFoundPage/index.js
FN:13,NotFound
FNF:1
FNH:1
FNDA:1,NotFound
DA:14,1
LF:1
LH:1
BRF:0
BRH:0
end_of_record
TN:
SF:/Users/seunghunlee/Clients/Seunghun/simplesurance/app/containers/NotFoundPage/messages.js
FNF:0
FNH:0
LF:0
LH:0
BRF:0
BRH:0
end_of_record
TN:
SF:/Users/seunghunlee/Clients/Seunghun/simplesurance/app/containers/RepoListItem/IssueIcon.js
FNF:0
FNH:0
DA:5,3
LF:1
LH:1
BRF:0
BRH:0
end_of_record
TN:
SF:/Users/seunghunlee/Clients/Seunghun/simplesurance/app/containers/RepoListItem/IssueLink.js
FNF:0
FNH:0
DA:3,3
LF:1
LH:1
BRF:0
BRH:0
end_of_record
TN:
SF:/Users/seunghunlee/Clients/Seunghun/simplesurance/app/containers/RepoListItem/RepoLink.js
FNF:0
FNH:0
DA:3,3
LF:1
LH:1
BRF:0
BRH:0
end_of_record
TN:
SF:/Users/seunghunlee/Clients/Seunghun/simplesurance/app/containers/RepoListItem/Wrapper.js
FNF:0
FNH:0
DA:3,3
LF:1
LH:1
BRF:0
BRH:0
end_of_record
TN:
SF:/Users/seunghunlee/Clients/Seunghun/simplesurance/app/containers/RepoListItem/index.js
FN:21,(anonymous_0)
FNF:1
FNH:1
FNDA:6,(anonymous_0)
DA:22,6
DA:23,6
DA:27,6
DA:28,5
DA:33,6
DA:45,6
DA:51,2
LF:7
LH:7
BRDA:27,0,0,5
BRDA:27,0,1,1
BRF:2
BRH:2
end_of_record
TN:
SF:/Users/seunghunlee/Clients/Seunghun/simplesurance/app/utils/checkStore.js
FN:9,checkStore
FNF:1
FNH:1
FNDA:13,checkStore
DA:10,13
DA:19,13
LF:2
LH:2
BRF:0
BRH:0
end_of_record
TN:
SF:/Users/seunghunlee/Clients/Seunghun/simplesurance/app/utils/constants.js
FNF:0
FNH:0
DA:1,3
DA:2,3
DA:3,3
LF:3
LH:3
BRF:0
BRH:0
end_of_record
TN:
SF:/Users/seunghunlee/Clients/Seunghun/simplesurance/app/utils/injectReducer.js
FN:14,(anonymous_0)
FN:14,(anonymous_1)
FN:22,(anonymous_2)
FN:30,(anonymous_3)
FNF:4
FNH:4
FNDA:5,(anonymous_0)
FNDA:5,(anonymous_1)
FNDA:2,(anonymous_2)
FNDA:2,(anonymous_3)
DA:14,5
DA:23,2
DA:25,2
DA:31,2
DA:35,5
LF:5
LH:5
BRDA:20,0,0,5
BRDA:20,0,1,4
BRDA:20,0,2,1
BRF:3
BRH:3
end_of_record
TN:
SF:/Users/seunghunlee/Clients/Seunghun/simplesurance/app/utils/injectSaga.js
FN:18,(anonymous_0)
FN:18,(anonymous_1)
FN:26,(anonymous_2)
FN:32,(anonymous_3)
FN:40,(anonymous_4)
FNF:5
FNH:5
FNDA:6,(anonymous_0)
FNDA:6,(anonymous_1)
FNDA:3,(anonymous_2)
FNDA:1,(anonymous_3)
FNDA:3,(anonymous_4)
DA:18,6
DA:27,3
DA:29,3
DA:33,1
DA:35,1
DA:41,3
DA:45,6
LF:7
LH:7
BRDA:24,0,0,6
BRDA:24,0,1,5
BRDA:24,0,2,1
BRF:3
BRH:3
end_of_record
TN:
SF:/Users/seunghunlee/Clients/Seunghun/simplesurance/app/utils/reducerInjectors.js
FN:9,injectReducerFactory
FN:10,injectReducer
FN:26,getInjectors
FNF:3
FNH:3
FNDA:8,injectReducerFactory
FNDA:10,injectReducer
FNDA:2,getInjectors
DA:10,8
DA:11,10
DA:13,9
DA:19,6
DA:21,5
DA:22,5
DA:27,2
DA:29,1
LF:8
LH:8
BRDA:11,0,0,1
BRDA:11,0,1,9
BRDA:14,1,0,9
BRDA:14,1,1,7
BRDA:14,1,2,6
BRDA:19,2,0,1
BRDA:19,2,1,5
BRDA:19,3,0,6
BRDA:19,3,1,2
BRF:9
BRH:9
end_of_record
TN:
SF:/Users/seunghunlee/Clients/Seunghun/simplesurance/app/utils/request.js
FN:10,parseJSON
FN:24,checkStatus
FN:42,request
FNF:3
FNH:3
FNDA:2,parseJSON
FNDA:3,checkStatus
FNDA:3,request
DA:11,2
DA:12,1
DA:14,1
DA:25,3
DA:26,2
DA:29,1
DA:30,1
DA:31,1
DA:43,3
LF:9
LH:9
BRDA:11,0,0,1
BRDA:11,0,1,1
BRDA:11,1,0,2
BRDA:11,1,1,1
BRDA:25,2,0,2
BRDA:25,2,1,1
BRDA:25,3,0,3
BRDA:25,3,1,3
BRF:8
BRH:8
end_of_record
TN:
SF:/Users/seunghunlee/Clients/Seunghun/simplesurance/app/utils/sagaInjectors.js
FN:16,(anonymous_0)
FN:21,(anonymous_1)
FN:24,(anonymous_2)
FN:32,injectSagaFactory
FN:33,injectSaga
FN:59,ejectSagaFactory
FN:60,ejectSaga
FN:79,getInjectors
FNF:8
FNH:8
FNDA:36,(anonymous_0)
FNDA:24,(anonymous_1)
FNDA:24,(anonymous_2)
FNDA:21,injectSagaFactory
FNDA:27,injectSaga
FNDA:21,ejectSagaFactory
FNDA:11,ejectSaga
FNDA:2,getInjectors
DA:14,3
DA:16,36
DA:21,3
DA:22,24
DA:24,24
DA:26,24
DA:33,21
DA:34,27
DA:36,26
DA:37,26
DA:39,26
DA:40,24
DA:42,20
DA:44,20
DA:45,16
DA:47,16
DA:48,1
DA:49,1
DA:53,20
DA:54,15
DA:60,21
DA:61,11
DA:63,10
DA:65,8
DA:66,7
DA:67,7
DA:68,4
DA:70,4
DA:72,2
DA:80,2
DA:82,1
LF:31
LH:31
BRDA:17,0,0,36
BRDA:17,0,1,34
BRDA:24,1,0,24
BRDA:24,1,1,23
BRDA:33,2,0,1
BRDA:34,3,0,1
BRDA:34,3,1,26
BRDA:36,4,0,26
BRDA:36,4,1,10
BRDA:44,5,0,16
BRDA:44,5,1,4
BRDA:47,6,0,1
BRDA:47,6,1,15
BRDA:47,7,0,16
BRDA:47,7,1,5
BRDA:53,8,0,15
BRDA:53,8,1,5
BRDA:53,9,0,20
BRDA:53,9,1,5
BRDA:53,9,2,5
BRDA:53,9,3,2
BRDA:61,10,0,1
BRDA:61,10,1,10
BRDA:65,11,0,7
BRDA:65,11,1,1
BRDA:67,12,0,4
BRDA:67,12,1,3
BRDA:70,13,0,2
BRDA:70,13,1,2
BRF:29
BRH:29
end_of_record
